<?xml version="1.0" encoding="UTF-8"?>
<coverage generated="1734756042037" clover="3.2.0">
  <project timestamp="1734756042037" name="All files">
    <metrics statements="899" coveredstatements="803" conditionals="149" coveredconditionals="54" methods="197" coveredmethods="175" elements="1245" coveredelements="1032" complexity="0" loc="899" ncloc="899" packages="12" files="24" classes="24"/>
    <package name="auth">
      <metrics statements="137" coveredstatements="133" conditionals="32" coveredconditionals="22" methods="27" coveredmethods="27"/>
      <file name="authRepository.ts" path="/Users/nataliiatiukh/Projects/photogram/Photogram/src/auth/authRepository.ts">
        <metrics statements="114" coveredstatements="110" conditionals="32" coveredconditionals="22" methods="18" coveredmethods="18"/>
        <line num="3" count="5" type="stmt"/>
        <line num="4" count="5" type="stmt"/>
        <line num="5" count="5" type="stmt"/>
        <line num="6" count="5" type="stmt"/>
        <line num="9" count="5" type="stmt"/>
        <line num="10" count="70" type="stmt"/>
        <line num="13" count="98" type="stmt"/>
        <line num="14" count="98" type="stmt"/>
        <line num="15" count="98" type="stmt"/>
        <line num="16" count="98" type="cond" truecount="1" falsecount="0"/>
        <line num="17" count="1" type="stmt"/>
        <line num="19" count="97" type="stmt"/>
        <line num="20" count="97" type="cond" truecount="1" falsecount="0"/>
        <line num="21" count="5" type="stmt"/>
        <line num="23" count="92" type="stmt"/>
        <line num="24" count="90" type="stmt"/>
        <line num="25" count="89" type="stmt"/>
        <line num="29" count="101" type="stmt"/>
        <line num="30" count="101" type="stmt"/>
        <line num="31" count="101" type="stmt"/>
        <line num="33" count="101" type="cond" truecount="1" falsecount="0"/>
        <line num="37" count="1" type="stmt"/>
        <line num="40" count="101" type="stmt"/>
        <line num="44" count="92" type="stmt"/>
        <line num="45" count="92" type="stmt"/>
        <line num="46" count="92" type="stmt"/>
        <line num="50" count="92" type="stmt"/>
        <line num="51" count="92" type="stmt"/>
        <line num="55" count="90" type="stmt"/>
        <line num="59" count="90" type="stmt"/>
        <line num="69" count="90" type="stmt"/>
        <line num="73" count="93" type="stmt"/>
        <line num="74" count="93" type="stmt"/>
        <line num="75" count="93" type="stmt"/>
        <line num="79" count="97" type="stmt"/>
        <line num="83" count="97" type="stmt"/>
        <line num="84" count="97" type="stmt"/>
        <line num="88" count="97" type="cond" truecount="1" falsecount="0"/>
        <line num="89" count="92" type="stmt"/>
        <line num="93" count="90" type="stmt"/>
        <line num="94" count="90" type="stmt"/>
        <line num="98" count="90" type="stmt"/>
        <line num="102" count="90" type="stmt"/>
        <line num="107" count="90" type="stmt"/>
        <line num="116" count="180" type="stmt"/>
        <line num="121" count="180" type="stmt"/>
        <line num="122" count="180" type="stmt"/>
        <line num="123" count="180" type="stmt"/>
        <line num="127" count="43" type="stmt"/>
        <line num="128" count="43" type="stmt"/>
        <line num="129" count="43" type="stmt"/>
        <line num="133" count="2" type="stmt"/>
        <line num="137" count="2" type="stmt"/>
        <line num="138" count="2" type="stmt"/>
        <line num="142" count="2" type="cond" truecount="0" falsecount="1"/>
        <line num="144" count="2" type="stmt"/>
        <line num="145" count="2" type="cond" truecount="3" falsecount="1"/>
        <line num="146" count="2" type="cond" truecount="0" falsecount="1"/>
        <line num="147" count="0" type="stmt"/>
        <line num="150" count="2" type="stmt"/>
        <line num="151" count="2" type="cond" truecount="1" falsecount="0"/>
        <line num="152" count="1" type="stmt"/>
        <line num="156" count="5" type="cond" truecount="2" falsecount="1"/>
        <line num="157" count="0" type="stmt"/>
        <line num="159" count="5" type="stmt"/>
        <line num="160" count="5" type="stmt"/>
        <line num="164" count="1" type="stmt"/>
        <line num="169" count="1" type="stmt"/>
        <line num="170" count="1" type="stmt"/>
        <line num="171" count="1" type="stmt"/>
        <line num="172" count="1" type="cond" truecount="0" falsecount="1"/>
        <line num="173" count="1" type="stmt"/>
        <line num="181" count="3" type="stmt"/>
        <line num="185" count="3" type="stmt"/>
        <line num="186" count="3" type="stmt"/>
        <line num="191" count="3" type="cond" truecount="1" falsecount="0"/>
        <line num="192" count="1" type="stmt"/>
        <line num="195" count="2" type="cond" truecount="3" falsecount="1"/>
        <line num="197" count="2" type="cond" truecount="0" falsecount="1"/>
        <line num="198" count="0" type="stmt"/>
        <line num="201" count="2" type="stmt"/>
        <line num="205" count="2" type="cond" truecount="1" falsecount="0"/>
        <line num="206" count="1" type="stmt"/>
        <line num="209" count="1" type="stmt"/>
        <line num="210" count="1" type="stmt"/>
        <line num="215" count="1" type="stmt"/>
        <line num="216" count="1" type="stmt"/>
        <line num="220" count="1" type="stmt"/>
        <line num="221" count="1" type="cond" truecount="1" falsecount="0"/>
        <line num="222" count="0" type="stmt"/>
        <line num="226" count="1" type="stmt"/>
        <line num="227" count="1" type="stmt"/>
        <line num="228" count="1" type="cond" truecount="2" falsecount="1"/>
        <line num="229" count="1" type="stmt"/>
        <line num="233" count="1" type="stmt"/>
        <line num="237" count="1" type="stmt"/>
        <line num="238" count="1" type="stmt"/>
        <line num="239" count="1" type="stmt"/>
        <line num="240" count="1" type="cond" truecount="0" falsecount="1"/>
        <line num="241" count="1" type="stmt"/>
        <line num="245" count="1" type="stmt"/>
        <line num="249" count="1" type="stmt"/>
        <line num="250" count="1" type="stmt"/>
        <line num="251" count="1" type="stmt"/>
        <line num="252" count="1" type="cond" truecount="0" falsecount="1"/>
        <line num="253" count="1" type="stmt"/>
        <line num="257" count="7" type="stmt"/>
        <line num="262" count="7" type="stmt"/>
        <line num="263" count="7" type="stmt"/>
        <line num="267" count="7" type="stmt"/>
        <line num="268" count="7" type="cond" truecount="1" falsecount="0"/>
        <line num="269" count="2" type="stmt"/>
        <line num="272" count="5" type="stmt"/>
        <line num="278" count="5" type="stmt"/>
      </file>
      <file name="authService.ts" path="/Users/nataliiatiukh/Projects/photogram/Photogram/src/auth/authService.ts">
        <metrics statements="23" coveredstatements="23" conditionals="0" coveredconditionals="0" methods="9" coveredmethods="9"/>
        <line num="4" count="5" type="stmt"/>
        <line num="5" count="69" type="stmt"/>
        <line num="8" count="98" type="stmt"/>
        <line num="9" count="89" type="stmt"/>
        <line num="10" count="89" type="stmt"/>
        <line num="14" count="2" type="stmt"/>
        <line num="15" count="1" type="stmt"/>
        <line num="16" count="1" type="stmt"/>
        <line num="17" count="1" type="stmt"/>
        <line num="18" count="1" type="stmt"/>
        <line num="19" count="1" type="stmt"/>
        <line num="23" count="43" type="stmt"/>
        <line num="24" count="43" type="stmt"/>
        <line num="28" count="1" type="stmt"/>
        <line num="32" count="1" type="stmt"/>
        <line num="36" count="7" type="stmt"/>
        <line num="39" count="5" type="stmt"/>
        <line num="43" count="1" type="stmt"/>
        <line num="47" count="1" type="stmt"/>
        <line num="55" count="3" type="stmt"/>
        <line num="60" count="1" type="stmt"/>
        <line num="64" count="1" type="stmt"/>
        <line num="65" count="1" type="stmt"/>
      </file>
    </package>
    <package name="auth.entity">
      <metrics statements="4" coveredstatements="4" conditionals="0" coveredconditionals="0" methods="1" coveredmethods="1"/>
      <file name="authCredentialsEntity.ts" path="/Users/nataliiatiukh/Projects/photogram/Photogram/src/auth/entity/authCredentialsEntity.ts">
        <metrics statements="4" coveredstatements="4" conditionals="0" coveredconditionals="0" methods="1" coveredmethods="1"/>
        <line num="1" count="5" type="stmt"/>
        <line num="7" count="5" type="stmt"/>
        <line num="8" count="5" type="stmt"/>
        <line num="9" count="5" type="stmt"/>
      </file>
    </package>
    <package name="auth.inputs">
      <metrics statements="6" coveredstatements="6" conditionals="0" coveredconditionals="0" methods="1" coveredmethods="1"/>
      <file name="signUpUserInput.ts" path="/Users/nataliiatiukh/Projects/photogram/Photogram/src/auth/inputs/signUpUserInput.ts">
        <metrics statements="6" coveredstatements="6" conditionals="0" coveredconditionals="0" methods="1" coveredmethods="1"/>
        <line num="1" count="5" type="stmt"/>
        <line num="9" count="111" type="stmt"/>
        <line num="10" count="111" type="stmt"/>
        <line num="11" count="111" type="stmt"/>
        <line num="12" count="111" type="stmt"/>
        <line num="13" count="111" type="stmt"/>
      </file>
    </package>
    <package name="chats">
      <metrics statements="174" coveredstatements="172" conditionals="21" coveredconditionals="7" methods="42" coveredmethods="42"/>
      <file name="chatsRepository.ts" path="/Users/nataliiatiukh/Projects/photogram/Photogram/src/chats/chatsRepository.ts">
        <metrics statements="146" coveredstatements="144" conditionals="21" coveredconditionals="7" methods="28" coveredmethods="28"/>
        <line num="2" count="2" type="stmt"/>
        <line num="10" count="2" type="stmt"/>
        <line num="11" count="2" type="stmt"/>
        <line num="12" count="2" type="stmt"/>
        <line num="14" count="2" type="stmt"/>
        <line num="15" count="25" type="stmt"/>
        <line num="18" count="5" type="stmt"/>
        <line num="19" count="5" type="stmt"/>
        <line num="20" count="5" type="stmt"/>
        <line num="25" count="5" type="stmt"/>
        <line num="29" count="5" type="cond" truecount="0" falsecount="1"/>
        <line num="30" count="0" type="stmt"/>
        <line num="31" count="5" type="stmt"/>
        <line num="33" count="5" type="stmt"/>
        <line num="34" count="5" type="stmt"/>
        <line num="35" count="5" type="cond" truecount="0" falsecount="1"/>
        <line num="36" count="5" type="stmt"/>
        <line num="40" count="6" type="stmt"/>
        <line num="45" count="6" type="stmt"/>
        <line num="46" count="6" type="stmt"/>
        <line num="50" count="6" type="cond" truecount="1" falsecount="0"/>
        <line num="51" count="1" type="stmt"/>
        <line num="55" count="2" type="stmt"/>
        <line num="60" count="2" type="stmt"/>
        <line num="62" count="2" type="stmt"/>
        <line num="66" count="2" type="cond" truecount="0" falsecount="1"/>
        <line num="68" count="2" type="stmt"/>
        <line num="70" count="2" type="stmt"/>
        <line num="79" count="2" type="stmt"/>
        <line num="83" count="19" type="stmt"/>
        <line num="84" count="19" type="stmt"/>
        <line num="85" count="19" type="stmt"/>
        <line num="89" count="19" type="stmt"/>
        <line num="90" count="19" type="stmt"/>
        <line num="91" count="19" type="stmt"/>
        <line num="92" count="19" type="stmt"/>
        <line num="93" count="19" type="cond" truecount="0" falsecount="1"/>
        <line num="94" count="19" type="stmt"/>
        <line num="98" count="22" type="stmt"/>
        <line num="103" count="22" type="stmt"/>
        <line num="104" count="22" type="stmt"/>
        <line num="108" count="22" type="cond" truecount="0" falsecount="1"/>
        <line num="110" count="24" type="stmt"/>
        <line num="111" count="22" type="stmt"/>
        <line num="114" count="24" type="stmt"/>
        <line num="117" count="22" type="stmt"/>
        <line num="121" count="22" type="stmt"/>
        <line num="123" count="24" type="stmt"/>
        <line num="132" count="22" type="stmt"/>
        <line num="140" count="32" type="stmt"/>
        <line num="144" count="32" type="stmt"/>
        <line num="145" count="32" type="stmt"/>
        <line num="149" count="32" type="cond" truecount="1" falsecount="0"/>
        <line num="150" count="1" type="stmt"/>
        <line num="151" count="31" type="stmt"/>
        <line num="152" count="31" type="stmt"/>
        <line num="153" count="31" type="cond" truecount="0" falsecount="1"/>
        <line num="154" count="31" type="stmt"/>
        <line num="158" count="34" type="stmt"/>
        <line num="163" count="34" type="stmt"/>
        <line num="164" count="34" type="stmt"/>
        <line num="167" count="34" type="cond" truecount="1" falsecount="0"/>
        <line num="168" count="2" type="stmt"/>
        <line num="172" count="7" type="stmt"/>
        <line num="177" count="7" type="stmt"/>
        <line num="178" count="7" type="stmt"/>
        <line num="181" count="7" type="cond" truecount="0" falsecount="1"/>
        <line num="182" count="0" type="stmt"/>
        <line num="184" count="7" type="stmt"/>
        <line num="192" count="2" type="stmt"/>
        <line num="196" count="2" type="stmt"/>
        <line num="197" count="2" type="stmt"/>
        <line num="201" count="2" type="cond" truecount="1" falsecount="0"/>
        <line num="202" count="1" type="stmt"/>
        <line num="203" count="1" type="stmt"/>
        <line num="204" count="1" type="stmt"/>
        <line num="205" count="1" type="cond" truecount="0" falsecount="1"/>
        <line num="206" count="1" type="stmt"/>
        <line num="210" count="4" type="stmt"/>
        <line num="214" count="4" type="stmt"/>
        <line num="216" count="4" type="stmt"/>
        <line num="220" count="4" type="cond" truecount="1" falsecount="0"/>
        <line num="221" count="2" type="stmt"/>
        <line num="223" count="2" type="stmt"/>
        <line num="224" count="2" type="stmt"/>
        <line num="225" count="2" type="cond" truecount="0" falsecount="1"/>
        <line num="226" count="2" type="stmt"/>
        <line num="230" count="4" type="stmt"/>
        <line num="235" count="4" type="stmt"/>
        <line num="236" count="4" type="stmt"/>
        <line num="240" count="4" type="cond" truecount="1" falsecount="0"/>
        <line num="241" count="2" type="stmt"/>
        <line num="245" count="1" type="stmt"/>
        <line num="250" count="1" type="stmt"/>
        <line num="251" count="1" type="stmt"/>
        <line num="252" count="1" type="stmt"/>
        <line num="253" count="1" type="cond" truecount="0" falsecount="1"/>
        <line num="254" count="1" type="stmt"/>
        <line num="258" count="4" type="stmt"/>
        <line num="263" count="4" type="stmt"/>
        <line num="264" count="4" type="stmt"/>
        <line num="265" count="4" type="stmt"/>
        <line num="266" count="4" type="cond" truecount="0" falsecount="1"/>
        <line num="267" count="4" type="stmt"/>
        <line num="271" count="1" type="stmt"/>
        <line num="276" count="1" type="stmt"/>
        <line num="277" count="1" type="stmt"/>
        <line num="278" count="1" type="stmt"/>
        <line num="279" count="1" type="cond" truecount="0" falsecount="1"/>
        <line num="280" count="1" type="stmt"/>
        <line num="284" count="10" type="stmt"/>
        <line num="285" count="10" type="stmt"/>
        <line num="286" count="10" type="stmt"/>
        <line num="287" count="10" type="cond" truecount="1" falsecount="0"/>
        <line num="288" count="1" type="stmt"/>
        <line num="290" count="9" type="stmt"/>
        <line num="292" count="9" type="stmt"/>
        <line num="295" count="13" type="stmt"/>
        <line num="297" count="9" type="stmt"/>
        <line num="301" count="9" type="stmt"/>
        <line num="303" count="13" type="stmt"/>
        <line num="314" count="9" type="stmt"/>
        <line num="315" count="9" type="stmt"/>
        <line num="319" count="10" type="stmt"/>
        <line num="324" count="10" type="stmt"/>
        <line num="325" count="10" type="stmt"/>
        <line num="329" count="10" type="stmt"/>
        <line num="330" count="10" type="stmt"/>
        <line num="334" count="10" type="stmt"/>
        <line num="339" count="10" type="stmt"/>
        <line num="340" count="10" type="stmt"/>
        <line num="344" count="10" type="stmt"/>
        <line num="345" count="10" type="stmt"/>
        <line num="349" count="1" type="stmt"/>
        <line num="353" count="1" type="stmt"/>
        <line num="354" count="1" type="stmt"/>
        <line num="355" count="1" type="stmt"/>
        <line num="356" count="1" type="stmt"/>
        <line num="357" count="1" type="cond" truecount="0" falsecount="1"/>
        <line num="358" count="1" type="stmt"/>
        <line num="362" count="1" type="stmt"/>
        <line num="366" count="1" type="stmt"/>
        <line num="367" count="1" type="stmt"/>
        <line num="368" count="1" type="stmt"/>
        <line num="369" count="1" type="cond" truecount="0" falsecount="1"/>
        <line num="370" count="1" type="stmt"/>
      </file>
      <file name="chatsService.ts" path="/Users/nataliiatiukh/Projects/photogram/Photogram/src/chats/chatsService.ts">
        <metrics statements="28" coveredstatements="28" conditionals="0" coveredconditionals="0" methods="14" coveredmethods="14"/>
        <line num="3" count="2" type="stmt"/>
        <line num="4" count="24" type="stmt"/>
        <line num="7" count="5" type="stmt"/>
        <line num="11" count="5" type="stmt"/>
        <line num="15" count="2" type="stmt"/>
        <line num="16" count="2" type="stmt"/>
        <line num="20" count="19" type="stmt"/>
        <line num="24" count="19" type="stmt"/>
        <line num="28" count="22" type="stmt"/>
        <line num="29" count="22" type="stmt"/>
        <line num="37" count="13" type="stmt"/>
        <line num="42" count="12" type="stmt"/>
        <line num="46" count="7" type="stmt"/>
        <line num="49" count="7" type="stmt"/>
        <line num="58" count="2" type="stmt"/>
        <line num="63" count="1" type="stmt"/>
        <line num="67" count="4" type="stmt"/>
        <line num="71" count="2" type="stmt"/>
        <line num="75" count="1" type="stmt"/>
        <line num="80" count="1" type="stmt"/>
        <line num="84" count="4" type="stmt"/>
        <line num="89" count="4" type="stmt"/>
        <line num="93" count="1" type="stmt"/>
        <line num="97" count="1" type="stmt"/>
        <line num="101" count="10" type="stmt"/>
        <line num="102" count="9" type="stmt"/>
        <line num="107" count="1" type="stmt"/>
        <line num="108" count="1" type="stmt"/>
      </file>
    </package>
    <package name="chats.entities">
      <metrics statements="17" coveredstatements="17" conditionals="0" coveredconditionals="0" methods="3" coveredmethods="3"/>
      <file name="chatEntity.ts" path="/Users/nataliiatiukh/Projects/photogram/Photogram/src/chats/entities/chatEntity.ts">
        <metrics statements="9" coveredstatements="9" conditionals="0" coveredconditionals="0" methods="1" coveredmethods="1"/>
        <line num="1" count="2" type="stmt"/>
        <line num="21" count="13" type="stmt"/>
        <line num="22" count="13" type="stmt"/>
        <line num="23" count="13" type="stmt"/>
        <line num="24" count="13" type="stmt"/>
        <line num="25" count="13" type="stmt"/>
        <line num="26" count="13" type="stmt"/>
        <line num="27" count="13" type="stmt"/>
        <line num="28" count="13" type="stmt"/>
      </file>
      <file name="groupChatEntity.ts" path="/Users/nataliiatiukh/Projects/photogram/Photogram/src/chats/entities/groupChatEntity.ts">
        <metrics statements="2" coveredstatements="2" conditionals="0" coveredconditionals="0" methods="1" coveredmethods="1"/>
        <line num="1" count="2" type="stmt"/>
        <line num="17" count="24" type="stmt"/>
      </file>
      <file name="oneToOneChatEntity.ts" path="/Users/nataliiatiukh/Projects/photogram/Photogram/src/chats/entities/oneToOneChatEntity.ts">
        <metrics statements="6" coveredstatements="6" conditionals="0" coveredconditionals="0" methods="1" coveredmethods="1"/>
        <line num="1" count="2" type="stmt"/>
        <line num="15" count="2" type="stmt"/>
        <line num="16" count="2" type="stmt"/>
        <line num="17" count="2" type="stmt"/>
        <line num="18" count="2" type="stmt"/>
        <line num="19" count="2" type="stmt"/>
      </file>
    </package>
    <package name="common">
      <metrics statements="2" coveredstatements="2" conditionals="0" coveredconditionals="0" methods="0" coveredmethods="0"/>
      <file name="connection.ts" path="/Users/nataliiatiukh/Projects/photogram/Photogram/src/common/connection.ts">
        <metrics statements="2" coveredstatements="2" conditionals="0" coveredconditionals="0" methods="0" coveredmethods="0"/>
        <line num="1" count="5" type="stmt"/>
        <line num="3" count="5" type="stmt"/>
      </file>
    </package>
    <package name="messages">
      <metrics statements="65" coveredstatements="48" conditionals="11" coveredconditionals="7" methods="14" coveredmethods="10"/>
      <file name="messagesRepository.ts" path="/Users/nataliiatiukh/Projects/photogram/Photogram/src/messages/messagesRepository.ts">
        <metrics statements="55" coveredstatements="42" conditionals="11" coveredconditionals="7" methods="9" coveredmethods="7"/>
        <line num="2" count="1" type="stmt"/>
        <line num="9" count="1" type="stmt"/>
        <line num="11" count="1" type="stmt"/>
        <line num="12" count="6" type="stmt"/>
        <line num="15" count="6" type="stmt"/>
        <line num="16" count="6" type="stmt"/>
        <line num="17" count="6" type="stmt"/>
        <line num="18" count="6" type="stmt"/>
        <line num="22" count="6" type="stmt"/>
        <line num="33" count="6" type="stmt"/>
        <line num="34" count="6" type="cond" truecount="1" falsecount="0"/>
        <line num="35" count="1" type="stmt"/>
        <line num="37" count="5" type="stmt"/>
        <line num="38" count="5" type="stmt"/>
        <line num="39" count="5" type="cond" truecount="0" falsecount="1"/>
        <line num="40" count="5" type="stmt"/>
        <line num="44" count="6" type="stmt"/>
        <line num="49" count="6" type="stmt"/>
        <line num="50" count="6" type="stmt"/>
        <line num="54" count="6" type="cond" truecount="1" falsecount="0"/>
        <line num="55" count="5" type="stmt"/>
        <line num="59" count="5" type="stmt"/>
        <line num="64" count="5" type="stmt"/>
        <line num="66" count="5" type="stmt"/>
        <line num="68" count="5" type="stmt"/>
        <line num="70" count="5" type="cond" truecount="3" falsecount="0"/>
        <line num="71" count="3" type="stmt"/>
        <line num="72" count="2" type="stmt"/>
        <line num="76" count="2" type="cond" truecount="0" falsecount="1"/>
        <line num="77" count="0" type="stmt"/>
        <line num="79" count="2" type="stmt"/>
        <line num="81" count="2" type="stmt"/>
        <line num="95" count="2" type="stmt"/>
        <line num="99" count="5" type="stmt"/>
        <line num="104" count="5" type="stmt"/>
        <line num="105" count="5" type="stmt"/>
        <line num="108" count="5" type="cond" truecount="1" falsecount="0"/>
        <line num="109" count="1" type="stmt"/>
        <line num="113" count="5" type="stmt"/>
        <line num="118" count="5" type="stmt"/>
        <line num="119" count="5" type="stmt"/>
        <line num="122" count="5" type="cond" truecount="1" falsecount="0"/>
        <line num="123" count="1" type="stmt"/>
        <line num="127" count="0" type="stmt"/>
        <line num="131" count="0" type="stmt"/>
        <line num="132" count="0" type="stmt"/>
        <line num="133" count="0" type="stmt"/>
        <line num="134" count="0" type="cond" truecount="0" falsecount="1"/>
        <line num="135" count="0" type="stmt"/>
        <line num="139" count="0" type="stmt"/>
        <line num="144" count="0" type="stmt"/>
        <line num="145" count="0" type="stmt"/>
        <line num="146" count="0" type="stmt"/>
        <line num="147" count="0" type="cond" truecount="0" falsecount="1"/>
        <line num="148" count="0" type="stmt"/>
      </file>
      <file name="messagesService.ts" path="/Users/nataliiatiukh/Projects/photogram/Photogram/src/messages/messagesService.ts">
        <metrics statements="10" coveredstatements="6" conditionals="0" coveredconditionals="0" methods="5" coveredmethods="3"/>
        <line num="3" count="1" type="stmt"/>
        <line num="4" count="6" type="stmt"/>
        <line num="7" count="6" type="stmt"/>
        <line num="12" count="5" type="stmt"/>
        <line num="16" count="5" type="stmt"/>
        <line num="20" count="2" type="stmt"/>
        <line num="24" count="0" type="stmt"/>
        <line num="28" count="0" type="stmt"/>
        <line num="32" count="0" type="stmt"/>
        <line num="33" count="0" type="stmt"/>
      </file>
    </package>
    <package name="messages.entities">
      <metrics statements="11" coveredstatements="11" conditionals="0" coveredconditionals="0" methods="1" coveredmethods="1"/>
      <file name="allMessagesEntity.ts" path="/Users/nataliiatiukh/Projects/photogram/Photogram/src/messages/entities/allMessagesEntity.ts">
        <metrics statements="11" coveredstatements="11" conditionals="0" coveredconditionals="0" methods="1" coveredmethods="1"/>
        <line num="1" count="1" type="stmt"/>
        <line num="25" count="2" type="stmt"/>
        <line num="26" count="2" type="stmt"/>
        <line num="27" count="2" type="stmt"/>
        <line num="28" count="2" type="stmt"/>
        <line num="29" count="2" type="stmt"/>
        <line num="30" count="2" type="stmt"/>
        <line num="31" count="2" type="stmt"/>
        <line num="32" count="2" type="stmt"/>
        <line num="33" count="2" type="stmt"/>
        <line num="34" count="2" type="stmt"/>
      </file>
    </package>
    <package name="photos">
      <metrics statements="286" coveredstatements="282" conditionals="58" coveredconditionals="14" methods="63" coveredmethods="63"/>
      <file name="photosRepository.ts" path="/Users/nataliiatiukh/Projects/photogram/Photogram/src/photos/photosRepository.ts">
        <metrics statements="237" coveredstatements="233" conditionals="56" coveredconditionals="12" methods="41" coveredmethods="41"/>
        <line num="2" count="1" type="stmt"/>
        <line num="3" count="1" type="stmt"/>
        <line num="4" count="1" type="stmt"/>
        <line num="5" count="1" type="stmt"/>
        <line num="16" count="1" type="stmt"/>
        <line num="18" count="1" type="stmt"/>
        <line num="19" count="18" type="stmt"/>
        <line num="22" count="34" type="stmt"/>
        <line num="23" count="34" type="stmt"/>
        <line num="28" count="34" type="stmt"/>
        <line num="41" count="34" type="stmt"/>
        <line num="42" count="34" type="stmt"/>
        <line num="43" count="34" type="cond" truecount="0" falsecount="1"/>
        <line num="44" count="34" type="stmt"/>
        <line num="48" count="34" type="stmt"/>
        <line num="53" count="34" type="stmt"/>
        <line num="54" count="34" type="stmt"/>
        <line num="55" count="34" type="stmt"/>
        <line num="56" count="34" type="cond" truecount="1" falsecount="0"/>
        <line num="57" count="30" type="stmt"/>
        <line num="62" count="14" type="stmt"/>
        <line num="67" count="14" type="stmt"/>
        <line num="68" count="14" type="stmt"/>
        <line num="72" count="14" type="cond" truecount="0" falsecount="1"/>
        <line num="73" count="0" type="stmt"/>
        <line num="76" count="14" type="stmt"/>
        <line num="78" count="24" type="stmt"/>
        <line num="93" count="14" type="stmt"/>
        <line num="101" count="1" type="stmt"/>
        <line num="106" count="1" type="stmt"/>
        <line num="107" count="1" type="stmt"/>
        <line num="108" count="1" type="stmt"/>
        <line num="109" count="1" type="cond" truecount="0" falsecount="1"/>
        <line num="110" count="1" type="stmt"/>
        <line num="114" count="7" type="stmt"/>
        <line num="119" count="7" type="stmt"/>
        <line num="120" count="7" type="stmt"/>
        <line num="121" count="7" type="cond" truecount="0" falsecount="1"/>
        <line num="122" count="7" type="stmt"/>
        <line num="123" count="7" type="stmt"/>
        <line num="124" count="7" type="cond" truecount="0" falsecount="1"/>
        <line num="125" count="7" type="stmt"/>
        <line num="129" count="1" type="stmt"/>
        <line num="134" count="1" type="stmt"/>
        <line num="135" count="1" type="stmt"/>
        <line num="136" count="1" type="cond" truecount="0" falsecount="1"/>
        <line num="137" count="1" type="stmt"/>
        <line num="138" count="1" type="stmt"/>
        <line num="139" count="1" type="cond" truecount="0" falsecount="1"/>
        <line num="140" count="1" type="stmt"/>
        <line num="144" count="8" type="stmt"/>
        <line num="148" count="8" type="stmt"/>
        <line num="149" count="8" type="stmt"/>
        <line num="153" count="8" type="cond" truecount="0" falsecount="1"/>
        <line num="154" count="8" type="cond" truecount="3" falsecount="1"/>
        <line num="158" count="8" type="stmt"/>
        <line num="163" count="8" type="stmt"/>
        <line num="165" count="8" type="stmt"/>
        <line num="169" count="8" type="cond" truecount="0" falsecount="1"/>
        <line num="170" count="8" type="stmt"/>
        <line num="171" count="8" type="cond" truecount="0" falsecount="1"/>
        <line num="173" count="8" type="stmt"/>
        <line num="174" count="8" type="stmt"/>
        <line num="175" count="8" type="cond" truecount="0" falsecount="1"/>
        <line num="176" count="8" type="stmt"/>
        <line num="180" count="8" type="stmt"/>
        <line num="181" count="8" type="stmt"/>
        <line num="185" count="8" type="stmt"/>
        <line num="186" count="8" type="stmt"/>
        <line num="187" count="8" type="stmt"/>
        <line num="188" count="8" type="cond" truecount="0" falsecount="1"/>
        <line num="189" count="8" type="stmt"/>
        <line num="193" count="9" type="stmt"/>
        <line num="198" count="9" type="stmt"/>
        <line num="199" count="9" type="stmt"/>
        <line num="203" count="9" type="cond" truecount="1" falsecount="0"/>
        <line num="204" count="1" type="stmt"/>
        <line num="208" count="1" type="stmt"/>
        <line num="213" count="1" type="stmt"/>
        <line num="215" count="1" type="stmt"/>
        <line num="219" count="1" type="cond" truecount="0" falsecount="1"/>
        <line num="220" count="1" type="stmt"/>
        <line num="224" count="1" type="cond" truecount="0" falsecount="1"/>
        <line num="226" count="1" type="stmt"/>
        <line num="227" count="1" type="stmt"/>
        <line num="228" count="1" type="cond" truecount="0" falsecount="1"/>
        <line num="229" count="1" type="stmt"/>
        <line num="233" count="1" type="stmt"/>
        <line num="237" count="1" type="stmt"/>
        <line num="238" count="1" type="stmt"/>
        <line num="239" count="1" type="stmt"/>
        <line num="240" count="1" type="cond" truecount="0" falsecount="1"/>
        <line num="241" count="1" type="stmt"/>
        <line num="245" count="2" type="stmt"/>
        <line num="250" count="2" type="stmt"/>
        <line num="251" count="2" type="stmt"/>
        <line num="255" count="2" type="cond" truecount="0" falsecount="1"/>
        <line num="256" count="0" type="stmt"/>
        <line num="259" count="2" type="stmt"/>
        <line num="261" count="4" type="stmt"/>
        <line num="263" count="2" type="stmt"/>
        <line num="267" count="4" type="stmt"/>
        <line num="272" count="4" type="stmt"/>
        <line num="274" count="4" type="stmt"/>
        <line num="275" count="4" type="cond" truecount="0" falsecount="1"/>
        <line num="276" count="4" type="stmt"/>
        <line num="277" count="4" type="cond" truecount="0" falsecount="1"/>
        <line num="279" count="4" type="stmt"/>
        <line num="280" count="4" type="stmt"/>
        <line num="281" count="4" type="cond" truecount="0" falsecount="1"/>
        <line num="282" count="4" type="stmt"/>
        <line num="286" count="4" type="stmt"/>
        <line num="287" count="4" type="stmt"/>
        <line num="289" count="4" type="stmt"/>
        <line num="293" count="4" type="stmt"/>
        <line num="294" count="4" type="stmt"/>
        <line num="295" count="4" type="stmt"/>
        <line num="296" count="4" type="cond" truecount="0" falsecount="1"/>
        <line num="297" count="4" type="stmt"/>
        <line num="301" count="4" type="stmt"/>
        <line num="305" count="4" type="stmt"/>
        <line num="306" count="4" type="stmt"/>
        <line num="310" count="4" type="cond" truecount="0" falsecount="1"/>
        <line num="311" count="4" type="stmt"/>
        <line num="315" count="1" type="stmt"/>
        <line num="320" count="1" type="stmt"/>
        <line num="322" count="1" type="stmt"/>
        <line num="323" count="1" type="cond" truecount="0" falsecount="1"/>
        <line num="325" count="1" type="stmt"/>
        <line num="326" count="1" type="stmt"/>
        <line num="327" count="1" type="cond" truecount="0" falsecount="1"/>
        <line num="328" count="1" type="stmt"/>
        <line num="332" count="1" type="stmt"/>
        <line num="336" count="1" type="stmt"/>
        <line num="337" count="1" type="stmt"/>
        <line num="338" count="1" type="stmt"/>
        <line num="339" count="1" type="cond" truecount="0" falsecount="1"/>
        <line num="340" count="1" type="stmt"/>
        <line num="344" count="2" type="stmt"/>
        <line num="349" count="2" type="stmt"/>
        <line num="350" count="2" type="stmt"/>
        <line num="354" count="2" type="cond" truecount="0" falsecount="1"/>
        <line num="355" count="0" type="stmt"/>
        <line num="358" count="2" type="stmt"/>
        <line num="359" count="3" type="stmt"/>
        <line num="361" count="2" type="stmt"/>
        <line num="369" count="6" type="stmt"/>
        <line num="374" count="6" type="stmt"/>
        <line num="376" count="6" type="stmt"/>
        <line num="380" count="6" type="cond" truecount="0" falsecount="1"/>
        <line num="381" count="6" type="stmt"/>
        <line num="382" count="6" type="cond" truecount="0" falsecount="1"/>
        <line num="384" count="6" type="stmt"/>
        <line num="385" count="6" type="stmt"/>
        <line num="386" count="6" type="cond" truecount="0" falsecount="1"/>
        <line num="387" count="6" type="stmt"/>
        <line num="391" count="6" type="stmt"/>
        <line num="395" count="6" type="stmt"/>
        <line num="396" count="6" type="stmt"/>
        <line num="397" count="6" type="stmt"/>
        <line num="398" count="6" type="cond" truecount="0" falsecount="1"/>
        <line num="399" count="6" type="stmt"/>
        <line num="403" count="2" type="stmt"/>
        <line num="407" count="2" type="stmt"/>
        <line num="408" count="2" type="stmt"/>
        <line num="412" count="2" type="cond" truecount="0" falsecount="1"/>
        <line num="413" count="0" type="stmt"/>
        <line num="416" count="2" type="stmt"/>
        <line num="417" count="3" type="stmt"/>
        <line num="419" count="2" type="stmt"/>
        <line num="423" count="9" type="stmt"/>
        <line num="428" count="9" type="stmt"/>
        <line num="429" count="9" type="stmt"/>
        <line num="433" count="9" type="cond" truecount="1" falsecount="0"/>
        <line num="434" count="3" type="stmt"/>
        <line num="438" count="3" type="stmt"/>
        <line num="442" count="3" type="stmt"/>
        <line num="443" count="3" type="stmt"/>
        <line num="447" count="3" type="cond" truecount="0" falsecount="1"/>
        <line num="448" count="3" type="stmt"/>
        <line num="449" count="3" type="stmt"/>
        <line num="450" count="3" type="cond" truecount="0" falsecount="1"/>
        <line num="451" count="3" type="stmt"/>
        <line num="455" count="3" type="stmt"/>
        <line num="459" count="3" type="stmt"/>
        <line num="460" count="3" type="stmt"/>
        <line num="464" count="3" type="stmt"/>
        <line num="468" count="1" type="stmt"/>
        <line num="473" count="1" type="stmt"/>
        <line num="474" count="1" type="stmt"/>
        <line num="475" count="1" type="stmt"/>
        <line num="476" count="1" type="cond" truecount="0" falsecount="1"/>
        <line num="477" count="1" type="stmt"/>
        <line num="481" count="1" type="stmt"/>
        <line num="485" count="1" type="stmt"/>
        <line num="486" count="1" type="stmt"/>
        <line num="487" count="1" type="stmt"/>
        <line num="488" count="1" type="cond" truecount="0" falsecount="1"/>
        <line num="489" count="1" type="stmt"/>
        <line num="494" count="1" type="stmt"/>
        <line num="499" count="1" type="stmt"/>
        <line num="500" count="1" type="cond" truecount="0" falsecount="1"/>
        <line num="502" count="1" type="stmt"/>
        <line num="504" count="2" type="stmt"/>
        <line num="518" count="1" type="stmt"/>
        <line num="522" count="1" type="stmt"/>
        <line num="527" count="1" type="stmt"/>
        <line num="528" count="1" type="stmt"/>
        <line num="532" count="1" type="cond" truecount="0" falsecount="1"/>
        <line num="534" count="1" type="stmt"/>
        <line num="536" count="2" type="stmt"/>
        <line num="550" count="1" type="stmt"/>
        <line num="554" count="1" type="stmt"/>
        <line num="559" count="1" type="stmt"/>
        <line num="560" count="1" type="stmt"/>
        <line num="564" count="1" type="cond" truecount="0" falsecount="1"/>
        <line num="566" count="1" type="stmt"/>
        <line num="568" count="2" type="stmt"/>
        <line num="582" count="1" type="stmt"/>
        <line num="586" count="1" type="stmt"/>
        <line num="591" count="1" type="stmt"/>
        <line num="593" count="1" type="stmt"/>
        <line num="597" count="1" type="cond" truecount="0" falsecount="1"/>
        <line num="599" count="1" type="cond" truecount="3" falsecount="1"/>
        <line num="600" count="1" type="stmt"/>
        <line num="604" count="2" type="stmt"/>
        <line num="609" count="2" type="stmt"/>
        <line num="611" count="2" type="stmt"/>
        <line num="612" count="2" type="stmt"/>
        <line num="613" count="2" type="cond" truecount="0" falsecount="1"/>
        <line num="614" count="2" type="stmt"/>
        <line num="618" count="1" type="stmt"/>
        <line num="623" count="1" type="stmt"/>
        <line num="625" count="1" type="stmt"/>
        <line num="629" count="1" type="cond" truecount="0" falsecount="1"/>
        <line num="631" count="1" type="cond" truecount="3" falsecount="1"/>
        <line num="632" count="1" type="stmt"/>
      </file>
      <file name="photosService.ts" path="/Users/nataliiatiukh/Projects/photogram/Photogram/src/photos/photosService.ts">
        <metrics statements="49" coveredstatements="49" conditionals="2" coveredconditionals="2" methods="22" coveredmethods="22"/>
        <line num="3" count="1" type="stmt"/>
        <line num="4" count="18" type="stmt"/>
        <line num="7" count="34" type="stmt"/>
        <line num="12" count="34" type="stmt"/>
        <line num="15" count="34" type="cond" truecount="1" falsecount="0"/>
        <line num="16" count="30" type="stmt"/>
        <line num="20" count="14" type="stmt"/>
        <line num="21" count="14" type="stmt"/>
        <line num="30" count="1" type="stmt"/>
        <line num="35" count="1" type="stmt"/>
        <line num="39" count="7" type="stmt"/>
        <line num="43" count="7" type="stmt"/>
        <line num="47" count="1" type="stmt"/>
        <line num="51" count="1" type="stmt"/>
        <line num="55" count="8" type="stmt"/>
        <line num="59" count="8" type="stmt"/>
        <line num="63" count="1" type="stmt"/>
        <line num="67" count="1" type="stmt"/>
        <line num="71" count="2" type="stmt"/>
        <line num="74" count="2" type="stmt"/>
        <line num="78" count="4" type="stmt"/>
        <line num="79" count="4" type="stmt"/>
        <line num="83" count="2" type="stmt"/>
        <line num="84" count="2" type="stmt"/>
        <line num="88" count="1" type="stmt"/>
        <line num="92" count="1" type="stmt"/>
        <line num="100" count="6" type="stmt"/>
        <line num="105" count="6" type="stmt"/>
        <line num="109" count="2" type="stmt"/>
        <line num="112" count="2" type="stmt"/>
        <line num="121" count="3" type="stmt"/>
        <line num="126" count="3" type="stmt"/>
        <line num="127" count="3" type="cond" truecount="1" falsecount="0"/>
        <line num="128" count="1" type="stmt"/>
        <line num="131" count="3" type="stmt"/>
        <line num="135" count="1" type="stmt"/>
        <line num="136" count="1" type="stmt"/>
        <line num="140" count="1" type="stmt"/>
        <line num="141" count="1" type="stmt"/>
        <line num="145" count="1" type="stmt"/>
        <line num="146" count="1" type="stmt"/>
        <line num="150" count="1" type="stmt"/>
        <line num="153" count="1" type="stmt"/>
        <line num="157" count="1" type="stmt"/>
        <line num="161" count="1" type="stmt"/>
        <line num="165" count="2" type="stmt"/>
        <line num="166" count="2" type="stmt"/>
        <line num="170" count="1" type="stmt"/>
        <line num="174" count="1" type="stmt"/>
      </file>
    </package>
    <package name="photos.entity">
      <metrics statements="19" coveredstatements="19" conditionals="0" coveredconditionals="0" methods="4" coveredmethods="4"/>
      <file name="markedUsersEntity.ts" path="/Users/nataliiatiukh/Projects/photogram/Photogram/src/photos/entity/markedUsersEntity.ts">
        <metrics statements="2" coveredstatements="2" conditionals="0" coveredconditionals="0" methods="1" coveredmethods="1"/>
        <line num="1" count="1" type="stmt"/>
        <line num="5" count="3" type="stmt"/>
      </file>
      <file name="photoLikeEntity.ts" path="/Users/nataliiatiukh/Projects/photogram/Photogram/src/photos/entity/photoLikeEntity.ts">
        <metrics statements="2" coveredstatements="2" conditionals="0" coveredconditionals="0" methods="1" coveredmethods="1"/>
        <line num="1" count="1" type="stmt"/>
        <line num="7" count="3" type="stmt"/>
      </file>
      <file name="savedContentEntity.ts" path="/Users/nataliiatiukh/Projects/photogram/Photogram/src/photos/entity/savedContentEntity.ts">
        <metrics statements="4" coveredstatements="4" conditionals="0" coveredconditionals="0" methods="1" coveredmethods="1"/>
        <line num="1" count="1" type="stmt"/>
        <line num="7" count="4" type="stmt"/>
        <line num="8" count="4" type="stmt"/>
        <line num="9" count="4" type="stmt"/>
      </file>
      <file name="userPhotoEntity.ts" path="/Users/nataliiatiukh/Projects/photogram/Photogram/src/photos/entity/userPhotoEntity.ts">
        <metrics statements="11" coveredstatements="11" conditionals="0" coveredconditionals="0" methods="1" coveredmethods="1"/>
        <line num="1" count="1" type="stmt"/>
        <line num="27" count="30" type="stmt"/>
        <line num="28" count="30" type="stmt"/>
        <line num="29" count="30" type="stmt"/>
        <line num="30" count="30" type="stmt"/>
        <line num="31" count="30" type="stmt"/>
        <line num="32" count="30" type="stmt"/>
        <line num="33" count="30" type="stmt"/>
        <line num="34" count="30" type="stmt"/>
        <line num="35" count="30" type="stmt"/>
        <line num="36" count="30" type="stmt"/>
      </file>
    </package>
    <package name="users">
      <metrics statements="164" coveredstatements="97" conditionals="27" coveredconditionals="4" methods="38" coveredmethods="22"/>
      <file name="usersRepository.ts" path="/Users/nataliiatiukh/Projects/photogram/Photogram/src/users/usersRepository.ts">
        <metrics statements="136" coveredstatements="79" conditionals="27" coveredconditionals="4" methods="24" coveredmethods="13"/>
        <line num="5" count="3" type="stmt"/>
        <line num="6" count="3" type="stmt"/>
        <line num="7" count="3" type="stmt"/>
        <line num="10" count="3" type="stmt"/>
        <line num="11" count="17" type="stmt"/>
        <line num="14" count="1" type="stmt"/>
        <line num="19" count="1" type="stmt"/>
        <line num="21" count="1" type="stmt"/>
        <line num="22" count="1" type="stmt"/>
        <line num="23" count="1" type="cond" truecount="0" falsecount="1"/>
        <line num="24" count="1" type="stmt"/>
        <line num="28" count="1" type="stmt"/>
        <line num="33" count="1" type="stmt"/>
        <line num="35" count="1" type="stmt"/>
        <line num="36" count="1" type="stmt"/>
        <line num="37" count="1" type="cond" truecount="0" falsecount="1"/>
        <line num="38" count="1" type="stmt"/>
        <line num="42" count="0" type="stmt"/>
        <line num="47" count="0" type="stmt"/>
        <line num="48" count="0" type="stmt"/>
        <line num="49" count="0" type="stmt"/>
        <line num="50" count="0" type="cond" truecount="0" falsecount="1"/>
        <line num="51" count="0" type="stmt"/>
        <line num="55" count="4" type="stmt"/>
        <line num="60" count="4" type="stmt"/>
        <line num="62" count="4" type="stmt"/>
        <line num="63" count="4" type="stmt"/>
        <line num="64" count="4" type="cond" truecount="0" falsecount="1"/>
        <line num="65" count="4" type="stmt"/>
        <line num="69" count="1" type="stmt"/>
        <line num="74" count="1" type="stmt"/>
        <line num="76" count="1" type="stmt"/>
        <line num="77" count="1" type="stmt"/>
        <line num="78" count="1" type="cond" truecount="0" falsecount="1"/>
        <line num="79" count="1" type="stmt"/>
        <line num="83" count="4" type="stmt"/>
        <line num="88" count="4" type="stmt"/>
        <line num="89" count="4" type="stmt"/>
        <line num="90" count="4" type="stmt"/>
        <line num="91" count="4" type="cond" truecount="1" falsecount="0"/>
        <line num="92" count="3" type="stmt"/>
        <line num="96" count="1" type="stmt"/>
        <line num="101" count="1" type="stmt"/>
        <line num="102" count="1" type="stmt"/>
        <line num="103" count="1" type="stmt"/>
        <line num="104" count="1" type="cond" truecount="0" falsecount="1"/>
        <line num="105" count="1" type="stmt"/>
        <line num="110" count="2" type="stmt"/>
        <line num="111" count="2" type="cond" truecount="0" falsecount="1"/>
        <line num="112" count="0" type="stmt"/>
        <line num="114" count="2" type="stmt"/>
        <line num="115" count="2" type="stmt"/>
        <line num="116" count="2" type="cond" truecount="1" falsecount="2"/>
        <line num="117" count="2" type="stmt"/>
        <line num="118" count="2" type="stmt"/>
        <line num="122" count="2" type="cond" truecount="0" falsecount="1"/>
        <line num="124" count="2" type="stmt"/>
        <line num="129" count="2" type="stmt"/>
        <line num="131" count="2" type="stmt"/>
        <line num="132" count="2" type="stmt"/>
        <line num="133" count="2" type="cond" truecount="0" falsecount="1"/>
        <line num="134" count="2" type="stmt"/>
        <line num="138" count="2" type="cond" truecount="0" falsecount="1"/>
        <line num="140" count="2" type="stmt"/>
        <line num="145" count="2" type="stmt"/>
        <line num="146" count="2" type="stmt"/>
        <line num="147" count="2" type="stmt"/>
        <line num="148" count="2" type="cond" truecount="1" falsecount="0"/>
        <line num="149" count="0" type="stmt"/>
        <line num="153" count="2" type="stmt"/>
        <line num="158" count="2" type="stmt"/>
        <line num="159" count="2" type="stmt"/>
        <line num="160" count="2" type="stmt"/>
        <line num="161" count="2" type="cond" truecount="0" falsecount="1"/>
        <line num="162" count="2" type="stmt"/>
        <line num="166" count="2" type="stmt"/>
        <line num="168" count="2" type="stmt"/>
        <line num="172" count="2" type="stmt"/>
        <line num="173" count="2" type="stmt"/>
        <line num="177" count="0" type="stmt"/>
        <line num="178" count="0" type="cond" truecount="0" falsecount="1"/>
        <line num="179" count="0" type="stmt"/>
        <line num="182" count="0" type="stmt"/>
        <line num="183" count="0" type="stmt"/>
        <line num="184" count="0" type="cond" truecount="0" falsecount="3"/>
        <line num="185" count="0" type="stmt"/>
        <line num="186" count="0" type="stmt"/>
        <line num="191" count="0" type="stmt"/>
        <line num="196" count="0" type="stmt"/>
        <line num="197" count="0" type="stmt"/>
        <line num="198" count="0" type="stmt"/>
        <line num="199" count="0" type="cond" truecount="0" falsecount="1"/>
        <line num="200" count="0" type="stmt"/>
        <line num="204" count="0" type="stmt"/>
        <line num="209" count="0" type="stmt"/>
        <line num="210" count="0" type="stmt"/>
        <line num="211" count="0" type="stmt"/>
        <line num="212" count="0" type="cond" truecount="0" falsecount="1"/>
        <line num="213" count="0" type="stmt"/>
        <line num="217" count="0" type="stmt"/>
        <line num="221" count="0" type="stmt"/>
        <line num="222" count="0" type="stmt"/>
        <line num="223" count="0" type="stmt"/>
        <line num="224" count="0" type="cond" truecount="0" falsecount="1"/>
        <line num="225" count="0" type="stmt"/>
        <line num="229" count="21" type="stmt"/>
        <line num="234" count="21" type="stmt"/>
        <line num="235" count="21" type="stmt"/>
        <line num="236" count="20" type="stmt"/>
        <line num="237" count="20" type="cond" truecount="1" falsecount="0"/>
        <line num="238" count="4" type="stmt"/>
        <line num="241" count="16" type="stmt"/>
        <line num="252" count="16" type="stmt"/>
        <line num="256" count="0" type="stmt"/>
        <line num="260" count="0" type="stmt"/>
        <line num="262" count="0" type="cond" truecount="0" falsecount="1"/>
        <line num="263" count="0" type="stmt"/>
        <line num="266" count="0" type="stmt"/>
        <line num="267" count="0" type="stmt"/>
        <line num="280" count="0" type="stmt"/>
        <line num="284" count="0" type="stmt"/>
        <line num="289" count="0" type="stmt"/>
        <line num="290" count="0" type="stmt"/>
        <line num="291" count="0" type="cond" truecount="0" falsecount="1"/>
        <line num="292" count="0" type="stmt"/>
        <line num="295" count="0" type="stmt"/>
        <line num="296" count="0" type="stmt"/>
        <line num="301" count="0" type="stmt"/>
        <line num="305" count="0" type="stmt"/>
        <line num="310" count="0" type="stmt"/>
        <line num="311" count="0" type="stmt"/>
        <line num="312" count="0" type="cond" truecount="0" falsecount="1"/>
        <line num="313" count="0" type="stmt"/>
        <line num="316" count="0" type="stmt"/>
        <line num="317" count="0" type="stmt"/>
        <line num="322" count="0" type="stmt"/>
      </file>
      <file name="usersService.ts" path="/Users/nataliiatiukh/Projects/photogram/Photogram/src/users/usersService.ts">
        <metrics statements="28" coveredstatements="18" conditionals="0" coveredconditionals="0" methods="14" coveredmethods="9"/>
        <line num="3" count="3" type="stmt"/>
        <line num="4" count="17" type="stmt"/>
        <line num="7" count="21" type="stmt"/>
        <line num="8" count="16" type="stmt"/>
        <line num="12" count="1" type="stmt"/>
        <line num="13" count="1" type="stmt"/>
        <line num="17" count="1" type="stmt"/>
        <line num="18" count="1" type="stmt"/>
        <line num="22" count="0" type="stmt"/>
        <line num="23" count="0" type="stmt"/>
        <line num="27" count="4" type="stmt"/>
        <line num="28" count="4" type="stmt"/>
        <line num="32" count="1" type="stmt"/>
        <line num="33" count="1" type="stmt"/>
        <line num="37" count="4" type="stmt"/>
        <line num="38" count="4" type="stmt"/>
        <line num="42" count="1" type="stmt"/>
        <line num="43" count="1" type="stmt"/>
        <line num="47" count="2" type="stmt"/>
        <line num="48" count="2" type="stmt"/>
        <line num="52" count="0" type="stmt"/>
        <line num="53" count="0" type="stmt"/>
        <line num="57" count="0" type="stmt"/>
        <line num="58" count="0" type="stmt"/>
        <line num="62" count="0" type="stmt"/>
        <line num="63" count="0" type="stmt"/>
        <line num="67" count="0" type="stmt"/>
        <line num="68" count="0" type="stmt"/>
      </file>
    </package>
    <package name="users.entities">
      <metrics statements="14" coveredstatements="12" conditionals="0" coveredconditionals="0" methods="3" coveredmethods="1"/>
      <file name="followersEntity.ts" path="/Users/nataliiatiukh/Projects/photogram/Photogram/src/users/entities/followersEntity.ts">
        <metrics statements="2" coveredstatements="1" conditionals="0" coveredconditionals="0" methods="1" coveredmethods="0"/>
        <line num="1" count="3" type="stmt"/>
        <line num="5" count="0" type="stmt"/>
      </file>
      <file name="followingsEntity.ts" path="/Users/nataliiatiukh/Projects/photogram/Photogram/src/users/entities/followingsEntity.ts">
        <metrics statements="2" coveredstatements="1" conditionals="0" coveredconditionals="0" methods="1" coveredmethods="0"/>
        <line num="1" count="3" type="stmt"/>
        <line num="5" count="0" type="stmt"/>
      </file>
      <file name="userEntity.ts" path="/Users/nataliiatiukh/Projects/photogram/Photogram/src/users/entities/userEntity.ts">
        <metrics statements="10" coveredstatements="10" conditionals="0" coveredconditionals="0" methods="1" coveredmethods="1"/>
        <line num="1" count="3" type="stmt"/>
        <line num="13" count="16" type="stmt"/>
        <line num="14" count="16" type="stmt"/>
        <line num="15" count="16" type="stmt"/>
        <line num="16" count="16" type="stmt"/>
        <line num="17" count="16" type="stmt"/>
        <line num="18" count="16" type="stmt"/>
        <line num="19" count="16" type="stmt"/>
        <line num="20" count="16" type="stmt"/>
        <line num="21" count="16" type="stmt"/>
      </file>
    </package>
  </project>
</coverage>
