{"/Users/nataliiatiukh/Projects/photogram/Photogram/src/auth/authRepository.ts": {"path":"/Users/nataliiatiukh/Projects/photogram/Photogram/src/auth/authRepository.ts","statementMap":{"0":{"start":{"line":3,"column":0},"end":{"line":3,"column":26}},"1":{"start":{"line":4,"column":0},"end":{"line":4,"column":55}},"2":{"start":{"line":5,"column":0},"end":{"line":5,"column":38}},"3":{"start":{"line":6,"column":0},"end":{"line":6,"column":71}},"4":{"start":{"line":10,"column":22},"end":{"line":10,"column":48}},"5":{"start":{"line":13,"column":19},"end":{"line":13,"column":23}},"6":{"start":{"line":14,"column":24},"end":{"line":14,"column":51}},"7":{"start":{"line":15,"column":20},"end":{"line":15,"column":54}},"8":{"start":{"line":16,"column":4},"end":{"line":17,"column":72}},"9":{"start":{"line":17,"column":6},"end":{"line":17,"column":72}},"10":{"start":{"line":19,"column":26},"end":{"line":19,"column":70}},"11":{"start":{"line":20,"column":4},"end":{"line":21,"column":64}},"12":{"start":{"line":21,"column":6},"end":{"line":21,"column":64}},"13":{"start":{"line":23,"column":4},"end":{"line":23,"column":49}},"14":{"start":{"line":24,"column":4},"end":{"line":24,"column":42}},"15":{"start":{"line":25,"column":4},"end":{"line":25,"column":18}},"16":{"start":{"line":29,"column":18},"end":{"line":29,"column":28}},"17":{"start":{"line":30,"column":14},"end":{"line":30,"column":61}},"18":{"start":{"line":31,"column":28},"end":{"line":31,"column":69}},"19":{"start":{"line":33,"column":4},"end":{"line":38,"column":5}},"20":{"start":{"line":37,"column":6},"end":{"line":37,"column":12}},"21":{"start":{"line":40,"column":4},"end":{"line":40,"column":15}},"22":{"start":{"line":44,"column":22},"end":{"line":44,"column":32}},"23":{"start":{"line":45,"column":27},"end":{"line":45,"column":66}},"24":{"start":{"line":46,"column":18},"end":{"line":49,"column":10}},"25":{"start":{"line":50,"column":19},"end":{"line":50,"column":67}},"26":{"start":{"line":51,"column":4},"end":{"line":51,"column":49}},"27":{"start":{"line":55,"column":18},"end":{"line":58,"column":10}},"28":{"start":{"line":59,"column":19},"end":{"line":68,"column":6}},"29":{"start":{"line":69,"column":4},"end":{"line":69,"column":49}},"30":{"start":{"line":73,"column":23},"end":{"line":73,"column":25}},"31":{"start":{"line":74,"column":17},"end":{"line":74,"column":61}},"32":{"start":{"line":75,"column":4},"end":{"line":75,"column":16}},"33":{"start":{"line":79,"column":18},"end":{"line":82,"column":10}},"34":{"start":{"line":83,"column":19},"end":{"line":83,"column":26}},"35":{"start":{"line":84,"column":19},"end":{"line":86,"column":null}},"36":{"start":{"line":88,"column":4},"end":{"line":88,"column":38}},"37":{"start":{"line":88,"column":25},"end":{"line":88,"column":38}},"38":{"start":{"line":89,"column":4},"end":{"line":89,"column":16}},"39":{"start":{"line":93,"column":38},"end":{"line":93,"column":75}},"40":{"start":{"line":94,"column":39},"end":{"line":95,"column":null}},"41":{"start":{"line":98,"column":24},"end":{"line":100,"column":null}},"42":{"start":{"line":102,"column":25},"end":{"line":104,"column":null}},"43":{"start":{"line":107,"column":4},"end":{"line":112,"column":6}},"44":{"start":{"line":116,"column":19},"end":{"line":119,"column":6}},"45":{"start":{"line":121,"column":22},"end":{"line":121,"column":54}},"46":{"start":{"line":122,"column":18},"end":{"line":122,"column":69}},"47":{"start":{"line":123,"column":4},"end":{"line":123,"column":17}},"48":{"start":{"line":127,"column":22},"end":{"line":127,"column":54}},"49":{"start":{"line":128,"column":22},"end":{"line":128,"column":70}},"50":{"start":{"line":129,"column":4},"end":{"line":129,"column":28}},"51":{"start":{"line":133,"column":18},"end":{"line":136,"column":10}},"52":{"start":{"line":137,"column":19},"end":{"line":137,"column":26}},"53":{"start":{"line":138,"column":19},"end":{"line":140,"column":null}},"54":{"start":{"line":142,"column":4},"end":{"line":142,"column":69}},"55":{"start":{"line":142,"column":27},"end":{"line":142,"column":69}},"56":{"start":{"line":144,"column":17},"end":{"line":144,"column":24}},"57":{"start":{"line":145,"column":27},"end":{"line":145,"column":41}},"58":{"start":{"line":146,"column":4},"end":{"line":148,"column":5}},"59":{"start":{"line":147,"column":6},"end":{"line":147,"column":46}},"60":{"start":{"line":150,"column":28},"end":{"line":150,"column":78}},"61":{"start":{"line":151,"column":4},"end":{"line":151,"column":68}},"62":{"start":{"line":151,"column":26},"end":{"line":151,"column":68}},"63":{"start":{"line":152,"column":4},"end":{"line":152,"column":23}},"64":{"start":{"line":156,"column":4},"end":{"line":158,"column":5}},"65":{"start":{"line":157,"column":6},"end":{"line":157,"column":66}},"66":{"start":{"line":159,"column":18},"end":{"line":159,"column":69}},"67":{"start":{"line":160,"column":4},"end":{"line":160,"column":17}},"68":{"start":{"line":164,"column":18},"end":{"line":168,"column":10}},"69":{"start":{"line":169,"column":19},"end":{"line":169,"column":37}},"70":{"start":{"line":170,"column":19},"end":{"line":170,"column":63}},"71":{"start":{"line":171,"column":28},"end":{"line":171,"column":51}},"72":{"start":{"line":172,"column":4},"end":{"line":172,"column":57}},"73":{"start":{"line":172,"column":44},"end":{"line":172,"column":57}},"74":{"start":{"line":173,"column":4},"end":{"line":173,"column":16}},"75":{"start":{"line":181,"column":18},"end":{"line":184,"column":10}},"76":{"start":{"line":185,"column":19},"end":{"line":185,"column":27}},"77":{"start":{"line":186,"column":19},"end":{"line":188,"column":null}},"78":{"start":{"line":191,"column":4},"end":{"line":193,"column":5}},"79":{"start":{"line":192,"column":6},"end":{"line":192,"column":41}},"80":{"start":{"line":195,"column":34},"end":{"line":195,"column":51}},"81":{"start":{"line":197,"column":4},"end":{"line":199,"column":5}},"82":{"start":{"line":198,"column":6},"end":{"line":198,"column":44}},"83":{"start":{"line":201,"column":18},"end":{"line":203,"column":null}},"84":{"start":{"line":205,"column":4},"end":{"line":207,"column":5}},"85":{"start":{"line":206,"column":6},"end":{"line":206,"column":56}},"86":{"start":{"line":209,"column":30},"end":{"line":209,"column":66}},"87":{"start":{"line":210,"column":24},"end":{"line":214,"column":10}},"88":{"start":{"line":215,"column":25},"end":{"line":215,"column":75}},"89":{"start":{"line":216,"column":25},"end":{"line":218,"column":null}},"90":{"start":{"line":220,"column":28},"end":{"line":220,"column":57}},"91":{"start":{"line":221,"column":4},"end":{"line":221,"column":57}},"92":{"start":{"line":221,"column":44},"end":{"line":221,"column":57}},"93":{"start":{"line":222,"column":4},"end":{"line":222,"column":16}},"94":{"start":{"line":226,"column":35},"end":{"line":226,"column":75}},"95":{"start":{"line":227,"column":28},"end":{"line":227,"column":61}},"96":{"start":{"line":228,"column":4},"end":{"line":228,"column":74}},"97":{"start":{"line":228,"column":61},"end":{"line":228,"column":74}},"98":{"start":{"line":229,"column":4},"end":{"line":229,"column":16}},"99":{"start":{"line":233,"column":18},"end":{"line":236,"column":10}},"100":{"start":{"line":237,"column":19},"end":{"line":237,"column":27}},"101":{"start":{"line":238,"column":19},"end":{"line":238,"column":63}},"102":{"start":{"line":239,"column":28},"end":{"line":239,"column":51}},"103":{"start":{"line":240,"column":4},"end":{"line":240,"column":57}},"104":{"start":{"line":240,"column":44},"end":{"line":240,"column":57}},"105":{"start":{"line":241,"column":4},"end":{"line":241,"column":16}},"106":{"start":{"line":245,"column":18},"end":{"line":248,"column":10}},"107":{"start":{"line":249,"column":19},"end":{"line":249,"column":27}},"108":{"start":{"line":250,"column":19},"end":{"line":250,"column":63}},"109":{"start":{"line":251,"column":28},"end":{"line":251,"column":51}},"110":{"start":{"line":252,"column":4},"end":{"line":252,"column":57}},"111":{"start":{"line":252,"column":44},"end":{"line":252,"column":57}},"112":{"start":{"line":253,"column":4},"end":{"line":253,"column":16}},"113":{"start":{"line":257,"column":18},"end":{"line":261,"column":10}},"114":{"start":{"line":262,"column":19},"end":{"line":262,"column":27}},"115":{"start":{"line":263,"column":19},"end":{"line":265,"column":null}},"116":{"start":{"line":267,"column":32},"end":{"line":267,"column":39}},"117":{"start":{"line":268,"column":4},"end":{"line":270,"column":5}},"118":{"start":{"line":269,"column":6},"end":{"line":269,"column":55}},"119":{"start":{"line":272,"column":28},"end":{"line":275,"column":null}},"120":{"start":{"line":278,"column":4},"end":{"line":278,"column":27}},"121":{"start":{"line":9,"column":0},"end":{"line":9,"column":13}}},"fnMap":{"0":{"name":"(anonymous_8)","decl":{"start":{"line":10,"column":2},"end":{"line":10,"column":22}},"loc":{"start":{"line":10,"column":48},"end":{"line":10,"column":52}}},"1":{"name":"(anonymous_9)","decl":{"start":{"line":12,"column":8},"end":{"line":12,"column":18}},"loc":{"start":{"line":12,"column":41},"end":{"line":26,"column":null}}},"2":{"name":"(anonymous_11)","decl":{"start":{"line":28,"column":8},"end":{"line":28,"column":18}},"loc":{"start":{"line":28,"column":36},"end":{"line":41,"column":null}}},"3":{"name":"(anonymous_13)","decl":{"start":{"line":43,"column":8},"end":{"line":43,"column":26}},"loc":{"start":{"line":43,"column":65},"end":{"line":52,"column":null}}},"4":{"name":"(anonymous_15)","decl":{"start":{"line":54,"column":8},"end":{"line":54,"column":19}},"loc":{"start":{"line":54,"column":58},"end":{"line":70,"column":null}}},"5":{"name":"(anonymous_17)","decl":{"start":{"line":72,"column":8},"end":{"line":72,"column":20}},"loc":{"start":{"line":72,"column":42},"end":{"line":76,"column":null}}},"6":{"name":"(anonymous_19)","decl":{"start":{"line":78,"column":8},"end":{"line":78,"column":28}},"loc":{"start":{"line":78,"column":42},"end":{"line":90,"column":null}}},"7":{"name":"(anonymous_21)","decl":{"start":{"line":92,"column":8},"end":{"line":92,"column":22}},"loc":{"start":{"line":92,"column":37},"end":{"line":113,"column":null}}},"8":{"name":"(anonymous_23)","decl":{"start":{"line":115,"column":8},"end":{"line":115,"column":21}},"loc":{"start":{"line":115,"column":54},"end":{"line":124,"column":null}}},"9":{"name":"(anonymous_25)","decl":{"start":{"line":126,"column":8},"end":{"line":126,"column":19}},"loc":{"start":{"line":126,"column":39},"end":{"line":130,"column":null}}},"10":{"name":"(anonymous_27)","decl":{"start":{"line":132,"column":8},"end":{"line":132,"column":18}},"loc":{"start":{"line":132,"column":50},"end":{"line":153,"column":null}}},"11":{"name":"(anonymous_29)","decl":{"start":{"line":155,"column":8},"end":{"line":155,"column":21}},"loc":{"start":{"line":155,"column":67},"end":{"line":161,"column":null}}},"12":{"name":"(anonymous_31)","decl":{"start":{"line":163,"column":8},"end":{"line":163,"column":19}},"loc":{"start":{"line":163,"column":52},"end":{"line":174,"column":null}}},"13":{"name":"(anonymous_33)","decl":{"start":{"line":176,"column":8},"end":{"line":176,"column":22}},"loc":{"start":{"line":179,"column":23},"end":{"line":223,"column":null}}},"14":{"name":"(anonymous_35)","decl":{"start":{"line":225,"column":8},"end":{"line":225,"column":18}},"loc":{"start":{"line":225,"column":33},"end":{"line":230,"column":null}}},"15":{"name":"(anonymous_37)","decl":{"start":{"line":232,"column":8},"end":{"line":232,"column":29}},"loc":{"start":{"line":232,"column":44},"end":{"line":242,"column":null}}},"16":{"name":"(anonymous_39)","decl":{"start":{"line":244,"column":8},"end":{"line":244,"column":22}},"loc":{"start":{"line":244,"column":37},"end":{"line":254,"column":null}}},"17":{"name":"(anonymous_41)","decl":{"start":{"line":256,"column":8},"end":{"line":256,"column":26}},"loc":{"start":{"line":256,"column":41},"end":{"line":279,"column":null}}}},"branchMap":{"0":{"loc":{"start":{"line":16,"column":4},"end":{"line":17,"column":72}},"type":"if","locations":[{"start":{"line":16,"column":4},"end":{"line":17,"column":72}}]},"1":{"loc":{"start":{"line":20,"column":4},"end":{"line":21,"column":64}},"type":"if","locations":[{"start":{"line":20,"column":4},"end":{"line":21,"column":64}}]},"2":{"loc":{"start":{"line":33,"column":4},"end":{"line":38,"column":5}},"type":"if","locations":[{"start":{"line":33,"column":4},"end":{"line":38,"column":5}}]},"3":{"loc":{"start":{"line":34,"column":6},"end":{"line":35,"column":72}},"type":"binary-expr","locations":[{"start":{"line":34,"column":6},"end":{"line":34,"column":25}},{"start":{"line":35,"column":7},"end":{"line":35,"column":28}},{"start":{"line":35,"column":32},"end":{"line":35,"column":71}}]},"4":{"loc":{"start":{"line":88,"column":4},"end":{"line":88,"column":38}},"type":"if","locations":[{"start":{"line":88,"column":4},"end":{"line":88,"column":38}}]},"5":{"loc":{"start":{"line":142,"column":4},"end":{"line":142,"column":69}},"type":"if","locations":[{"start":{"line":142,"column":4},"end":{"line":142,"column":69}}]},"6":{"loc":{"start":{"line":145,"column":27},"end":{"line":145,"column":41}},"type":"cond-expr","locations":[{"start":{"line":145,"column":31},"end":{"line":145,"column":33}},{"start":{"line":145,"column":27},"end":{"line":145,"column":41}}]},"7":{"loc":{"start":{"line":145,"column":27},"end":{"line":145,"column":33}},"type":"binary-expr","locations":[{"start":{"line":145,"column":27},"end":{"line":145,"column":33}},{"start":{"line":145,"column":27},"end":{"line":145,"column":33}}]},"8":{"loc":{"start":{"line":146,"column":4},"end":{"line":148,"column":5}},"type":"if","locations":[{"start":{"line":146,"column":4},"end":{"line":148,"column":5}}]},"9":{"loc":{"start":{"line":151,"column":4},"end":{"line":151,"column":68}},"type":"if","locations":[{"start":{"line":151,"column":4},"end":{"line":151,"column":68}}]},"10":{"loc":{"start":{"line":156,"column":4},"end":{"line":158,"column":5}},"type":"if","locations":[{"start":{"line":156,"column":4},"end":{"line":158,"column":5}}]},"11":{"loc":{"start":{"line":156,"column":8},"end":{"line":156,"column":41}},"type":"binary-expr","locations":[{"start":{"line":156,"column":8},"end":{"line":156,"column":22}},{"start":{"line":156,"column":26},"end":{"line":156,"column":41}}]},"12":{"loc":{"start":{"line":172,"column":4},"end":{"line":172,"column":57}},"type":"if","locations":[{"start":{"line":172,"column":4},"end":{"line":172,"column":57}}]},"13":{"loc":{"start":{"line":191,"column":4},"end":{"line":193,"column":5}},"type":"if","locations":[{"start":{"line":191,"column":4},"end":{"line":193,"column":5}}]},"14":{"loc":{"start":{"line":195,"column":34},"end":{"line":195,"column":51}},"type":"cond-expr","locations":[{"start":{"line":195,"column":41},"end":{"line":195,"column":43}},{"start":{"line":195,"column":41},"end":{"line":195,"column":51}}]},"15":{"loc":{"start":{"line":195,"column":34},"end":{"line":195,"column":43}},"type":"binary-expr","locations":[{"start":{"line":195,"column":34},"end":{"line":195,"column":43}},{"start":{"line":195,"column":41},"end":{"line":195,"column":43}}]},"16":{"loc":{"start":{"line":197,"column":4},"end":{"line":199,"column":5}},"type":"if","locations":[{"start":{"line":197,"column":4},"end":{"line":199,"column":5}}]},"17":{"loc":{"start":{"line":205,"column":4},"end":{"line":207,"column":5}},"type":"if","locations":[{"start":{"line":205,"column":4},"end":{"line":207,"column":5}}]},"18":{"loc":{"start":{"line":221,"column":4},"end":{"line":221,"column":57}},"type":"if","locations":[{"start":{"line":221,"column":4},"end":{"line":221,"column":57}}]},"19":{"loc":{"start":{"line":228,"column":4},"end":{"line":228,"column":74}},"type":"if","locations":[{"start":{"line":228,"column":4},"end":{"line":228,"column":74}}]},"20":{"loc":{"start":{"line":228,"column":8},"end":{"line":228,"column":59}},"type":"binary-expr","locations":[{"start":{"line":228,"column":8},"end":{"line":228,"column":30}},{"start":{"line":228,"column":34},"end":{"line":228,"column":59}}]},"21":{"loc":{"start":{"line":240,"column":4},"end":{"line":240,"column":57}},"type":"if","locations":[{"start":{"line":240,"column":4},"end":{"line":240,"column":57}}]},"22":{"loc":{"start":{"line":252,"column":4},"end":{"line":252,"column":57}},"type":"if","locations":[{"start":{"line":252,"column":4},"end":{"line":252,"column":57}}]},"23":{"loc":{"start":{"line":268,"column":4},"end":{"line":270,"column":5}},"type":"if","locations":[{"start":{"line":268,"column":4},"end":{"line":270,"column":5}}]}},"s":{"0":5,"1":5,"2":5,"3":5,"4":70,"5":98,"6":98,"7":98,"8":98,"9":1,"10":97,"11":97,"12":5,"13":92,"14":90,"15":89,"16":101,"17":101,"18":101,"19":101,"20":1,"21":101,"22":92,"23":92,"24":92,"25":92,"26":92,"27":90,"28":90,"29":90,"30":93,"31":93,"32":93,"33":97,"34":97,"35":97,"36":97,"37":5,"38":92,"39":90,"40":90,"41":90,"42":90,"43":90,"44":180,"45":180,"46":180,"47":180,"48":43,"49":43,"50":43,"51":2,"52":2,"53":2,"54":2,"55":0,"56":2,"57":2,"58":2,"59":0,"60":2,"61":2,"62":1,"63":1,"64":5,"65":0,"66":5,"67":5,"68":1,"69":1,"70":1,"71":1,"72":1,"73":0,"74":1,"75":3,"76":3,"77":3,"78":3,"79":1,"80":2,"81":2,"82":0,"83":2,"84":2,"85":1,"86":1,"87":1,"88":1,"89":1,"90":1,"91":1,"92":1,"93":0,"94":1,"95":1,"96":1,"97":0,"98":1,"99":1,"100":1,"101":1,"102":1,"103":1,"104":0,"105":1,"106":1,"107":1,"108":1,"109":1,"110":1,"111":0,"112":1,"113":7,"114":7,"115":7,"116":7,"117":7,"118":2,"119":5,"120":5,"121":5},"f":{"0":70,"1":98,"2":101,"3":92,"4":90,"5":93,"6":97,"7":90,"8":180,"9":43,"10":2,"11":5,"12":1,"13":3,"14":1,"15":1,"16":1,"17":7},"b":{"0":[1],"1":[5],"2":[1],"3":[101,101,1],"4":[5],"5":[0],"6":[0,2],"7":[2,2],"8":[0],"9":[1],"10":[0],"11":[5,5],"12":[0],"13":[1],"14":[0,2],"15":[2,2],"16":[0],"17":[1],"18":[1],"19":[0],"20":[1,1],"21":[0],"22":[0],"23":[2]}}
,"/Users/nataliiatiukh/Projects/photogram/Photogram/src/auth/authService.ts": {"path":"/Users/nataliiatiukh/Projects/photogram/Photogram/src/auth/authService.ts","statementMap":{"0":{"start":{"line":5,"column":22},"end":{"line":5,"column":52}},"1":{"start":{"line":8,"column":19},"end":{"line":8,"column":62}},"2":{"start":{"line":9,"column":19},"end":{"line":9,"column":67}},"3":{"start":{"line":10,"column":4},"end":{"line":10,"column":18}},"4":{"start":{"line":14,"column":19},"end":{"line":14,"column":72}},"5":{"start":{"line":15,"column":19},"end":{"line":15,"column":67}},"6":{"start":{"line":16,"column":4},"end":{"line":16,"column":23}},"7":{"start":{"line":17,"column":4},"end":{"line":17,"column":26}},"8":{"start":{"line":18,"column":4},"end":{"line":18,"column":24}},"9":{"start":{"line":19,"column":4},"end":{"line":19,"column":18}},"10":{"start":{"line":23,"column":19},"end":{"line":23,"column":69}},"11":{"start":{"line":24,"column":4},"end":{"line":24,"column":18}},"12":{"start":{"line":28,"column":18},"end":{"line":30,"column":null}},"13":{"start":{"line":32,"column":4},"end":{"line":32,"column":17}},"14":{"start":{"line":36,"column":29},"end":{"line":37,"column":null}},"15":{"start":{"line":39,"column":4},"end":{"line":39,"column":28}},"16":{"start":{"line":43,"column":28},"end":{"line":45,"column":null}},"17":{"start":{"line":47,"column":4},"end":{"line":47,"column":27}},"18":{"start":{"line":55,"column":31},"end":{"line":58,"column":null}},"19":{"start":{"line":60,"column":4},"end":{"line":60,"column":30}},"20":{"start":{"line":64,"column":27},"end":{"line":64,"column":71}},"21":{"start":{"line":65,"column":4},"end":{"line":65,"column":26}},"22":{"start":{"line":4,"column":0},"end":{"line":4,"column":13}}},"fnMap":{"0":{"name":"(anonymous_7)","decl":{"start":{"line":5,"column":2},"end":{"line":5,"column":22}},"loc":{"start":{"line":5,"column":52},"end":{"line":5,"column":56}}},"1":{"name":"(anonymous_8)","decl":{"start":{"line":7,"column":8},"end":{"line":7,"column":18}},"loc":{"start":{"line":7,"column":41},"end":{"line":11,"column":null}}},"2":{"name":"(anonymous_10)","decl":{"start":{"line":13,"column":8},"end":{"line":13,"column":18}},"loc":{"start":{"line":13,"column":50},"end":{"line":20,"column":null}}},"3":{"name":"(anonymous_12)","decl":{"start":{"line":22,"column":8},"end":{"line":22,"column":19}},"loc":{"start":{"line":22,"column":39},"end":{"line":25,"column":null}}},"4":{"name":"(anonymous_14)","decl":{"start":{"line":27,"column":8},"end":{"line":27,"column":21}},"loc":{"start":{"line":27,"column":67},"end":{"line":33,"column":null}}},"5":{"name":"(anonymous_16)","decl":{"start":{"line":35,"column":8},"end":{"line":35,"column":26}},"loc":{"start":{"line":35,"column":41},"end":{"line":40,"column":null}}},"6":{"name":"(anonymous_18)","decl":{"start":{"line":42,"column":8},"end":{"line":42,"column":19}},"loc":{"start":{"line":42,"column":52},"end":{"line":48,"column":null}}},"7":{"name":"(anonymous_20)","decl":{"start":{"line":50,"column":8},"end":{"line":50,"column":22}},"loc":{"start":{"line":53,"column":23},"end":{"line":61,"column":null}}},"8":{"name":"(anonymous_22)","decl":{"start":{"line":63,"column":8},"end":{"line":63,"column":18}},"loc":{"start":{"line":63,"column":33},"end":{"line":66,"column":null}}}},"branchMap":{},"s":{"0":69,"1":98,"2":89,"3":89,"4":2,"5":1,"6":1,"7":1,"8":1,"9":1,"10":43,"11":43,"12":1,"13":1,"14":7,"15":5,"16":1,"17":1,"18":3,"19":1,"20":1,"21":1,"22":5},"f":{"0":69,"1":98,"2":2,"3":43,"4":1,"5":7,"6":1,"7":3,"8":1},"b":{}}
,"/Users/nataliiatiukh/Projects/photogram/Photogram/src/auth/entity/authCredentialsEntity.ts": {"path":"/Users/nataliiatiukh/Projects/photogram/Photogram/src/auth/entity/authCredentialsEntity.ts","statementMap":{"0":{"start":{"line":7,"column":8},"end":{"line":7,"column":null}},"1":{"start":{"line":8,"column":8},"end":{"line":8,"column":null}},"2":{"start":{"line":9,"column":8},"end":{"line":9,"column":null}},"3":{"start":{"line":1,"column":0},"end":{"line":1,"column":13}}},"fnMap":{"0":{"name":"(anonymous_0)","decl":{"start":{"line":6,"column":4},"end":{"line":6,"column":16}},"loc":{"start":{"line":6,"column":63},"end":{"line":10,"column":5}}}},"branchMap":{},"s":{"0":5,"1":5,"2":5,"3":5},"f":{"0":5},"b":{}}
,"/Users/nataliiatiukh/Projects/photogram/Photogram/src/auth/inputs/signUpUserInput.ts": {"path":"/Users/nataliiatiukh/Projects/photogram/Photogram/src/auth/inputs/signUpUserInput.ts","statementMap":{"0":{"start":{"line":9,"column":8},"end":{"line":9,"column":null}},"1":{"start":{"line":10,"column":8},"end":{"line":10,"column":null}},"2":{"start":{"line":11,"column":8},"end":{"line":11,"column":null}},"3":{"start":{"line":12,"column":8},"end":{"line":12,"column":null}},"4":{"start":{"line":13,"column":8},"end":{"line":13,"column":null}},"5":{"start":{"line":1,"column":0},"end":{"line":1,"column":13}}},"fnMap":{"0":{"name":"(anonymous_0)","decl":{"start":{"line":8,"column":4},"end":{"line":8,"column":16}},"loc":{"start":{"line":8,"column":102},"end":{"line":14,"column":5}}}},"branchMap":{},"s":{"0":111,"1":111,"2":111,"3":111,"4":111,"5":5},"f":{"0":111},"b":{}}
,"/Users/nataliiatiukh/Projects/photogram/Photogram/src/chats/chatsRepository.ts": {"path":"/Users/nataliiatiukh/Projects/photogram/Photogram/src/chats/chatsRepository.ts","statementMap":{"0":{"start":{"line":2,"column":0},"end":{"line":2,"column":26}},"1":{"start":{"line":10,"column":0},"end":{"line":10,"column":67}},"2":{"start":{"line":11,"column":0},"end":{"line":11,"column":61}},"3":{"start":{"line":12,"column":0},"end":{"line":12,"column":51}},"4":{"start":{"line":15,"column":22},"end":{"line":15,"column":48}},"5":{"start":{"line":18,"column":22},"end":{"line":18,"column":32}},"6":{"start":{"line":19,"column":19},"end":{"line":19,"column":23}},"7":{"start":{"line":20,"column":18},"end":{"line":23,"column":6}},"8":{"start":{"line":25,"column":24},"end":{"line":27,"column":null}},"9":{"start":{"line":29,"column":4},"end":{"line":30,"column":66}},"10":{"start":{"line":30,"column":6},"end":{"line":30,"column":66}},"11":{"start":{"line":31,"column":19},"end":{"line":31,"column":75}},"12":{"start":{"line":33,"column":19},"end":{"line":33,"column":63}},"13":{"start":{"line":34,"column":28},"end":{"line":34,"column":51}},"14":{"start":{"line":35,"column":4},"end":{"line":35,"column":57}},"15":{"start":{"line":35,"column":44},"end":{"line":35,"column":57}},"16":{"start":{"line":36,"column":4},"end":{"line":36,"column":16}},"17":{"start":{"line":40,"column":18},"end":{"line":44,"column":6}},"18":{"start":{"line":45,"column":19},"end":{"line":45,"column":69}},"19":{"start":{"line":46,"column":19},"end":{"line":48,"column":null}},"20":{"start":{"line":50,"column":4},"end":{"line":50,"column":40}},"21":{"start":{"line":50,"column":27},"end":{"line":50,"column":40}},"22":{"start":{"line":51,"column":4},"end":{"line":51,"column":16}},"23":{"start":{"line":55,"column":18},"end":{"line":59,"column":6}},"24":{"start":{"line":60,"column":19},"end":{"line":60,"column":35}},"25":{"start":{"line":62,"column":19},"end":{"line":64,"column":20}},"26":{"start":{"line":66,"column":4},"end":{"line":66,"column":65}},"27":{"start":{"line":66,"column":27},"end":{"line":66,"column":65}},"28":{"start":{"line":68,"column":22},"end":{"line":76,"column":null}},"29":{"start":{"line":70,"column":8},"end":{"line":75,"column":null}},"30":{"start":{"line":79,"column":4},"end":{"line":79,"column":21}},"31":{"start":{"line":83,"column":22},"end":{"line":83,"column":32}},"32":{"start":{"line":84,"column":19},"end":{"line":84,"column":23}},"33":{"start":{"line":85,"column":18},"end":{"line":88,"column":6}},"34":{"start":{"line":89,"column":19},"end":{"line":89,"column":64}},"35":{"start":{"line":90,"column":4},"end":{"line":90,"column":66}},"36":{"start":{"line":91,"column":19},"end":{"line":91,"column":63}},"37":{"start":{"line":92,"column":28},"end":{"line":92,"column":51}},"38":{"start":{"line":93,"column":4},"end":{"line":93,"column":57}},"39":{"start":{"line":93,"column":44},"end":{"line":93,"column":57}},"40":{"start":{"line":94,"column":4},"end":{"line":94,"column":16}},"41":{"start":{"line":98,"column":30},"end":{"line":102,"column":6}},"42":{"start":{"line":103,"column":31},"end":{"line":103,"column":39}},"43":{"start":{"line":104,"column":19},"end":{"line":106,"column":null}},"44":{"start":{"line":108,"column":4},"end":{"line":108,"column":72}},"45":{"start":{"line":108,"column":27},"end":{"line":108,"column":72}},"46":{"start":{"line":110,"column":20},"end":{"line":110,"column":49}},"47":{"start":{"line":110,"column":38},"end":{"line":110,"column":48}},"48":{"start":{"line":111,"column":23},"end":{"line":115,"column":6}},"49":{"start":{"line":114,"column":41},"end":{"line":114,"column":44}},"50":{"start":{"line":117,"column":23},"end":{"line":119,"column":26}},"51":{"start":{"line":121,"column":22},"end":{"line":130,"column":null}},"52":{"start":{"line":123,"column":8},"end":{"line":129,"column":null}},"53":{"start":{"line":132,"column":4},"end":{"line":132,"column":21}},"54":{"start":{"line":140,"column":18},"end":{"line":143,"column":6}},"55":{"start":{"line":144,"column":19},"end":{"line":144,"column":57}},"56":{"start":{"line":145,"column":35},"end":{"line":147,"column":null}},"57":{"start":{"line":149,"column":4},"end":{"line":150,"column":59}},"58":{"start":{"line":150,"column":6},"end":{"line":150,"column":59}},"59":{"start":{"line":151,"column":19},"end":{"line":151,"column":63}},"60":{"start":{"line":152,"column":28},"end":{"line":152,"column":51}},"61":{"start":{"line":153,"column":4},"end":{"line":153,"column":57}},"62":{"start":{"line":153,"column":44},"end":{"line":153,"column":57}},"63":{"start":{"line":154,"column":4},"end":{"line":154,"column":16}},"64":{"start":{"line":158,"column":18},"end":{"line":162,"column":6}},"65":{"start":{"line":163,"column":19},"end":{"line":163,"column":42}},"66":{"start":{"line":164,"column":19},"end":{"line":166,"column":20}},"67":{"start":{"line":167,"column":4},"end":{"line":167,"column":40}},"68":{"start":{"line":167,"column":27},"end":{"line":167,"column":40}},"69":{"start":{"line":168,"column":4},"end":{"line":168,"column":16}},"70":{"start":{"line":172,"column":18},"end":{"line":176,"column":6}},"71":{"start":{"line":177,"column":19},"end":{"line":177,"column":27}},"72":{"start":{"line":178,"column":19},"end":{"line":180,"column":20}},"73":{"start":{"line":181,"column":4},"end":{"line":182,"column":60}},"74":{"start":{"line":182,"column":6},"end":{"line":182,"column":60}},"75":{"start":{"line":184,"column":4},"end":{"line":184,"column":16}},"76":{"start":{"line":192,"column":18},"end":{"line":195,"column":6}},"77":{"start":{"line":196,"column":19},"end":{"line":196,"column":57}},"78":{"start":{"line":197,"column":35},"end":{"line":199,"column":null}},"79":{"start":{"line":201,"column":4},"end":{"line":202,"column":55}},"80":{"start":{"line":202,"column":6},"end":{"line":202,"column":55}},"81":{"start":{"line":203,"column":19},"end":{"line":203,"column":63}},"82":{"start":{"line":204,"column":28},"end":{"line":204,"column":51}},"83":{"start":{"line":205,"column":4},"end":{"line":205,"column":57}},"84":{"start":{"line":205,"column":44},"end":{"line":205,"column":57}},"85":{"start":{"line":206,"column":4},"end":{"line":206,"column":16}},"86":{"start":{"line":210,"column":18},"end":{"line":213,"column":6}},"87":{"start":{"line":214,"column":19},"end":{"line":214,"column":35}},"88":{"start":{"line":216,"column":30},"end":{"line":218,"column":null}},"89":{"start":{"line":220,"column":4},"end":{"line":221,"column":62}},"90":{"start":{"line":221,"column":6},"end":{"line":221,"column":62}},"91":{"start":{"line":223,"column":19},"end":{"line":223,"column":63}},"92":{"start":{"line":224,"column":28},"end":{"line":224,"column":51}},"93":{"start":{"line":225,"column":4},"end":{"line":225,"column":55}},"94":{"start":{"line":225,"column":42},"end":{"line":225,"column":55}},"95":{"start":{"line":226,"column":4},"end":{"line":226,"column":16}},"96":{"start":{"line":230,"column":18},"end":{"line":234,"column":6}},"97":{"start":{"line":235,"column":19},"end":{"line":235,"column":35}},"98":{"start":{"line":236,"column":19},"end":{"line":238,"column":null}},"99":{"start":{"line":240,"column":4},"end":{"line":240,"column":40}},"100":{"start":{"line":240,"column":27},"end":{"line":240,"column":40}},"101":{"start":{"line":241,"column":4},"end":{"line":241,"column":16}},"102":{"start":{"line":245,"column":18},"end":{"line":249,"column":6}},"103":{"start":{"line":250,"column":19},"end":{"line":250,"column":47}},"104":{"start":{"line":251,"column":19},"end":{"line":251,"column":63}},"105":{"start":{"line":252,"column":28},"end":{"line":252,"column":51}},"106":{"start":{"line":253,"column":4},"end":{"line":253,"column":57}},"107":{"start":{"line":253,"column":44},"end":{"line":253,"column":57}},"108":{"start":{"line":254,"column":4},"end":{"line":254,"column":16}},"109":{"start":{"line":258,"column":18},"end":{"line":262,"column":6}},"110":{"start":{"line":263,"column":19},"end":{"line":263,"column":42}},"111":{"start":{"line":264,"column":19},"end":{"line":264,"column":63}},"112":{"start":{"line":265,"column":28},"end":{"line":265,"column":51}},"113":{"start":{"line":266,"column":4},"end":{"line":266,"column":57}},"114":{"start":{"line":266,"column":44},"end":{"line":266,"column":57}},"115":{"start":{"line":267,"column":4},"end":{"line":267,"column":16}},"116":{"start":{"line":271,"column":18},"end":{"line":275,"column":6}},"117":{"start":{"line":276,"column":19},"end":{"line":276,"column":35}},"118":{"start":{"line":277,"column":19},"end":{"line":277,"column":63}},"119":{"start":{"line":278,"column":28},"end":{"line":278,"column":51}},"120":{"start":{"line":279,"column":4},"end":{"line":279,"column":57}},"121":{"start":{"line":279,"column":44},"end":{"line":279,"column":57}},"122":{"start":{"line":280,"column":4},"end":{"line":280,"column":16}},"123":{"start":{"line":284,"column":28},"end":{"line":284,"column":65}},"124":{"start":{"line":285,"column":25},"end":{"line":285,"column":59}},"125":{"start":{"line":286,"column":23},"end":{"line":286,"column":60}},"126":{"start":{"line":287,"column":4},"end":{"line":289,"column":5}},"127":{"start":{"line":288,"column":6},"end":{"line":288,"column":45}},"128":{"start":{"line":290,"column":4},"end":{"line":290,"column":28}},"129":{"start":{"line":292,"column":23},"end":{"line":296,"column":6}},"130":{"start":{"line":295,"column":44},"end":{"line":295,"column":47}},"131":{"start":{"line":297,"column":20},"end":{"line":299,"column":29}},"132":{"start":{"line":301,"column":22},"end":{"line":312,"column":null}},"133":{"start":{"line":303,"column":8},"end":{"line":311,"column":null}},"134":{"start":{"line":314,"column":4},"end":{"line":314,"column":27}},"135":{"start":{"line":315,"column":4},"end":{"line":315,"column":21}},"136":{"start":{"line":319,"column":18},"end":{"line":323,"column":6}},"137":{"start":{"line":324,"column":19},"end":{"line":324,"column":35}},"138":{"start":{"line":325,"column":19},"end":{"line":327,"column":null}},"139":{"start":{"line":329,"column":28},"end":{"line":329,"column":57}},"140":{"start":{"line":329,"column":46},"end":{"line":329,"column":56}},"141":{"start":{"line":330,"column":4},"end":{"line":330,"column":27}},"142":{"start":{"line":334,"column":18},"end":{"line":338,"column":6}},"143":{"start":{"line":339,"column":19},"end":{"line":339,"column":27}},"144":{"start":{"line":340,"column":19},"end":{"line":342,"column":null}},"145":{"start":{"line":344,"column":25},"end":{"line":344,"column":54}},"146":{"start":{"line":344,"column":43},"end":{"line":344,"column":53}},"147":{"start":{"line":345,"column":4},"end":{"line":345,"column":24}},"148":{"start":{"line":349,"column":18},"end":{"line":352,"column":6}},"149":{"start":{"line":353,"column":19},"end":{"line":353,"column":38}},"150":{"start":{"line":354,"column":19},"end":{"line":354,"column":63}},"151":{"start":{"line":355,"column":4},"end":{"line":355,"column":57}},"152":{"start":{"line":356,"column":28},"end":{"line":356,"column":51}},"153":{"start":{"line":357,"column":4},"end":{"line":357,"column":57}},"154":{"start":{"line":357,"column":44},"end":{"line":357,"column":57}},"155":{"start":{"line":358,"column":4},"end":{"line":358,"column":16}},"156":{"start":{"line":362,"column":18},"end":{"line":365,"column":6}},"157":{"start":{"line":366,"column":19},"end":{"line":366,"column":27}},"158":{"start":{"line":367,"column":19},"end":{"line":367,"column":63}},"159":{"start":{"line":368,"column":28},"end":{"line":368,"column":51}},"160":{"start":{"line":369,"column":4},"end":{"line":369,"column":57}},"161":{"start":{"line":369,"column":44},"end":{"line":369,"column":57}},"162":{"start":{"line":370,"column":4},"end":{"line":370,"column":16}},"163":{"start":{"line":14,"column":0},"end":{"line":14,"column":13}}},"fnMap":{"0":{"name":"(anonymous_7)","decl":{"start":{"line":15,"column":2},"end":{"line":15,"column":22}},"loc":{"start":{"line":15,"column":48},"end":{"line":15,"column":52}}},"1":{"name":"(anonymous_8)","decl":{"start":{"line":17,"column":8},"end":{"line":17,"column":26}},"loc":{"start":{"line":17,"column":64},"end":{"line":37,"column":null}}},"2":{"name":"(anonymous_10)","decl":{"start":{"line":39,"column":8},"end":{"line":39,"column":33}},"loc":{"start":{"line":39,"column":66},"end":{"line":52,"column":null}}},"3":{"name":"(anonymous_12)","decl":{"start":{"line":54,"column":8},"end":{"line":54,"column":28}},"loc":{"start":{"line":54,"column":43},"end":{"line":80,"column":null}}},"4":{"name":"(anonymous_14)","decl":{"start":{"line":69,"column":6},"end":{"line":69,"column":7}},"loc":{"start":{"line":70,"column":8},"end":{"line":75,"column":null}}},"5":{"name":"(anonymous_15)","decl":{"start":{"line":82,"column":8},"end":{"line":82,"column":23}},"loc":{"start":{"line":82,"column":55},"end":{"line":95,"column":null}}},"6":{"name":"(anonymous_17)","decl":{"start":{"line":97,"column":8},"end":{"line":97,"column":25}},"loc":{"start":{"line":97,"column":40},"end":{"line":133,"column":null}}},"7":{"name":"(anonymous_19)","decl":{"start":{"line":110,"column":29},"end":{"line":110,"column":30}},"loc":{"start":{"line":110,"column":38},"end":{"line":110,"column":48}}},"8":{"name":"(anonymous_20)","decl":{"start":{"line":114,"column":35},"end":{"line":114,"column":38}},"loc":{"start":{"line":114,"column":41},"end":{"line":114,"column":44}}},"9":{"name":"(anonymous_21)","decl":{"start":{"line":122,"column":6},"end":{"line":122,"column":7}},"loc":{"start":{"line":123,"column":8},"end":{"line":129,"column":null}}},"10":{"name":"(anonymous_22)","decl":{"start":{"line":135,"column":8},"end":{"line":135,"column":28}},"loc":{"start":{"line":138,"column":25},"end":{"line":155,"column":null}}},"11":{"name":"(anonymous_24)","decl":{"start":{"line":157,"column":8},"end":{"line":157,"column":32}},"loc":{"start":{"line":157,"column":70},"end":{"line":169,"column":null}}},"12":{"name":"(anonymous_26)","decl":{"start":{"line":171,"column":8},"end":{"line":171,"column":27}},"loc":{"start":{"line":171,"column":42},"end":{"line":185,"column":null}}},"13":{"name":"(anonymous_28)","decl":{"start":{"line":187,"column":8},"end":{"line":187,"column":33}},"loc":{"start":{"line":190,"column":25},"end":{"line":207,"column":null}}},"14":{"name":"(anonymous_30)","decl":{"start":{"line":209,"column":8},"end":{"line":209,"column":22}},"loc":{"start":{"line":209,"column":53},"end":{"line":227,"column":null}}},"15":{"name":"(anonymous_32)","decl":{"start":{"line":229,"column":8},"end":{"line":229,"column":32}},"loc":{"start":{"line":229,"column":63},"end":{"line":242,"column":null}}},"16":{"name":"(anonymous_34)","decl":{"start":{"line":244,"column":8},"end":{"line":244,"column":25}},"loc":{"start":{"line":244,"column":76},"end":{"line":255,"column":null}}},"17":{"name":"(anonymous_36)","decl":{"start":{"line":257,"column":8},"end":{"line":257,"column":23}},"loc":{"start":{"line":257,"column":69},"end":{"line":268,"column":null}}},"18":{"name":"(anonymous_38)","decl":{"start":{"line":270,"column":8},"end":{"line":270,"column":23}},"loc":{"start":{"line":270,"column":54},"end":{"line":281,"column":null}}},"19":{"name":"(anonymous_40)","decl":{"start":{"line":283,"column":8},"end":{"line":283,"column":19}},"loc":{"start":{"line":283,"column":34},"end":{"line":316,"column":null}}},"20":{"name":"(anonymous_42)","decl":{"start":{"line":295,"column":38},"end":{"line":295,"column":41}},"loc":{"start":{"line":295,"column":44},"end":{"line":295,"column":47}}},"21":{"name":"(anonymous_43)","decl":{"start":{"line":302,"column":6},"end":{"line":302,"column":7}},"loc":{"start":{"line":303,"column":8},"end":{"line":311,"column":null}}},"22":{"name":"(anonymous_44)","decl":{"start":{"line":318,"column":8},"end":{"line":318,"column":26}},"loc":{"start":{"line":318,"column":41},"end":{"line":331,"column":null}}},"23":{"name":"(anonymous_46)","decl":{"start":{"line":329,"column":37},"end":{"line":329,"column":38}},"loc":{"start":{"line":329,"column":46},"end":{"line":329,"column":56}}},"24":{"name":"(anonymous_47)","decl":{"start":{"line":333,"column":8},"end":{"line":333,"column":23}},"loc":{"start":{"line":333,"column":38},"end":{"line":346,"column":null}}},"25":{"name":"(anonymous_49)","decl":{"start":{"line":344,"column":34},"end":{"line":344,"column":35}},"loc":{"start":{"line":344,"column":43},"end":{"line":344,"column":53}}},"26":{"name":"(anonymous_50)","decl":{"start":{"line":348,"column":8},"end":{"line":348,"column":34}},"loc":{"start":{"line":348,"column":68},"end":{"line":359,"column":null}}},"27":{"name":"(anonymous_52)","decl":{"start":{"line":361,"column":8},"end":{"line":361,"column":41}},"loc":{"start":{"line":361,"column":56},"end":{"line":371,"column":null}}}},"branchMap":{"0":{"loc":{"start":{"line":29,"column":4},"end":{"line":30,"column":66}},"type":"if","locations":[{"start":{"line":29,"column":4},"end":{"line":30,"column":66}}]},"1":{"loc":{"start":{"line":35,"column":4},"end":{"line":35,"column":57}},"type":"if","locations":[{"start":{"line":35,"column":4},"end":{"line":35,"column":57}}]},"2":{"loc":{"start":{"line":50,"column":4},"end":{"line":50,"column":40}},"type":"if","locations":[{"start":{"line":50,"column":4},"end":{"line":50,"column":40}}]},"3":{"loc":{"start":{"line":66,"column":4},"end":{"line":66,"column":65}},"type":"if","locations":[{"start":{"line":66,"column":4},"end":{"line":66,"column":65}}]},"4":{"loc":{"start":{"line":93,"column":4},"end":{"line":93,"column":57}},"type":"if","locations":[{"start":{"line":93,"column":4},"end":{"line":93,"column":57}}]},"5":{"loc":{"start":{"line":108,"column":4},"end":{"line":108,"column":72}},"type":"if","locations":[{"start":{"line":108,"column":4},"end":{"line":108,"column":72}}]},"6":{"loc":{"start":{"line":149,"column":4},"end":{"line":150,"column":59}},"type":"if","locations":[{"start":{"line":149,"column":4},"end":{"line":150,"column":59}}]},"7":{"loc":{"start":{"line":153,"column":4},"end":{"line":153,"column":57}},"type":"if","locations":[{"start":{"line":153,"column":4},"end":{"line":153,"column":57}}]},"8":{"loc":{"start":{"line":167,"column":4},"end":{"line":167,"column":40}},"type":"if","locations":[{"start":{"line":167,"column":4},"end":{"line":167,"column":40}}]},"9":{"loc":{"start":{"line":181,"column":4},"end":{"line":182,"column":60}},"type":"if","locations":[{"start":{"line":181,"column":4},"end":{"line":182,"column":60}}]},"10":{"loc":{"start":{"line":201,"column":4},"end":{"line":202,"column":55}},"type":"if","locations":[{"start":{"line":201,"column":4},"end":{"line":202,"column":55}}]},"11":{"loc":{"start":{"line":205,"column":4},"end":{"line":205,"column":57}},"type":"if","locations":[{"start":{"line":205,"column":4},"end":{"line":205,"column":57}}]},"12":{"loc":{"start":{"line":220,"column":4},"end":{"line":221,"column":62}},"type":"if","locations":[{"start":{"line":220,"column":4},"end":{"line":221,"column":62}}]},"13":{"loc":{"start":{"line":225,"column":4},"end":{"line":225,"column":55}},"type":"if","locations":[{"start":{"line":225,"column":4},"end":{"line":225,"column":55}}]},"14":{"loc":{"start":{"line":240,"column":4},"end":{"line":240,"column":40}},"type":"if","locations":[{"start":{"line":240,"column":4},"end":{"line":240,"column":40}}]},"15":{"loc":{"start":{"line":253,"column":4},"end":{"line":253,"column":57}},"type":"if","locations":[{"start":{"line":253,"column":4},"end":{"line":253,"column":57}}]},"16":{"loc":{"start":{"line":266,"column":4},"end":{"line":266,"column":57}},"type":"if","locations":[{"start":{"line":266,"column":4},"end":{"line":266,"column":57}}]},"17":{"loc":{"start":{"line":279,"column":4},"end":{"line":279,"column":57}},"type":"if","locations":[{"start":{"line":279,"column":4},"end":{"line":279,"column":57}}]},"18":{"loc":{"start":{"line":287,"column":4},"end":{"line":289,"column":5}},"type":"if","locations":[{"start":{"line":287,"column":4},"end":{"line":289,"column":5}}]},"19":{"loc":{"start":{"line":357,"column":4},"end":{"line":357,"column":57}},"type":"if","locations":[{"start":{"line":357,"column":4},"end":{"line":357,"column":57}}]},"20":{"loc":{"start":{"line":369,"column":4},"end":{"line":369,"column":57}},"type":"if","locations":[{"start":{"line":369,"column":4},"end":{"line":369,"column":57}}]}},"s":{"0":2,"1":2,"2":2,"3":2,"4":25,"5":5,"6":5,"7":5,"8":5,"9":5,"10":0,"11":5,"12":5,"13":5,"14":5,"15":0,"16":5,"17":6,"18":6,"19":6,"20":6,"21":5,"22":1,"23":2,"24":2,"25":2,"26":2,"27":0,"28":2,"29":2,"30":2,"31":19,"32":19,"33":19,"34":19,"35":19,"36":19,"37":19,"38":19,"39":0,"40":19,"41":22,"42":22,"43":22,"44":22,"45":0,"46":22,"47":24,"48":22,"49":24,"50":22,"51":22,"52":24,"53":22,"54":32,"55":32,"56":32,"57":32,"58":1,"59":31,"60":31,"61":31,"62":0,"63":31,"64":34,"65":34,"66":34,"67":34,"68":32,"69":2,"70":7,"71":7,"72":7,"73":7,"74":0,"75":7,"76":2,"77":2,"78":2,"79":2,"80":1,"81":1,"82":1,"83":1,"84":0,"85":1,"86":4,"87":4,"88":4,"89":4,"90":2,"91":2,"92":2,"93":2,"94":0,"95":2,"96":4,"97":4,"98":4,"99":4,"100":2,"101":2,"102":1,"103":1,"104":1,"105":1,"106":1,"107":0,"108":1,"109":4,"110":4,"111":4,"112":4,"113":4,"114":0,"115":4,"116":1,"117":1,"118":1,"119":1,"120":1,"121":0,"122":1,"123":10,"124":10,"125":10,"126":10,"127":1,"128":9,"129":9,"130":13,"131":9,"132":9,"133":13,"134":9,"135":9,"136":10,"137":10,"138":10,"139":10,"140":4,"141":10,"142":10,"143":10,"144":10,"145":10,"146":9,"147":10,"148":1,"149":1,"150":1,"151":1,"152":1,"153":1,"154":0,"155":1,"156":1,"157":1,"158":1,"159":1,"160":1,"161":0,"162":1,"163":2},"f":{"0":25,"1":5,"2":6,"3":2,"4":2,"5":19,"6":22,"7":24,"8":24,"9":24,"10":32,"11":34,"12":7,"13":2,"14":4,"15":4,"16":1,"17":4,"18":1,"19":10,"20":13,"21":13,"22":10,"23":4,"24":10,"25":9,"26":1,"27":1},"b":{"0":[0],"1":[0],"2":[5],"3":[0],"4":[0],"5":[0],"6":[1],"7":[0],"8":[32],"9":[0],"10":[1],"11":[0],"12":[2],"13":[0],"14":[2],"15":[0],"16":[0],"17":[0],"18":[1],"19":[0],"20":[0]}}
,"/Users/nataliiatiukh/Projects/photogram/Photogram/src/chats/chatsService.ts": {"path":"/Users/nataliiatiukh/Projects/photogram/Photogram/src/chats/chatsService.ts","statementMap":{"0":{"start":{"line":4,"column":21},"end":{"line":4,"column":53}},"1":{"start":{"line":7,"column":27},"end":{"line":9,"column":null}},"2":{"start":{"line":11,"column":4},"end":{"line":11,"column":26}},"3":{"start":{"line":15,"column":22},"end":{"line":15,"column":77}},"4":{"start":{"line":16,"column":4},"end":{"line":16,"column":21}},"5":{"start":{"line":20,"column":27},"end":{"line":22,"column":null}},"6":{"start":{"line":24,"column":4},"end":{"line":24,"column":26}},"7":{"start":{"line":28,"column":22},"end":{"line":28,"column":74}},"8":{"start":{"line":29,"column":4},"end":{"line":29,"column":21}},"9":{"start":{"line":37,"column":32},"end":{"line":40,"column":null}},"10":{"start":{"line":42,"column":4},"end":{"line":42,"column":31}},"11":{"start":{"line":46,"column":29},"end":{"line":47,"column":null}},"12":{"start":{"line":49,"column":4},"end":{"line":49,"column":28}},"13":{"start":{"line":58,"column":6},"end":{"line":61,"column":null}},"14":{"start":{"line":63,"column":4},"end":{"line":63,"column":33}},"15":{"start":{"line":67,"column":32},"end":{"line":69,"column":null}},"16":{"start":{"line":71,"column":4},"end":{"line":71,"column":31}},"17":{"start":{"line":75,"column":31},"end":{"line":78,"column":null}},"18":{"start":{"line":80,"column":4},"end":{"line":80,"column":30}},"19":{"start":{"line":84,"column":28},"end":{"line":87,"column":null}},"20":{"start":{"line":89,"column":4},"end":{"line":89,"column":27}},"21":{"start":{"line":93,"column":28},"end":{"line":95,"column":null}},"22":{"start":{"line":97,"column":4},"end":{"line":97,"column":27}},"23":{"start":{"line":101,"column":22},"end":{"line":101,"column":68}},"24":{"start":{"line":102,"column":4},"end":{"line":102,"column":21}},"25":{"start":{"line":107,"column":6},"end":{"line":107,"column":78}},"26":{"start":{"line":108,"column":4},"end":{"line":108,"column":26}},"27":{"start":{"line":3,"column":0},"end":{"line":3,"column":13}}},"fnMap":{"0":{"name":"(anonymous_7)","decl":{"start":{"line":4,"column":2},"end":{"line":4,"column":21}},"loc":{"start":{"line":4,"column":53},"end":{"line":4,"column":57}}},"1":{"name":"(anonymous_8)","decl":{"start":{"line":6,"column":8},"end":{"line":6,"column":26}},"loc":{"start":{"line":6,"column":64},"end":{"line":12,"column":null}}},"2":{"name":"(anonymous_10)","decl":{"start":{"line":14,"column":8},"end":{"line":14,"column":28}},"loc":{"start":{"line":14,"column":43},"end":{"line":17,"column":null}}},"3":{"name":"(anonymous_12)","decl":{"start":{"line":19,"column":8},"end":{"line":19,"column":23}},"loc":{"start":{"line":19,"column":55},"end":{"line":25,"column":null}}},"4":{"name":"(anonymous_14)","decl":{"start":{"line":27,"column":8},"end":{"line":27,"column":25}},"loc":{"start":{"line":27,"column":40},"end":{"line":30,"column":null}}},"5":{"name":"(anonymous_16)","decl":{"start":{"line":32,"column":8},"end":{"line":32,"column":28}},"loc":{"start":{"line":35,"column":25},"end":{"line":43,"column":null}}},"6":{"name":"(anonymous_18)","decl":{"start":{"line":45,"column":8},"end":{"line":45,"column":27}},"loc":{"start":{"line":45,"column":42},"end":{"line":50,"column":null}}},"7":{"name":"(anonymous_20)","decl":{"start":{"line":52,"column":8},"end":{"line":52,"column":33}},"loc":{"start":{"line":55,"column":25},"end":{"line":64,"column":null}}},"8":{"name":"(anonymous_22)","decl":{"start":{"line":66,"column":8},"end":{"line":66,"column":22}},"loc":{"start":{"line":66,"column":53},"end":{"line":72,"column":null}}},"9":{"name":"(anonymous_24)","decl":{"start":{"line":74,"column":8},"end":{"line":74,"column":25}},"loc":{"start":{"line":74,"column":76},"end":{"line":81,"column":null}}},"10":{"name":"(anonymous_26)","decl":{"start":{"line":83,"column":8},"end":{"line":83,"column":23}},"loc":{"start":{"line":83,"column":69},"end":{"line":90,"column":null}}},"11":{"name":"(anonymous_28)","decl":{"start":{"line":92,"column":8},"end":{"line":92,"column":23}},"loc":{"start":{"line":92,"column":54},"end":{"line":98,"column":null}}},"12":{"name":"(anonymous_30)","decl":{"start":{"line":100,"column":8},"end":{"line":100,"column":19}},"loc":{"start":{"line":100,"column":34},"end":{"line":103,"column":null}}},"13":{"name":"(anonymous_32)","decl":{"start":{"line":105,"column":8},"end":{"line":105,"column":34}},"loc":{"start":{"line":105,"column":68},"end":{"line":109,"column":null}}}},"branchMap":{},"s":{"0":24,"1":5,"2":5,"3":2,"4":2,"5":19,"6":19,"7":22,"8":22,"9":13,"10":12,"11":7,"12":7,"13":2,"14":1,"15":4,"16":2,"17":1,"18":1,"19":4,"20":4,"21":1,"22":1,"23":10,"24":9,"25":1,"26":1,"27":2},"f":{"0":24,"1":5,"2":2,"3":19,"4":22,"5":13,"6":7,"7":2,"8":4,"9":1,"10":4,"11":1,"12":10,"13":1},"b":{}}
,"/Users/nataliiatiukh/Projects/photogram/Photogram/src/chats/entities/chatEntity.ts": {"path":"/Users/nataliiatiukh/Projects/photogram/Photogram/src/chats/entities/chatEntity.ts","statementMap":{"0":{"start":{"line":21,"column":4},"end":{"line":21,"column":39}},"1":{"start":{"line":22,"column":4},"end":{"line":22,"column":21}},"2":{"start":{"line":23,"column":4},"end":{"line":23,"column":21}},"3":{"start":{"line":24,"column":4},"end":{"line":24,"column":31}},"4":{"start":{"line":25,"column":4},"end":{"line":25,"column":23}},"5":{"start":{"line":26,"column":4},"end":{"line":26,"column":31}},"6":{"start":{"line":27,"column":4},"end":{"line":27,"column":23}},"7":{"start":{"line":28,"column":4},"end":{"line":28,"column":23}},"8":{"start":{"line":1,"column":0},"end":{"line":1,"column":13}}},"fnMap":{"0":{"name":"(anonymous_0)","decl":{"start":{"line":11,"column":2},"end":{"line":11,"column":null}},"loc":{"start":{"line":19,"column":18},"end":{"line":29,"column":3}}}},"branchMap":{},"s":{"0":13,"1":13,"2":13,"3":13,"4":13,"5":13,"6":13,"7":13,"8":2},"f":{"0":13},"b":{}}
,"/Users/nataliiatiukh/Projects/photogram/Photogram/src/chats/entities/groupChatEntity.ts": {"path":"/Users/nataliiatiukh/Projects/photogram/Photogram/src/chats/entities/groupChatEntity.ts","statementMap":{"0":{"start":{"line":17,"column":4},"end":{"line":22,"column":35}},"1":{"start":{"line":1,"column":0},"end":{"line":1,"column":13}}},"fnMap":{"0":{"name":"(anonymous_0)","decl":{"start":{"line":9,"column":2},"end":{"line":9,"column":null}},"loc":{"start":{"line":15,"column":19},"end":{"line":23,"column":3}}}},"branchMap":{},"s":{"0":24,"1":2},"f":{"0":24},"b":{}}
,"/Users/nataliiatiukh/Projects/photogram/Photogram/src/chats/entities/oneToOneChatEntity.ts": {"path":"/Users/nataliiatiukh/Projects/photogram/Photogram/src/chats/entities/oneToOneChatEntity.ts","statementMap":{"0":{"start":{"line":15,"column":4},"end":{"line":15,"column":17}},"1":{"start":{"line":16,"column":4},"end":{"line":16,"column":21}},"2":{"start":{"line":17,"column":4},"end":{"line":17,"column":23}},"3":{"start":{"line":18,"column":4},"end":{"line":18,"column":23}},"4":{"start":{"line":19,"column":4},"end":{"line":19,"column":31}},"5":{"start":{"line":1,"column":0},"end":{"line":1,"column":13}}},"fnMap":{"0":{"name":"(anonymous_0)","decl":{"start":{"line":8,"column":2},"end":{"line":8,"column":null}},"loc":{"start":{"line":13,"column":19},"end":{"line":20,"column":3}}}},"branchMap":{},"s":{"0":2,"1":2,"2":2,"3":2,"4":2,"5":2},"f":{"0":2},"b":{}}
,"/Users/nataliiatiukh/Projects/photogram/Photogram/src/common/connection.ts": {"path":"/Users/nataliiatiukh/Projects/photogram/Photogram/src/common/connection.ts","statementMap":{"0":{"start":{"line":1,"column":0},"end":{"line":1,"column":34}},"1":{"start":{"line":3,"column":11},"end":{"line":8,"column":null}}},"fnMap":{},"branchMap":{},"s":{"0":5,"1":5},"f":{},"b":{}}
,"/Users/nataliiatiukh/Projects/photogram/Photogram/src/messages/messagesRepository.ts": {"path":"/Users/nataliiatiukh/Projects/photogram/Photogram/src/messages/messagesRepository.ts","statementMap":{"0":{"start":{"line":2,"column":0},"end":{"line":2,"column":26}},"1":{"start":{"line":9,"column":0},"end":{"line":9,"column":65}},"2":{"start":{"line":12,"column":22},"end":{"line":12,"column":48}},"3":{"start":{"line":15,"column":22},"end":{"line":15,"column":26}},"4":{"start":{"line":16,"column":17},"end":{"line":16,"column":23}},"5":{"start":{"line":17,"column":22},"end":{"line":17,"column":32}},"6":{"start":{"line":18,"column":18},"end":{"line":21,"column":6}},"7":{"start":{"line":22,"column":19},"end":{"line":31,"column":6}},"8":{"start":{"line":33,"column":24},"end":{"line":33,"column":60}},"9":{"start":{"line":34,"column":4},"end":{"line":35,"column":66}},"10":{"start":{"line":35,"column":6},"end":{"line":35,"column":66}},"11":{"start":{"line":37,"column":19},"end":{"line":37,"column":63}},"12":{"start":{"line":38,"column":28},"end":{"line":38,"column":51}},"13":{"start":{"line":39,"column":4},"end":{"line":39,"column":57}},"14":{"start":{"line":39,"column":44},"end":{"line":39,"column":57}},"15":{"start":{"line":40,"column":4},"end":{"line":40,"column":16}},"16":{"start":{"line":44,"column":18},"end":{"line":48,"column":6}},"17":{"start":{"line":49,"column":19},"end":{"line":49,"column":27}},"18":{"start":{"line":50,"column":19},"end":{"line":52,"column":null}},"19":{"start":{"line":54,"column":4},"end":{"line":54,"column":40}},"20":{"start":{"line":54,"column":27},"end":{"line":54,"column":40}},"21":{"start":{"line":55,"column":4},"end":{"line":55,"column":16}},"22":{"start":{"line":59,"column":18},"end":{"line":63,"column":6}},"23":{"start":{"line":64,"column":19},"end":{"line":64,"column":27}},"24":{"start":{"line":66,"column":6},"end":{"line":66,"column":67}},"25":{"start":{"line":68,"column":6},"end":{"line":68,"column":69}},"26":{"start":{"line":70,"column":4},"end":{"line":71,"column":61}},"27":{"start":{"line":71,"column":6},"end":{"line":71,"column":61}},"28":{"start":{"line":72,"column":19},"end":{"line":74,"column":null}},"29":{"start":{"line":76,"column":4},"end":{"line":77,"column":60}},"30":{"start":{"line":77,"column":6},"end":{"line":77,"column":60}},"31":{"start":{"line":79,"column":21},"end":{"line":92,"column":null}},"32":{"start":{"line":81,"column":8},"end":{"line":91,"column":null}},"33":{"start":{"line":95,"column":4},"end":{"line":95,"column":20}},"34":{"start":{"line":99,"column":18},"end":{"line":103,"column":6}},"35":{"start":{"line":104,"column":19},"end":{"line":104,"column":35}},"36":{"start":{"line":105,"column":19},"end":{"line":107,"column":20}},"37":{"start":{"line":108,"column":4},"end":{"line":108,"column":40}},"38":{"start":{"line":108,"column":27},"end":{"line":108,"column":40}},"39":{"start":{"line":109,"column":4},"end":{"line":109,"column":16}},"40":{"start":{"line":113,"column":18},"end":{"line":117,"column":6}},"41":{"start":{"line":118,"column":19},"end":{"line":118,"column":43}},"42":{"start":{"line":119,"column":19},"end":{"line":121,"column":20}},"43":{"start":{"line":122,"column":4},"end":{"line":122,"column":40}},"44":{"start":{"line":122,"column":27},"end":{"line":122,"column":40}},"45":{"start":{"line":123,"column":4},"end":{"line":123,"column":16}},"46":{"start":{"line":127,"column":18},"end":{"line":130,"column":6}},"47":{"start":{"line":131,"column":19},"end":{"line":131,"column":38}},"48":{"start":{"line":132,"column":19},"end":{"line":132,"column":63}},"49":{"start":{"line":133,"column":28},"end":{"line":133,"column":51}},"50":{"start":{"line":134,"column":4},"end":{"line":134,"column":57}},"51":{"start":{"line":134,"column":44},"end":{"line":134,"column":57}},"52":{"start":{"line":135,"column":4},"end":{"line":135,"column":16}},"53":{"start":{"line":139,"column":18},"end":{"line":143,"column":null}},"54":{"start":{"line":144,"column":19},"end":{"line":144,"column":58}},"55":{"start":{"line":145,"column":19},"end":{"line":145,"column":63}},"56":{"start":{"line":146,"column":28},"end":{"line":146,"column":51}},"57":{"start":{"line":147,"column":4},"end":{"line":147,"column":null}},"58":{"start":{"line":147,"column":44},"end":{"line":147,"column":null}},"59":{"start":{"line":148,"column":4},"end":{"line":148,"column":null}},"60":{"start":{"line":11,"column":0},"end":{"line":11,"column":13}}},"fnMap":{"0":{"name":"(anonymous_7)","decl":{"start":{"line":12,"column":2},"end":{"line":12,"column":22}},"loc":{"start":{"line":12,"column":48},"end":{"line":12,"column":52}}},"1":{"name":"(anonymous_8)","decl":{"start":{"line":14,"column":8},"end":{"line":14,"column":22}},"loc":{"start":{"line":14,"column":76},"end":{"line":41,"column":null}}},"2":{"name":"(anonymous_10)","decl":{"start":{"line":43,"column":8},"end":{"line":43,"column":25}},"loc":{"start":{"line":43,"column":40},"end":{"line":56,"column":null}}},"3":{"name":"(anonymous_12)","decl":{"start":{"line":58,"column":8},"end":{"line":58,"column":26}},"loc":{"start":{"line":58,"column":57},"end":{"line":96,"column":null}}},"4":{"name":"(anonymous_14)","decl":{"start":{"line":80,"column":6},"end":{"line":80,"column":7}},"loc":{"start":{"line":81,"column":8},"end":{"line":91,"column":null}}},"5":{"name":"(anonymous_15)","decl":{"start":{"line":98,"column":8},"end":{"line":98,"column":42}},"loc":{"start":{"line":98,"column":73},"end":{"line":110,"column":null}}},"6":{"name":"(anonymous_17)","decl":{"start":{"line":112,"column":8},"end":{"line":112,"column":44}},"loc":{"start":{"line":112,"column":75},"end":{"line":124,"column":null}}},"7":{"name":"(anonymous_19)","decl":{"start":{"line":126,"column":8},"end":{"line":126,"column":21}},"loc":{"start":{"line":126,"column":55},"end":{"line":136,"column":null}}},"8":{"name":"(anonymous_21)","decl":{"start":{"line":138,"column":8},"end":{"line":138,"column":23}},"loc":{"start":{"line":138,"column":77},"end":{"line":149,"column":null}}}},"branchMap":{"0":{"loc":{"start":{"line":34,"column":4},"end":{"line":35,"column":66}},"type":"if","locations":[{"start":{"line":34,"column":4},"end":{"line":35,"column":66}}]},"1":{"loc":{"start":{"line":39,"column":4},"end":{"line":39,"column":57}},"type":"if","locations":[{"start":{"line":39,"column":4},"end":{"line":39,"column":57}}]},"2":{"loc":{"start":{"line":54,"column":4},"end":{"line":54,"column":40}},"type":"if","locations":[{"start":{"line":54,"column":4},"end":{"line":54,"column":40}}]},"3":{"loc":{"start":{"line":70,"column":4},"end":{"line":71,"column":61}},"type":"if","locations":[{"start":{"line":70,"column":4},"end":{"line":71,"column":61}}]},"4":{"loc":{"start":{"line":70,"column":8},"end":{"line":70,"column":61}},"type":"binary-expr","locations":[{"start":{"line":70,"column":8},"end":{"line":70,"column":31}},{"start":{"line":70,"column":35},"end":{"line":70,"column":61}}]},"5":{"loc":{"start":{"line":76,"column":4},"end":{"line":77,"column":60}},"type":"if","locations":[{"start":{"line":76,"column":4},"end":{"line":77,"column":60}}]},"6":{"loc":{"start":{"line":108,"column":4},"end":{"line":108,"column":40}},"type":"if","locations":[{"start":{"line":108,"column":4},"end":{"line":108,"column":40}}]},"7":{"loc":{"start":{"line":122,"column":4},"end":{"line":122,"column":40}},"type":"if","locations":[{"start":{"line":122,"column":4},"end":{"line":122,"column":40}}]},"8":{"loc":{"start":{"line":134,"column":4},"end":{"line":134,"column":57}},"type":"if","locations":[{"start":{"line":134,"column":4},"end":{"line":134,"column":57}}]},"9":{"loc":{"start":{"line":147,"column":4},"end":{"line":147,"column":null}},"type":"if","locations":[{"start":{"line":147,"column":4},"end":{"line":147,"column":null}}]}},"s":{"0":1,"1":1,"2":6,"3":6,"4":6,"5":6,"6":6,"7":6,"8":6,"9":6,"10":1,"11":5,"12":5,"13":5,"14":0,"15":5,"16":6,"17":6,"18":6,"19":6,"20":1,"21":5,"22":5,"23":5,"24":5,"25":5,"26":5,"27":3,"28":2,"29":2,"30":0,"31":2,"32":2,"33":2,"34":5,"35":5,"36":5,"37":5,"38":4,"39":1,"40":5,"41":5,"42":5,"43":5,"44":4,"45":1,"46":0,"47":0,"48":0,"49":0,"50":0,"51":0,"52":0,"53":0,"54":0,"55":0,"56":0,"57":0,"58":0,"59":0,"60":1},"f":{"0":6,"1":6,"2":6,"3":5,"4":2,"5":5,"6":5,"7":0,"8":0},"b":{"0":[1],"1":[0],"2":[1],"3":[3],"4":[5,4],"5":[0],"6":[4],"7":[4],"8":[0],"9":[0]}}
,"/Users/nataliiatiukh/Projects/photogram/Photogram/src/messages/messagesService.ts": {"path":"/Users/nataliiatiukh/Projects/photogram/Photogram/src/messages/messagesService.ts","statementMap":{"0":{"start":{"line":4,"column":21},"end":{"line":4,"column":59}},"1":{"start":{"line":7,"column":32},"end":{"line":10,"column":null}},"2":{"start":{"line":12,"column":4},"end":{"line":12,"column":31}},"3":{"start":{"line":16,"column":21},"end":{"line":18,"column":null}},"4":{"start":{"line":20,"column":4},"end":{"line":20,"column":20}},"5":{"start":{"line":24,"column":31},"end":{"line":26,"column":null}},"6":{"start":{"line":28,"column":4},"end":{"line":28,"column":30}},"7":{"start":{"line":32,"column":33},"end":{"line":32,"column":109}},"8":{"start":{"line":33,"column":4},"end":{"line":33,"column":null}},"9":{"start":{"line":3,"column":0},"end":{"line":3,"column":13}}},"fnMap":{"0":{"name":"(anonymous_7)","decl":{"start":{"line":4,"column":2},"end":{"line":4,"column":21}},"loc":{"start":{"line":4,"column":59},"end":{"line":4,"column":63}}},"1":{"name":"(anonymous_8)","decl":{"start":{"line":6,"column":8},"end":{"line":6,"column":23}},"loc":{"start":{"line":6,"column":77},"end":{"line":13,"column":null}}},"2":{"name":"(anonymous_10)","decl":{"start":{"line":15,"column":8},"end":{"line":15,"column":26}},"loc":{"start":{"line":15,"column":57},"end":{"line":21,"column":null}}},"3":{"name":"(anonymous_12)","decl":{"start":{"line":23,"column":8},"end":{"line":23,"column":21}},"loc":{"start":{"line":23,"column":55},"end":{"line":29,"column":null}}},"4":{"name":"(anonymous_14)","decl":{"start":{"line":31,"column":8},"end":{"line":31,"column":23}},"loc":{"start":{"line":31,"column":77},"end":{"line":34,"column":null}}}},"branchMap":{},"s":{"0":6,"1":6,"2":5,"3":5,"4":2,"5":0,"6":0,"7":0,"8":0,"9":1},"f":{"0":6,"1":6,"2":5,"3":0,"4":0},"b":{}}
,"/Users/nataliiatiukh/Projects/photogram/Photogram/src/messages/entities/allMessagesEntity.ts": {"path":"/Users/nataliiatiukh/Projects/photogram/Photogram/src/messages/entities/allMessagesEntity.ts","statementMap":{"0":{"start":{"line":25,"column":4},"end":{"line":25,"column":17}},"1":{"start":{"line":26,"column":4},"end":{"line":26,"column":25}},"2":{"start":{"line":27,"column":4},"end":{"line":27,"column":29}},"3":{"start":{"line":28,"column":4},"end":{"line":28,"column":21}},"4":{"start":{"line":29,"column":4},"end":{"line":29,"column":25}},"5":{"start":{"line":30,"column":4},"end":{"line":30,"column":21}},"6":{"start":{"line":31,"column":4},"end":{"line":31,"column":23}},"7":{"start":{"line":32,"column":4},"end":{"line":32,"column":35}},"8":{"start":{"line":33,"column":4},"end":{"line":33,"column":29}},"9":{"start":{"line":34,"column":4},"end":{"line":34,"column":37}},"10":{"start":{"line":1,"column":0},"end":{"line":1,"column":13}}},"fnMap":{"0":{"name":"(anonymous_0)","decl":{"start":{"line":13,"column":2},"end":{"line":13,"column":null}},"loc":{"start":{"line":23,"column":25},"end":{"line":35,"column":3}}}},"branchMap":{},"s":{"0":2,"1":2,"2":2,"3":2,"4":2,"5":2,"6":2,"7":2,"8":2,"9":2,"10":1},"f":{"0":2},"b":{}}
,"/Users/nataliiatiukh/Projects/photogram/Photogram/src/photos/photosRepository.ts": {"path":"/Users/nataliiatiukh/Projects/photogram/Photogram/src/photos/photosRepository.ts","statementMap":{"0":{"start":{"line":2,"column":0},"end":{"line":2,"column":59}},"1":{"start":{"line":3,"column":0},"end":{"line":3,"column":26}},"2":{"start":{"line":4,"column":0},"end":{"line":4,"column":65}},"3":{"start":{"line":5,"column":0},"end":{"line":5,"column":59}},"4":{"start":{"line":16,"column":0},"end":{"line":16,"column":63}},"5":{"start":{"line":19,"column":22},"end":{"line":19,"column":48}},"6":{"start":{"line":22,"column":22},"end":{"line":22,"column":32}},"7":{"start":{"line":23,"column":18},"end":{"line":27,"column":10}},"8":{"start":{"line":28,"column":19},"end":{"line":40,"column":6}},"9":{"start":{"line":41,"column":19},"end":{"line":41,"column":63}},"10":{"start":{"line":42,"column":28},"end":{"line":42,"column":51}},"11":{"start":{"line":43,"column":4},"end":{"line":43,"column":57}},"12":{"start":{"line":43,"column":44},"end":{"line":43,"column":57}},"13":{"start":{"line":44,"column":4},"end":{"line":44,"column":16}},"14":{"start":{"line":48,"column":18},"end":{"line":52,"column":10}},"15":{"start":{"line":53,"column":19},"end":{"line":53,"column":27}},"16":{"start":{"line":54,"column":19},"end":{"line":54,"column":63}},"17":{"start":{"line":55,"column":28},"end":{"line":55,"column":51}},"18":{"start":{"line":56,"column":4},"end":{"line":56,"column":57}},"19":{"start":{"line":56,"column":44},"end":{"line":56,"column":57}},"20":{"start":{"line":57,"column":4},"end":{"line":57,"column":16}},"21":{"start":{"line":62,"column":18},"end":{"line":66,"column":10}},"22":{"start":{"line":67,"column":19},"end":{"line":67,"column":27}},"23":{"start":{"line":68,"column":19},"end":{"line":70,"column":null}},"24":{"start":{"line":72,"column":4},"end":{"line":74,"column":5}},"25":{"start":{"line":73,"column":6},"end":{"line":73,"column":45}},"26":{"start":{"line":76,"column":19},"end":{"line":90,"column":null}},"27":{"start":{"line":78,"column":8},"end":{"line":89,"column":null}},"28":{"start":{"line":93,"column":4},"end":{"line":93,"column":18}},"29":{"start":{"line":101,"column":18},"end":{"line":105,"column":10}},"30":{"start":{"line":106,"column":19},"end":{"line":106,"column":52}},"31":{"start":{"line":107,"column":19},"end":{"line":107,"column":63}},"32":{"start":{"line":108,"column":28},"end":{"line":108,"column":51}},"33":{"start":{"line":109,"column":4},"end":{"line":109,"column":57}},"34":{"start":{"line":109,"column":44},"end":{"line":109,"column":57}},"35":{"start":{"line":110,"column":4},"end":{"line":110,"column":16}},"36":{"start":{"line":114,"column":18},"end":{"line":118,"column":10}},"37":{"start":{"line":119,"column":19},"end":{"line":119,"column":36}},"38":{"start":{"line":120,"column":28},"end":{"line":120,"column":77}},"39":{"start":{"line":121,"column":4},"end":{"line":121,"column":75}},"40":{"start":{"line":121,"column":25},"end":{"line":121,"column":75}},"41":{"start":{"line":122,"column":19},"end":{"line":122,"column":63}},"42":{"start":{"line":123,"column":28},"end":{"line":123,"column":51}},"43":{"start":{"line":124,"column":4},"end":{"line":124,"column":57}},"44":{"start":{"line":124,"column":44},"end":{"line":124,"column":57}},"45":{"start":{"line":125,"column":4},"end":{"line":125,"column":16}},"46":{"start":{"line":129,"column":18},"end":{"line":133,"column":10}},"47":{"start":{"line":134,"column":19},"end":{"line":134,"column":36}},"48":{"start":{"line":135,"column":28},"end":{"line":135,"column":77}},"49":{"start":{"line":136,"column":4},"end":{"line":136,"column":68}},"50":{"start":{"line":136,"column":26},"end":{"line":136,"column":68}},"51":{"start":{"line":137,"column":19},"end":{"line":137,"column":63}},"52":{"start":{"line":138,"column":28},"end":{"line":138,"column":51}},"53":{"start":{"line":139,"column":4},"end":{"line":139,"column":57}},"54":{"start":{"line":139,"column":44},"end":{"line":139,"column":57}},"55":{"start":{"line":140,"column":4},"end":{"line":140,"column":16}},"56":{"start":{"line":144,"column":18},"end":{"line":147,"column":10}},"57":{"start":{"line":148,"column":19},"end":{"line":148,"column":28}},"58":{"start":{"line":149,"column":19},"end":{"line":151,"column":null}},"59":{"start":{"line":153,"column":4},"end":{"line":153,"column":40}},"60":{"start":{"line":153,"column":27},"end":{"line":153,"column":40}},"61":{"start":{"line":154,"column":4},"end":{"line":154,"column":29}},"62":{"start":{"line":158,"column":18},"end":{"line":162,"column":10}},"63":{"start":{"line":163,"column":19},"end":{"line":163,"column":28}},"64":{"start":{"line":165,"column":25},"end":{"line":167,"column":null}},"65":{"start":{"line":169,"column":4},"end":{"line":169,"column":69}},"66":{"start":{"line":169,"column":22},"end":{"line":169,"column":69}},"67":{"start":{"line":170,"column":28},"end":{"line":170,"column":76}},"68":{"start":{"line":171,"column":4},"end":{"line":171,"column":66}},"69":{"start":{"line":171,"column":26},"end":{"line":171,"column":66}},"70":{"start":{"line":173,"column":19},"end":{"line":173,"column":63}},"71":{"start":{"line":174,"column":28},"end":{"line":174,"column":51}},"72":{"start":{"line":175,"column":4},"end":{"line":175,"column":57}},"73":{"start":{"line":175,"column":44},"end":{"line":175,"column":57}},"74":{"start":{"line":176,"column":4},"end":{"line":176,"column":16}},"75":{"start":{"line":180,"column":15},"end":{"line":180,"column":19}},"76":{"start":{"line":181,"column":18},"end":{"line":184,"column":10}},"77":{"start":{"line":185,"column":19},"end":{"line":185,"column":41}},"78":{"start":{"line":186,"column":19},"end":{"line":186,"column":63}},"79":{"start":{"line":187,"column":28},"end":{"line":187,"column":51}},"80":{"start":{"line":188,"column":4},"end":{"line":188,"column":57}},"81":{"start":{"line":188,"column":44},"end":{"line":188,"column":57}},"82":{"start":{"line":189,"column":4},"end":{"line":189,"column":16}},"83":{"start":{"line":193,"column":18},"end":{"line":197,"column":10}},"84":{"start":{"line":198,"column":19},"end":{"line":198,"column":37}},"85":{"start":{"line":199,"column":19},"end":{"line":201,"column":null}},"86":{"start":{"line":203,"column":4},"end":{"line":203,"column":40}},"87":{"start":{"line":203,"column":27},"end":{"line":203,"column":40}},"88":{"start":{"line":204,"column":4},"end":{"line":204,"column":16}},"89":{"start":{"line":208,"column":18},"end":{"line":212,"column":10}},"90":{"start":{"line":213,"column":19},"end":{"line":213,"column":28}},"91":{"start":{"line":215,"column":25},"end":{"line":217,"column":null}},"92":{"start":{"line":219,"column":4},"end":{"line":219,"column":66}},"93":{"start":{"line":219,"column":23},"end":{"line":219,"column":66}},"94":{"start":{"line":220,"column":29},"end":{"line":222,"column":null}},"95":{"start":{"line":224,"column":4},"end":{"line":224,"column":70}},"96":{"start":{"line":224,"column":27},"end":{"line":224,"column":70}},"97":{"start":{"line":226,"column":19},"end":{"line":226,"column":63}},"98":{"start":{"line":227,"column":28},"end":{"line":227,"column":51}},"99":{"start":{"line":228,"column":4},"end":{"line":228,"column":57}},"100":{"start":{"line":228,"column":44},"end":{"line":228,"column":57}},"101":{"start":{"line":229,"column":4},"end":{"line":229,"column":16}},"102":{"start":{"line":233,"column":18},"end":{"line":236,"column":10}},"103":{"start":{"line":237,"column":19},"end":{"line":237,"column":37}},"104":{"start":{"line":238,"column":19},"end":{"line":238,"column":63}},"105":{"start":{"line":239,"column":28},"end":{"line":239,"column":51}},"106":{"start":{"line":240,"column":4},"end":{"line":240,"column":57}},"107":{"start":{"line":240,"column":44},"end":{"line":240,"column":57}},"108":{"start":{"line":241,"column":4},"end":{"line":241,"column":16}},"109":{"start":{"line":245,"column":18},"end":{"line":249,"column":10}},"110":{"start":{"line":250,"column":19},"end":{"line":250,"column":28}},"111":{"start":{"line":251,"column":19},"end":{"line":253,"column":null}},"112":{"start":{"line":255,"column":4},"end":{"line":257,"column":5}},"113":{"start":{"line":256,"column":6},"end":{"line":256,"column":52}},"114":{"start":{"line":259,"column":25},"end":{"line":261,"column":null}},"115":{"start":{"line":261,"column":8},"end":{"line":261,"column":78}},"116":{"start":{"line":263,"column":4},"end":{"line":263,"column":24}},"117":{"start":{"line":267,"column":18},"end":{"line":271,"column":10}},"118":{"start":{"line":272,"column":19},"end":{"line":272,"column":28}},"119":{"start":{"line":274,"column":26},"end":{"line":274,"column":67}},"120":{"start":{"line":275,"column":4},"end":{"line":275,"column":77}},"121":{"start":{"line":275,"column":24},"end":{"line":275,"column":77}},"122":{"start":{"line":276,"column":25},"end":{"line":276,"column":67}},"123":{"start":{"line":277,"column":4},"end":{"line":277,"column":62}},"124":{"start":{"line":277,"column":23},"end":{"line":277,"column":62}},"125":{"start":{"line":279,"column":19},"end":{"line":279,"column":63}},"126":{"start":{"line":280,"column":28},"end":{"line":280,"column":51}},"127":{"start":{"line":281,"column":4},"end":{"line":281,"column":57}},"128":{"start":{"line":281,"column":44},"end":{"line":281,"column":57}},"129":{"start":{"line":282,"column":4},"end":{"line":282,"column":16}},"130":{"start":{"line":286,"column":15},"end":{"line":286,"column":19}},"131":{"start":{"line":287,"column":22},"end":{"line":287,"column":32}},"132":{"start":{"line":289,"column":18},"end":{"line":292,"column":10}},"133":{"start":{"line":293,"column":19},"end":{"line":293,"column":51}},"134":{"start":{"line":294,"column":19},"end":{"line":294,"column":63}},"135":{"start":{"line":295,"column":28},"end":{"line":295,"column":51}},"136":{"start":{"line":296,"column":4},"end":{"line":296,"column":57}},"137":{"start":{"line":296,"column":44},"end":{"line":296,"column":57}},"138":{"start":{"line":297,"column":4},"end":{"line":297,"column":16}},"139":{"start":{"line":301,"column":18},"end":{"line":304,"column":10}},"140":{"start":{"line":305,"column":19},"end":{"line":305,"column":36}},"141":{"start":{"line":306,"column":19},"end":{"line":308,"column":null}},"142":{"start":{"line":310,"column":4},"end":{"line":310,"column":39}},"143":{"start":{"line":310,"column":26},"end":{"line":310,"column":39}},"144":{"start":{"line":311,"column":4},"end":{"line":311,"column":16}},"145":{"start":{"line":315,"column":18},"end":{"line":319,"column":10}},"146":{"start":{"line":320,"column":19},"end":{"line":320,"column":28}},"147":{"start":{"line":322,"column":27},"end":{"line":322,"column":74}},"148":{"start":{"line":323,"column":4},"end":{"line":323,"column":66}},"149":{"start":{"line":323,"column":25},"end":{"line":323,"column":66}},"150":{"start":{"line":325,"column":19},"end":{"line":325,"column":63}},"151":{"start":{"line":326,"column":28},"end":{"line":326,"column":51}},"152":{"start":{"line":327,"column":4},"end":{"line":327,"column":57}},"153":{"start":{"line":327,"column":44},"end":{"line":327,"column":57}},"154":{"start":{"line":328,"column":4},"end":{"line":328,"column":16}},"155":{"start":{"line":332,"column":18},"end":{"line":335,"column":10}},"156":{"start":{"line":336,"column":19},"end":{"line":336,"column":36}},"157":{"start":{"line":337,"column":19},"end":{"line":337,"column":63}},"158":{"start":{"line":338,"column":28},"end":{"line":338,"column":51}},"159":{"start":{"line":339,"column":4},"end":{"line":339,"column":57}},"160":{"start":{"line":339,"column":44},"end":{"line":339,"column":57}},"161":{"start":{"line":340,"column":4},"end":{"line":340,"column":16}},"162":{"start":{"line":344,"column":18},"end":{"line":348,"column":10}},"163":{"start":{"line":349,"column":19},"end":{"line":349,"column":28}},"164":{"start":{"line":350,"column":19},"end":{"line":352,"column":null}},"165":{"start":{"line":354,"column":4},"end":{"line":356,"column":5}},"166":{"start":{"line":355,"column":6},"end":{"line":355,"column":45}},"167":{"start":{"line":358,"column":18},"end":{"line":359,"column":null}},"168":{"start":{"line":359,"column":16},"end":{"line":359,"column":74}},"169":{"start":{"line":361,"column":4},"end":{"line":361,"column":17}},"170":{"start":{"line":369,"column":18},"end":{"line":373,"column":10}},"171":{"start":{"line":374,"column":19},"end":{"line":374,"column":36}},"172":{"start":{"line":376,"column":25},"end":{"line":378,"column":null}},"173":{"start":{"line":380,"column":4},"end":{"line":380,"column":69}},"174":{"start":{"line":380,"column":22},"end":{"line":380,"column":69}},"175":{"start":{"line":381,"column":31},"end":{"line":381,"column":76}},"176":{"start":{"line":382,"column":4},"end":{"line":382,"column":75}},"177":{"start":{"line":382,"column":29},"end":{"line":382,"column":75}},"178":{"start":{"line":384,"column":19},"end":{"line":384,"column":63}},"179":{"start":{"line":385,"column":28},"end":{"line":385,"column":51}},"180":{"start":{"line":386,"column":4},"end":{"line":386,"column":57}},"181":{"start":{"line":386,"column":44},"end":{"line":386,"column":57}},"182":{"start":{"line":387,"column":4},"end":{"line":387,"column":16}},"183":{"start":{"line":391,"column":18},"end":{"line":394,"column":10}},"184":{"start":{"line":395,"column":19},"end":{"line":395,"column":40}},"185":{"start":{"line":396,"column":19},"end":{"line":396,"column":63}},"186":{"start":{"line":397,"column":28},"end":{"line":397,"column":51}},"187":{"start":{"line":398,"column":4},"end":{"line":398,"column":57}},"188":{"start":{"line":398,"column":44},"end":{"line":398,"column":57}},"189":{"start":{"line":399,"column":4},"end":{"line":399,"column":16}},"190":{"start":{"line":403,"column":18},"end":{"line":406,"column":10}},"191":{"start":{"line":407,"column":19},"end":{"line":407,"column":28}},"192":{"start":{"line":408,"column":19},"end":{"line":410,"column":null}},"193":{"start":{"line":412,"column":4},"end":{"line":414,"column":5}},"194":{"start":{"line":413,"column":6},"end":{"line":413,"column":56}},"195":{"start":{"line":416,"column":24},"end":{"line":417,"column":null}},"196":{"start":{"line":417,"column":22},"end":{"line":417,"column":62}},"197":{"start":{"line":419,"column":4},"end":{"line":419,"column":23}},"198":{"start":{"line":423,"column":18},"end":{"line":427,"column":10}},"199":{"start":{"line":428,"column":19},"end":{"line":428,"column":40}},"200":{"start":{"line":429,"column":19},"end":{"line":431,"column":null}},"201":{"start":{"line":433,"column":4},"end":{"line":433,"column":40}},"202":{"start":{"line":433,"column":27},"end":{"line":433,"column":40}},"203":{"start":{"line":434,"column":4},"end":{"line":434,"column":16}},"204":{"start":{"line":438,"column":18},"end":{"line":441,"column":10}},"205":{"start":{"line":442,"column":19},"end":{"line":442,"column":40}},"206":{"start":{"line":443,"column":25},"end":{"line":445,"column":null}},"207":{"start":{"line":447,"column":4},"end":{"line":447,"column":67}},"208":{"start":{"line":447,"column":23},"end":{"line":447,"column":67}},"209":{"start":{"line":448,"column":19},"end":{"line":448,"column":63}},"210":{"start":{"line":449,"column":28},"end":{"line":449,"column":51}},"211":{"start":{"line":450,"column":4},"end":{"line":450,"column":57}},"212":{"start":{"line":450,"column":44},"end":{"line":450,"column":57}},"213":{"start":{"line":451,"column":4},"end":{"line":451,"column":16}},"214":{"start":{"line":455,"column":18},"end":{"line":458,"column":10}},"215":{"start":{"line":459,"column":19},"end":{"line":459,"column":28}},"216":{"start":{"line":460,"column":19},"end":{"line":462,"column":null}},"217":{"start":{"line":464,"column":4},"end":{"line":464,"column":16}},"218":{"start":{"line":468,"column":18},"end":{"line":472,"column":10}},"219":{"start":{"line":473,"column":19},"end":{"line":473,"column":36}},"220":{"start":{"line":474,"column":19},"end":{"line":474,"column":63}},"221":{"start":{"line":475,"column":28},"end":{"line":475,"column":51}},"222":{"start":{"line":476,"column":4},"end":{"line":476,"column":57}},"223":{"start":{"line":476,"column":44},"end":{
[...]
ne":222,"column":23},"end":{"line":222,"column":67}},"117":{"start":{"line":223,"column":32},"end":{"line":223,"column":55}},"118":{"start":{"line":224,"column":8},"end":{"line":224,"column":null}},"119":{"start":{"line":224,"column":48},"end":{"line":224,"column":null}},"120":{"start":{"line":225,"column":8},"end":{"line":225,"column":null}},"121":{"start":{"line":229,"column":22},"end":{"line":233,"column":null}},"122":{"start":{"line":234,"column":23},"end":{"line":234,"column":31}},"123":{"start":{"line":235,"column":23},"end":{"line":235,"column":90}},"124":{"start":{"line":236,"column":25},"end":{"line":236,"column":32}},"125":{"start":{"line":237,"column":8},"end":{"line":239,"column":9}},"126":{"start":{"line":238,"column":12},"end":{"line":238,"column":null}},"127":{"start":{"line":241,"column":21},"end":{"line":250,"column":null}},"128":{"start":{"line":252,"column":8},"end":{"line":252,"column":null}},"129":{"start":{"line":256,"column":22},"end":{"line":259,"column":null}},"130":{"start":{"line":260,"column":23},"end":{"line":260,"column":82}},"131":{"start":{"line":262,"column":8},"end":{"line":264,"column":9}},"132":{"start":{"line":263,"column":12},"end":{"line":263,"column":null}},"133":{"start":{"line":266,"column":22},"end":{"line":277,"column":null}},"134":{"start":{"line":267,"column":12},"end":{"line":276,"column":null}},"135":{"start":{"line":280,"column":8},"end":{"line":280,"column":null}},"136":{"start":{"line":284,"column":22},"end":{"line":288,"column":null}},"137":{"start":{"line":289,"column":23},"end":{"line":289,"column":35}},"138":{"start":{"line":290,"column":23},"end":{"line":290,"column":93}},"139":{"start":{"line":291,"column":8},"end":{"line":293,"column":9}},"140":{"start":{"line":292,"column":12},"end":{"line":292,"column":null}},"141":{"start":{"line":295,"column":26},"end":{"line":298,"column":null}},"142":{"start":{"line":296,"column":12},"end":{"line":297,"column":null}},"143":{"start":{"line":301,"column":8},"end":{"line":301,"column":null}},"144":{"start":{"line":305,"column":22},"end":{"line":309,"column":null}},"145":{"start":{"line":310,"column":23},"end":{"line":310,"column":35}},"146":{"start":{"line":311,"column":23},"end":{"line":311,"column":93}},"147":{"start":{"line":312,"column":8},"end":{"line":314,"column":9}},"148":{"start":{"line":313,"column":12},"end":{"line":313,"column":null}},"149":{"start":{"line":316,"column":27},"end":{"line":319,"column":null}},"150":{"start":{"line":317,"column":12},"end":{"line":318,"column":null}},"151":{"start":{"line":322,"column":8},"end":{"line":322,"column":null}},"152":{"start":{"line":10,"column":0},"end":{"line":10,"column":13}}},"fnMap":{"0":{"name":"(anonymous_7)","decl":{"start":{"line":11,"column":4},"end":{"line":11,"column":24}},"loc":{"start":{"line":11,"column":50},"end":{"line":11,"column":54}}},"1":{"name":"(anonymous_8)","decl":{"start":{"line":13,"column":10},"end":{"line":13,"column":24}},"loc":{"start":{"line":13,"column":60},"end":{"line":25,"column":null}}},"2":{"name":"(anonymous_10)","decl":{"start":{"line":27,"column":10},"end":{"line":27,"column":28}},"loc":{"start":{"line":27,"column":68},"end":{"line":39,"column":null}}},"3":{"name":"(anonymous_12)","decl":{"start":{"line":41,"column":10},"end":{"line":41,"column":27}},"loc":{"start":{"line":41,"column":57},"end":{"line":52,"column":null}}},"4":{"name":"(anonymous_14)","decl":{"start":{"line":54,"column":10},"end":{"line":54,"column":19}},"loc":{"start":{"line":54,"column":51},"end":{"line":66,"column":null}}},"5":{"name":"(anonymous_16)","decl":{"start":{"line":68,"column":10},"end":{"line":68,"column":22}},"loc":{"start":{"line":68,"column":37},"end":{"line":80,"column":null}}},"6":{"name":"(anonymous_18)","decl":{"start":{"line":82,"column":10},"end":{"line":82,"column":20}},"loc":{"start":{"line":82,"column":48},"end":{"line":93,"column":null}}},"7":{"name":"(anonymous_20)","decl":{"start":{"line":95,"column":10},"end":{"line":95,"column":23}},"loc":{"start":{"line":95,"column":38},"end":{"line":106,"column":null}}},"8":{"name":"(anonymous_22)","decl":{"start":{"line":109,"column":10},"end":{"line":109,"column":20}},"loc":{"start":{"line":109,"column":59},"end":{"line":119,"column":null}}},"9":{"name":"(anonymous_24)","decl":{"start":{"line":121,"column":10},"end":{"line":121,"column":21}},"loc":{"start":{"line":121,"column":36},"end":{"line":135,"column":null}}},"10":{"name":"(anonymous_26)","decl":{"start":{"line":137,"column":10},"end":{"line":137,"column":22}},"loc":{"start":{"line":137,"column":37},"end":{"line":150,"column":null}}},"11":{"name":"(anonymous_28)","decl":{"start":{"line":152,"column":10},"end":{"line":152,"column":32}},"loc":{"start":{"line":152,"column":71},"end":{"line":163,"column":null}}},"12":{"name":"(anonymous_30)","decl":{"start":{"line":165,"column":10},"end":{"line":165,"column":27}},"loc":{"start":{"line":165,"column":66},"end":{"line":174,"column":null}}},"13":{"name":"(anonymous_32)","decl":{"start":{"line":176,"column":10},"end":{"line":176,"column":22}},"loc":{"start":{"line":176,"column":61},"end":{"line":188,"column":null}}},"14":{"name":"(anonymous_34)","decl":{"start":{"line":190,"column":10},"end":{"line":190,"column":24}},"loc":{"start":{"line":190,"column":39},"end":{"line":201,"column":null}}},"15":{"name":"(anonymous_36)","decl":{"start":{"line":203,"column":10},"end":{"line":203,"column":25}},"loc":{"start":{"line":203,"column":40},"end":{"line":214,"column":null}}},"16":{"name":"(anonymous_38)","decl":{"start":{"line":216,"column":10},"end":{"line":216,"column":32}},"loc":{"start":{"line":216,"column":71},"end":{"line":226,"column":null}}},"17":{"name":"(anonymous_40)","decl":{"start":{"line":228,"column":10},"end":{"line":228,"column":21}},"loc":{"start":{"line":228,"column":36},"end":{"line":253,"column":null}}},"18":{"name":"(anonymous_42)","decl":{"start":{"line":255,"column":10},"end":{"line":255,"column":25}},"loc":{"start":{"line":255,"column":25},"end":{"line":281,"column":null}}},"19":{"name":"(anonymous_44)","decl":{"start":{"line":266,"column":31},"end":{"line":266,"column":39}},"loc":{"start":{"line":267,"column":12},"end":{"line":276,"column":null}}},"20":{"name":"(anonymous_45)","decl":{"start":{"line":283,"column":10},"end":{"line":283,"column":29}},"loc":{"start":{"line":283,"column":48},"end":{"line":302,"column":null}}},"21":{"name":"(anonymous_47)","decl":{"start":{"line":295,"column":35},"end":{"line":295,"column":43}},"loc":{"start":{"line":296,"column":12},"end":{"line":297,"column":null}}},"22":{"name":"(anonymous_48)","decl":{"start":{"line":304,"column":10},"end":{"line":304,"column":30}},"loc":{"start":{"line":304,"column":49},"end":{"line":323,"column":null}}},"23":{"name":"(anonymous_50)","decl":{"start":{"line":316,"column":36},"end":{"line":316,"column":45}},"loc":{"start":{"line":317,"column":12},"end":{"line":318,"column":null}}}},"branchMap":{"0":{"loc":{"start":{"line":23,"column":8},"end":{"line":23,"column":null}},"type":"if","locations":[{"start":{"line":23,"column":8},"end":{"line":23,"column":null}}]},"1":{"loc":{"start":{"line":37,"column":8},"end":{"line":37,"column":null}},"type":"if","locations":[{"start":{"line":37,"column":8},"end":{"line":37,"column":null}}]},"2":{"loc":{"start":{"line":50,"column":8},"end":{"line":50,"column":null}},"type":"if","locations":[{"start":{"line":50,"column":8},"end":{"line":50,"column":null}}]},"3":{"loc":{"start":{"line":64,"column":8},"end":{"line":64,"column":null}},"type":"if","locations":[{"start":{"line":64,"column":8},"end":{"line":64,"column":null}}]},"4":{"loc":{"start":{"line":78,"column":8},"end":{"line":78,"column":null}},"type":"if","locations":[{"start":{"line":78,"column":8},"end":{"line":78,"column":null}}]},"5":{"loc":{"start":{"line":91,"column":8},"end":{"line":91,"column":null}},"type":"if","locations":[{"start":{"line":91,"column":8},"end":{"line":91,"column":null}}]},"6":{"loc":{"start":{"line":104,"column":8},"end":{"line":104,"column":null}},"type":"if","locations":[{"start":{"line":104,"column":8},"end":{"line":104,"column":null}}]},"7":{"loc":{"start":{"line":111,"column":8},"end":{"line":113,"column":9}},"type":"if","locations":[{"start":{"line":111,"column":8},"end":{"line":113,"column":9}}]},"8":{"loc":{"start":{"line":116,"column":8},"end":{"line":116,"column":null}},"type":"if","locations":[{"start":{"line":116,"column":8},"end":{"line":116,"column":null}}]},"9":{"loc":{"start":{"line":116,"column":12},"end":{"line":116,"column":55}},"type":"binary-expr","locations":[{"start":{"line":116,"column":12},"end":{"line":116,"column":27}},{"start":{"line":116,"column":31},"end":{"line":116,"column":55}}]},"10":{"loc":{"start":{"line":122,"column":8},"end":{"line":122,"column":null}},"type":"if","locations":[{"start":{"line":122,"column":8},"end":{"line":122,"column":null}}]},"11":{"loc":{"start":{"line":133,"column":8},"end":{"line":133,"column":null}},"type":"if","locations":[{"start":{"line":133,"column":8},"end":{"line":133,"column":null}}]},"12":{"loc":{"start":{"line":138,"column":8},"end":{"line":138,"column":null}},"type":"if","locations":[{"start":{"line":138,"column":8},"end":{"line":138,"column":null}}]},"13":{"loc":{"start":{"line":148,"column":8},"end":{"line":148,"column":null}},"type":"if","locations":[{"start":{"line":148,"column":8},"end":{"line":148,"column":null}}]},"14":{"loc":{"start":{"line":161,"column":8},"end":{"line":161,"column":null}},"type":"if","locations":[{"start":{"line":161,"column":8},"end":{"line":161,"column":null}}]},"15":{"loc":{"start":{"line":178,"column":8},"end":{"line":180,"column":9}},"type":"if","locations":[{"start":{"line":178,"column":8},"end":{"line":180,"column":9}}]},"16":{"loc":{"start":{"line":184,"column":8},"end":{"line":184,"column":null}},"type":"if","locations":[{"start":{"line":184,"column":8},"end":{"line":184,"column":null}}]},"17":{"loc":{"start":{"line":184,"column":12},"end":{"line":184,"column":55}},"type":"binary-expr","locations":[{"start":{"line":184,"column":12},"end":{"line":184,"column":27}},{"start":{"line":184,"column":31},"end":{"line":184,"column":55}}]},"18":{"loc":{"start":{"line":199,"column":8},"end":{"line":199,"column":null}},"type":"if","locations":[{"start":{"line":199,"column":8},"end":{"line":199,"column":null}}]},"19":{"loc":{"start":{"line":212,"column":8},"end":{"line":212,"column":null}},"type":"if","locations":[{"start":{"line":212,"column":8},"end":{"line":212,"column":null}}]},"20":{"loc":{"start":{"line":224,"column":8},"end":{"line":224,"column":null}},"type":"if","locations":[{"start":{"line":224,"column":8},"end":{"line":224,"column":null}}]},"21":{"loc":{"start":{"line":237,"column":8},"end":{"line":239,"column":9}},"type":"if","locations":[{"start":{"line":237,"column":8},"end":{"line":239,"column":9}}]},"22":{"loc":{"start":{"line":262,"column":8},"end":{"line":264,"column":9}},"type":"if","locations":[{"start":{"line":262,"column":8},"end":{"line":264,"column":9}}]},"23":{"loc":{"start":{"line":291,"column":8},"end":{"line":293,"column":9}},"type":"if","locations":[{"start":{"line":291,"column":8},"end":{"line":293,"column":9}}]},"24":{"loc":{"start":{"line":312,"column":8},"end":{"line":314,"column":9}},"type":"if","locations":[{"start":{"line":312,"column":8},"end":{"line":314,"column":9}}]}},"s":{"0":3,"1":3,"2":3,"3":17,"4":1,"5":1,"6":1,"7":1,"8":1,"9":0,"10":1,"11":1,"12":1,"13":1,"14":1,"15":1,"16":0,"17":1,"18":0,"19":0,"20":0,"21":0,"22":0,"23":0,"24":0,"25":4,"26":4,"27":4,"28":4,"29":4,"30":0,"31":4,"32":1,"33":1,"34":1,"35":1,"36":1,"37":0,"38":1,"39":4,"40":4,"41":4,"42":4,"43":4,"44":1,"45":3,"46":1,"47":1,"48":1,"49":1,"50":1,"51":0,"52":1,"53":2,"54":2,"55":0,"56":2,"57":2,"58":2,"59":0,"60":2,"61":2,"62":2,"63":0,"64":2,"65":2,"66":2,"67":2,"68":2,"69":0,"70":2,"71":2,"72":0,"73":2,"74":2,"75":2,"76":2,"77":2,"78":2,"79":0,"80":2,"81":2,"82":2,"83":2,"84":2,"85":0,"86":2,"87":2,"88":2,"89":2,"90":2,"91":0,"92":0,"93":0,"94":0,"95":0,"96":0,"97":0,"98":0,"99":0,"100":0,"101":0,"102":0,"103":0,"104":0,"105":0,"106":0,"107":0,"108":0,"109":0,"110":0,"111":0,"112":0,"113":0,"114":0,"115":0,"116":0,"117":0,"118":0,"119":0,"120":0,"121":21,"122":21,"123":21,"124":20,"125":20,"126":4,"127":16,"128":16,"129":0,"130":0,"131":0,"132":0,"133":0,"134":0,"135":0,"136":0,"137":0,"138":0,"139":0,"140":0,"141":0,"142":0,"143":0,"144":0,"145":0,"146":0,"147":0,"148":0,"149":0,"150":0,"151":0,"152":3},"f":{"0":17,"1":1,"2":1,"3":0,"4":4,"5":1,"6":4,"7":1,"8":2,"9":2,"10":2,"11":2,"12":2,"13":0,"14":0,"15":0,"16":0,"17":21,"18":0,"19":0,"20":0,"21":0,"22":0,"23":0},"b":{"0":[0],"1":[0],"2":[0],"3":[0],"4":[0],"5":[1],"6":[0],"7":[0],"8":[0],"9":[2,0],"10":[0],"11":[0],"12":[0],"13":[2],"14":[0],"15":[0],"16":[0],"17":[0,0],"18":[0],"19":[0],"20":[0],"21":[4],"22":[0],"23":[0],"24":[0]}}
,"/Users/nataliiatiukh/Projects/photogram/Photogram/src/users/usersService.ts": {"path":"/Users/nataliiatiukh/Projects/photogram/Photogram/src/users/usersService.ts","statementMap":{"0":{"start":{"line":4,"column":24},"end":{"line":4,"column":56}},"1":{"start":{"line":7,"column":21},"end":{"line":7,"column":67}},"2":{"start":{"line":8,"column":8},"end":{"line":8,"column":null}},"3":{"start":{"line":12,"column":35},"end":{"line":12,"column":97}},"4":{"start":{"line":13,"column":8},"end":{"line":13,"column":null}},"5":{"start":{"line":17,"column":39},"end":{"line":17,"column":109}},"6":{"start":{"line":18,"column":8},"end":{"line":18,"column":null}},"7":{"start":{"line":22,"column":36},"end":{"line":22,"column":97}},"8":{"start":{"line":23,"column":8},"end":{"line":23,"column":null}},"9":{"start":{"line":27,"column":31},"end":{"line":27,"column":83}},"10":{"start":{"line":28,"column":8},"end":{"line":28,"column":null}},"11":{"start":{"line":32,"column":33},"end":{"line":32,"column":80}},"12":{"start":{"line":33,"column":8},"end":{"line":33,"column":null}},"13":{"start":{"line":37,"column":28},"end":{"line":37,"column":78}},"14":{"start":{"line":38,"column":8},"end":{"line":38,"column":null}},"15":{"start":{"line":42,"column":30},"end":{"line":42,"column":78}},"16":{"start":{"line":43,"column":8},"end":{"line":43,"column":null}},"17":{"start":{"line":47,"column":33},"end":{"line":47,"column":94}},"18":{"start":{"line":48,"column":8},"end":{"line":48,"column":null}},"19":{"start":{"line":52,"column":35},"end":{"line":52,"column":98}},"20":{"start":{"line":53,"column":8},"end":{"line":53,"column":null}},"21":{"start":{"line":57,"column":22},"end":{"line":57,"column":66}},"22":{"start":{"line":58,"column":8},"end":{"line":58,"column":null}},"23":{"start":{"line":62,"column":26},"end":{"line":62,"column":84}},"24":{"start":{"line":63,"column":8},"end":{"line":63,"column":null}},"25":{"start":{"line":67,"column":27},"end":{"line":67,"column":86}},"26":{"start":{"line":68,"column":8},"end":{"line":68,"column":null}},"27":{"start":{"line":3,"column":0},"end":{"line":3,"column":13}}},"fnMap":{"0":{"name":"(anonymous_7)","decl":{"start":{"line":4,"column":4},"end":{"line":4,"column":24}},"loc":{"start":{"line":4,"column":56},"end":{"line":4,"column":60}}},"1":{"name":"(anonymous_8)","decl":{"start":{"line":6,"column":10},"end":{"line":6,"column":21}},"loc":{"start":{"line":6,"column":36},"end":{"line":9,"column":null}}},"2":{"name":"(anonymous_10)","decl":{"start":{"line":11,"column":10},"end":{"line":11,"column":24}},"loc":{"start":{"line":11,"column":60},"end":{"line":14,"column":null}}},"3":{"name":"(anonymous_12)","decl":{"start":{"line":16,"column":10},"end":{"line":16,"column":28}},"loc":{"start":{"line":16,"column":68},"end":{"line":19,"column":null}}},"4":{"name":"(anonymous_14)","decl":{"start":{"line":21,"column":10},"end":{"line":21,"column":27}},"loc":{"start":{"line":21,"column":57},"end":{"line":24,"column":null}}},"5":{"name":"(anonymous_16)","decl":{"start":{"line":26,"column":10},"end":{"line":26,"column":19}},"loc":{"start":{"line":26,"column":51},"end":{"line":29,"column":null}}},"6":{"name":"(anonymous_18)","decl":{"start":{"line":31,"column":10},"end":{"line":31,"column":22}},"loc":{"start":{"line":31,"column":37},"end":{"line":34,"column":null}}},"7":{"name":"(anonymous_20)","decl":{"start":{"line":36,"column":10},"end":{"line":36,"column":20}},"loc":{"start":{"line":36,"column":48},"end":{"line":39,"column":null}}},"8":{"name":"(anonymous_22)","decl":{"start":{"line":41,"column":10},"end":{"line":41,"column":23}},"loc":{"start":{"line":41,"column":38},"end":{"line":44,"column":null}}},"9":{"name":"(anonymous_24)","decl":{"start":{"line":46,"column":10},"end":{"line":46,"column":20}},"loc":{"start":{"line":46,"column":59},"end":{"line":49,"column":null}}},"10":{"name":"(anonymous_26)","decl":{"start":{"line":51,"column":10},"end":{"line":51,"column":22}},"loc":{"start":{"line":51,"column":61},"end":{"line":54,"column":null}}},"11":{"name":"(anonymous_28)","decl":{"start":{"line":56,"column":10},"end":{"line":56,"column":25}},"loc":{"start":{"line":56,"column":25},"end":{"line":59,"column":null}}},"12":{"name":"(anonymous_30)","decl":{"start":{"line":61,"column":10},"end":{"line":61,"column":29}},"loc":{"start":{"line":61,"column":48},"end":{"line":64,"column":null}}},"13":{"name":"(anonymous_32)","decl":{"start":{"line":66,"column":10},"end":{"line":66,"column":30}},"loc":{"start":{"line":66,"column":49},"end":{"line":69,"column":null}}}},"branchMap":{},"s":{"0":17,"1":21,"2":16,"3":1,"4":1,"5":1,"6":1,"7":0,"8":0,"9":4,"10":4,"11":1,"12":1,"13":4,"14":4,"15":1,"16":1,"17":2,"18":2,"19":0,"20":0,"21":0,"22":0,"23":0,"24":0,"25":0,"26":0,"27":3},"f":{"0":17,"1":21,"2":1,"3":1,"4":0,"5":4,"6":1,"7":4,"8":1,"9":2,"10":0,"11":0,"12":0,"13":0},"b":{}}
,"/Users/nataliiatiukh/Projects/photogram/Photogram/src/users/entities/followersEntity.ts": {"path":"/Users/nataliiatiukh/Projects/photogram/Photogram/src/users/entities/followersEntity.ts","statementMap":{"0":{"start":{"line":5,"column":8},"end":{"line":5,"column":null}},"1":{"start":{"line":1,"column":0},"end":{"line":1,"column":13}}},"fnMap":{"0":{"name":"(anonymous_0)","decl":{"start":{"line":4,"column":4},"end":{"line":4,"column":16}},"loc":{"start":{"line":4,"column":34},"end":{"line":6,"column":5}}}},"branchMap":{},"s":{"0":0,"1":3},"f":{"0":0},"b":{}}
,"/Users/nataliiatiukh/Projects/photogram/Photogram/src/users/entities/followingsEntity.ts": {"path":"/Users/nataliiatiukh/Projects/photogram/Photogram/src/users/entities/followingsEntity.ts","statementMap":{"0":{"start":{"line":5,"column":8},"end":{"line":5,"column":null}},"1":{"start":{"line":1,"column":0},"end":{"line":1,"column":13}}},"fnMap":{"0":{"name":"(anonymous_0)","decl":{"start":{"line":4,"column":4},"end":{"line":4,"column":16}},"loc":{"start":{"line":4,"column":34},"end":{"line":6,"column":5}}}},"branchMap":{},"s":{"0":0,"1":3},"f":{"0":0},"b":{}}
,"/Users/nataliiatiukh/Projects/photogram/Photogram/src/users/entities/userEntity.ts": {"path":"/Users/nataliiatiukh/Projects/photogram/Photogram/src/users/entities/userEntity.ts","statementMap":{"0":{"start":{"line":13,"column":8},"end":{"line":13,"column":null}},"1":{"start":{"line":14,"column":8},"end":{"line":14,"column":null}},"2":{"start":{"line":15,"column":8},"end":{"line":15,"column":null}},"3":{"start":{"line":16,"column":8},"end":{"line":16,"column":null}},"4":{"start":{"line":17,"column":8},"end":{"line":17,"column":null}},"5":{"start":{"line":18,"column":8},"end":{"line":18,"column":null}},"6":{"start":{"line":19,"column":8},"end":{"line":19,"column":null}},"7":{"start":{"line":20,"column":8},"end":{"line":20,"column":null}},"8":{"start":{"line":21,"column":8},"end":{"line":21,"column":null}},"9":{"start":{"line":1,"column":0},"end":{"line":1,"column":13}}},"fnMap":{"0":{"name":"(anonymous_0)","decl":{"start":{"line":12,"column":4},"end":{"line":12,"column":16}},"loc":{"start":{"line":12,"column":164},"end":{"line":22,"column":5}}}},"branchMap":{},"s":{"0":16,"1":16,"2":16,"3":16,"4":16,"5":16,"6":16,"7":16,"8":16,"9":3},"f":{"0":16},"b":{}}
}
