TN:
SF:src/auth/authRepository.ts
FN:10,(anonymous_8)
FN:12,(anonymous_9)
FN:28,(anonymous_11)
FN:43,(anonymous_13)
FN:54,(anonymous_15)
FN:72,(anonymous_17)
FN:78,(anonymous_19)
FN:92,(anonymous_21)
FN:115,(anonymous_23)
FN:126,(anonymous_25)
FN:132,(anonymous_27)
FN:155,(anonymous_29)
FN:163,(anonymous_31)
FN:176,(anonymous_33)
FN:225,(anonymous_35)
FN:232,(anonymous_37)
FN:244,(anonymous_39)
FN:256,(anonymous_41)
FNF:18
FNH:17
FNDA:82,(anonymous_8)
FNDA:118,(anonymous_9)
FNDA:121,(anonymous_11)
FNDA:112,(anonymous_13)
FNDA:107,(anonymous_15)
FNDA:113,(anonymous_17)
FNDA:117,(anonymous_19)
FNDA:107,(anonymous_21)
FNDA:214,(anonymous_23)
FNDA:5,(anonymous_25)
FNDA:2,(anonymous_27)
FNDA:6,(anonymous_29)
FNDA:0,(anonymous_31)
FNDA:3,(anonymous_33)
FNDA:1,(anonymous_35)
FNDA:1,(anonymous_37)
FNDA:1,(anonymous_39)
FNDA:6,(anonymous_41)
DA:3,5
DA:4,5
DA:5,5
DA:6,5
DA:9,5
DA:10,82
DA:13,118
DA:14,118
DA:15,118
DA:16,118
DA:17,1
DA:19,117
DA:20,117
DA:21,5
DA:23,112
DA:24,107
DA:25,106
DA:29,121
DA:30,121
DA:31,121
DA:33,121
DA:37,1
DA:40,121
DA:44,112
DA:45,112
DA:46,112
DA:50,112
DA:51,112
DA:55,107
DA:59,107
DA:69,107
DA:73,113
DA:74,113
DA:75,113
DA:79,117
DA:83,117
DA:84,117
DA:88,117
DA:89,112
DA:93,107
DA:94,107
DA:98,107
DA:102,107
DA:107,107
DA:116,214
DA:121,214
DA:122,214
DA:123,214
DA:127,5
DA:128,5
DA:129,5
DA:133,2
DA:137,2
DA:138,2
DA:142,2
DA:144,2
DA:145,2
DA:146,2
DA:147,0
DA:150,2
DA:151,2
DA:152,1
DA:156,6
DA:157,0
DA:159,6
DA:160,6
DA:164,0
DA:169,0
DA:170,0
DA:171,0
DA:172,0
DA:173,0
DA:181,3
DA:185,3
DA:186,3
DA:191,3
DA:192,1
DA:195,2
DA:197,2
DA:198,0
DA:201,2
DA:205,2
DA:206,1
DA:209,1
DA:210,1
DA:215,1
DA:216,1
DA:220,1
DA:221,1
DA:222,0
DA:226,1
DA:227,1
DA:228,1
DA:229,1
DA:233,1
DA:237,1
DA:238,1
DA:239,1
DA:240,1
DA:241,1
DA:245,1
DA:249,1
DA:250,1
DA:251,1
DA:252,1
DA:253,1
DA:257,6
DA:262,6
DA:263,6
DA:267,6
DA:268,6
DA:269,2
DA:272,4
DA:278,4
LF:114
LH:104
BRDA:16,0,0,1
BRDA:20,1,0,5
BRDA:33,2,0,1
BRDA:34,3,0,121
BRDA:34,3,1,121
BRDA:34,3,2,1
BRDA:88,4,0,5
BRDA:142,5,0,0
BRDA:145,6,0,0
BRDA:145,6,1,2
BRDA:145,7,0,2
BRDA:145,7,1,2
BRDA:146,8,0,0
BRDA:151,9,0,1
BRDA:156,10,0,0
BRDA:156,11,0,6
BRDA:156,11,1,6
BRDA:172,12,0,0
BRDA:191,13,0,1
BRDA:195,14,0,0
BRDA:195,14,1,2
BRDA:195,15,0,2
BRDA:195,15,1,2
BRDA:197,16,0,0
BRDA:205,17,0,1
BRDA:221,18,0,1
BRDA:228,19,0,0
BRDA:228,20,0,1
BRDA:228,20,1,1
BRDA:240,21,0,0
BRDA:252,22,0,0
BRDA:268,23,0,2
BRF:32
BRH:22
end_of_record
TN:
SF:src/auth/authService.ts
FN:5,(anonymous_7)
FN:7,(anonymous_8)
FN:13,(anonymous_10)
FN:22,(anonymous_12)
FN:27,(anonymous_14)
FN:35,(anonymous_16)
FN:42,(anonymous_18)
FN:50,(anonymous_20)
FN:63,(anonymous_22)
FNF:9
FNH:8
FNDA:81,(anonymous_7)
FNDA:118,(anonymous_8)
FNDA:2,(anonymous_10)
FNDA:5,(anonymous_12)
FNDA:2,(anonymous_14)
FNDA:6,(anonymous_16)
FNDA:0,(anonymous_18)
FNDA:3,(anonymous_20)
FNDA:1,(anonymous_22)
DA:4,5
DA:5,81
DA:8,118
DA:9,106
DA:10,106
DA:14,2
DA:15,1
DA:16,1
DA:17,1
DA:18,1
DA:19,1
DA:23,5
DA:24,5
DA:28,2
DA:32,2
DA:36,6
DA:39,4
DA:43,0
DA:47,0
DA:55,3
DA:60,1
DA:64,1
DA:65,1
LF:23
LH:21
BRF:0
BRH:0
end_of_record
TN:
SF:src/auth/entity/authCredentialsEntity.ts
FN:6,(anonymous_0)
FNF:1
FNH:1
FNDA:4,(anonymous_0)
DA:1,5
DA:7,4
DA:8,4
DA:9,4
LF:4
LH:4
BRF:0
BRH:0
end_of_record
TN:
SF:src/auth/inputs/signUpUserInput.ts
FN:8,(anonymous_0)
FNF:1
FNH:1
FNDA:127,(anonymous_0)
DA:1,5
DA:9,127
DA:10,127
DA:11,127
DA:12,127
DA:13,127
LF:6
LH:6
BRF:0
BRH:0
end_of_record
TN:
SF:src/chats/chatsRepository.ts
FN:15,(anonymous_7)
FN:17,(anonymous_8)
FN:39,(anonymous_10)
FN:54,(anonymous_12)
FN:69,(anonymous_14)
FN:82,(anonymous_15)
FN:97,(anonymous_17)
FN:110,(anonymous_19)
FN:114,(anonymous_20)
FN:122,(anonymous_21)
FN:135,(anonymous_22)
FN:157,(anonymous_24)
FN:171,(anonymous_26)
FN:187,(anonymous_28)
FN:209,(anonymous_30)
FN:229,(anonymous_32)
FN:244,(anonymous_34)
FN:257,(anonymous_36)
FN:270,(anonymous_38)
FN:283,(anonymous_40)
FN:295,(anonymous_42)
FN:302,(anonymous_43)
FN:318,(anonymous_44)
FN:329,(anonymous_46)
FN:333,(anonymous_47)
FN:344,(anonymous_49)
FN:348,(anonymous_50)
FN:361,(anonymous_52)
FNF:28
FNH:28
FNDA:25,(anonymous_7)
FNDA:6,(anonymous_8)
FNDA:7,(anonymous_10)
FNDA:4,(anonymous_12)
FNDA:4,(anonymous_14)
FNDA:13,(anonymous_15)
FNDA:17,(anonymous_17)
FNDA:18,(anonymous_19)
FNDA:18,(anonymous_20)
FNDA:18,(anonymous_21)
FNDA:21,(anonymous_22)
FNDA:23,(anonymous_24)
FNDA:6,(anonymous_26)
FNDA:2,(anonymous_28)
FNDA:2,(anonymous_30)
FNDA:2,(anonymous_32)
FNDA:1,(anonymous_34)
FNDA:4,(anonymous_36)
FNDA:1,(anonymous_38)
FNDA:6,(anonymous_40)
FNDA:6,(anonymous_42)
FNDA:6,(anonymous_43)
FNDA:6,(anonymous_44)
FNDA:2,(anonymous_46)
FNDA:6,(anonymous_47)
FNDA:4,(anonymous_49)
FNDA:1,(anonymous_50)
FNDA:1,(anonymous_52)
DA:2,2
DA:10,2
DA:11,2
DA:12,2
DA:14,2
DA:15,25
DA:18,6
DA:19,6
DA:20,6
DA:25,6
DA:29,6
DA:30,1
DA:31,5
DA:33,5
DA:34,5
DA:35,5
DA:36,5
DA:40,7
DA:45,7
DA:46,7
DA:50,7
DA:51,2
DA:55,4
DA:60,4
DA:62,4
DA:66,4
DA:68,4
DA:70,4
DA:79,4
DA:83,13
DA:84,13
DA:85,13
DA:89,13
DA:90,13
DA:91,13
DA:92,13
DA:93,13
DA:94,13
DA:98,17
DA:103,17
DA:104,17
DA:108,17
DA:110,18
DA:111,17
DA:114,18
DA:117,17
DA:121,17
DA:123,18
DA:132,17
DA:140,21
DA:144,21
DA:145,21
DA:149,21
DA:150,1
DA:151,20
DA:152,20
DA:153,20
DA:154,20
DA:158,23
DA:163,23
DA:164,23
DA:167,23
DA:168,2
DA:172,6
DA:177,6
DA:178,6
DA:181,6
DA:182,0
DA:184,6
DA:192,2
DA:196,2
DA:197,2
DA:201,2
DA:202,1
DA:203,1
DA:204,1
DA:205,1
DA:206,1
DA:210,2
DA:214,2
DA:216,2
DA:220,2
DA:221,1
DA:223,1
DA:224,1
DA:225,1
DA:226,1
DA:230,2
DA:235,2
DA:236,2
DA:240,2
DA:241,1
DA:245,1
DA:250,1
DA:251,1
DA:252,1
DA:253,1
DA:254,1
DA:258,4
DA:263,4
DA:264,4
DA:265,4
DA:266,4
DA:267,4
DA:271,1
DA:276,1
DA:277,1
DA:278,1
DA:279,1
DA:280,1
DA:284,6
DA:285,6
DA:286,6
DA:287,6
DA:288,0
DA:290,6
DA:292,6
DA:295,6
DA:297,6
DA:301,6
DA:303,6
DA:314,6
DA:315,6
DA:319,6
DA:324,6
DA:325,6
DA:329,6
DA:330,6
DA:334,6
DA:339,6
DA:340,6
DA:344,6
DA:345,6
DA:349,1
DA:353,1
DA:354,1
DA:355,1
DA:356,1
DA:357,1
DA:358,1
DA:362,1
DA:366,1
DA:367,1
DA:368,1
DA:369,1
DA:370,1
LF:146
LH:144
BRDA:29,0,0,1
BRDA:35,1,0,0
BRDA:50,2,0,5
BRDA:66,3,0,0
BRDA:93,4,0,0
BRDA:108,5,0,0
BRDA:149,6,0,1
BRDA:153,7,0,0
BRDA:167,8,0,21
BRDA:181,9,0,0
BRDA:201,10,0,1
BRDA:205,11,0,0
BRDA:220,12,0,1
BRDA:225,13,0,0
BRDA:240,14,0,1
BRDA:253,15,0,0
BRDA:266,16,0,0
BRDA:279,17,0,0
BRDA:287,18,0,0
BRDA:357,19,0,0
BRDA:369,20,0,0
BRF:21
BRH:7
end_of_record
TN:
SF:src/chats/chatsService.ts
FN:4,(anonymous_7)
FN:6,(anonymous_8)
FN:14,(anonymous_10)
FN:19,(anonymous_12)
FN:27,(anonymous_14)
FN:32,(anonymous_16)
FN:45,(anonymous_18)
FN:52,(anonymous_20)
FN:66,(anonymous_22)
FN:74,(anonymous_24)
FN:83,(anonymous_26)
FN:92,(anonymous_28)
FN:100,(anonymous_30)
FN:105,(anonymous_32)
FNF:14
FNH:14
FNDA:24,(anonymous_7)
FNDA:6,(anonymous_8)
FNDA:4,(anonymous_10)
FNDA:13,(anonymous_12)
FNDA:17,(anonymous_14)
FNDA:8,(anonymous_16)
FNDA:6,(anonymous_18)
FNDA:2,(anonymous_20)
FNDA:2,(anonymous_22)
FNDA:1,(anonymous_24)
FNDA:4,(anonymous_26)
FNDA:1,(anonymous_28)
FNDA:6,(anonymous_30)
FNDA:1,(anonymous_32)
DA:3,2
DA:4,24
DA:7,6
DA:11,5
DA:15,4
DA:16,4
DA:20,13
DA:24,13
DA:28,17
DA:29,17
DA:37,8
DA:42,7
DA:46,6
DA:49,6
DA:58,2
DA:63,1
DA:67,2
DA:71,1
DA:75,1
DA:80,1
DA:84,4
DA:89,4
DA:93,1
DA:97,1
DA:101,6
DA:102,6
DA:107,1
DA:108,1
LF:28
LH:28
BRF:0
BRH:0
end_of_record
TN:
SF:src/chats/entities/chatEntity.ts
FN:11,(anonymous_0)
FNF:1
FNH:1
FNDA:6,(anonymous_0)
DA:1,2
DA:21,6
DA:22,6
DA:23,6
DA:24,6
DA:25,6
DA:26,6
DA:27,6
DA:28,6
LF:9
LH:9
BRF:0
BRH:0
end_of_record
TN:
SF:src/chats/entities/groupChatEntity.ts
FN:9,(anonymous_0)
FNF:1
FNH:1
FNDA:18,(anonymous_0)
DA:1,2
DA:17,18
LF:2
LH:2
BRF:0
BRH:0
end_of_record
TN:
SF:src/chats/entities/oneToOneChatEntity.ts
FN:8,(anonymous_0)
FNF:1
FNH:1
FNDA:4,(anonymous_0)
DA:1,2
DA:15,4
DA:16,4
DA:17,4
DA:18,4
DA:19,4
LF:6
LH:6
BRF:0
BRH:0
end_of_record
TN:
SF:src/common/connection.ts
FNF:0
FNH:0
DA:1,5
DA:3,5
LF:2
LH:2
BRF:0
BRH:0
end_of_record
TN:
SF:src/messages/messagesRepository.ts
FN:12,(anonymous_7)
FN:14,(anonymous_8)
FN:43,(anonymous_10)
FN:58,(anonymous_12)
FN:80,(anonymous_14)
FN:98,(anonymous_15)
FN:112,(anonymous_17)
FN:126,(anonymous_19)
FN:138,(anonymous_21)
FNF:9
FNH:8
FNDA:6,(anonymous_7)
FNDA:5,(anonymous_8)
FNDA:5,(anonymous_10)
FNDA:5,(anonymous_12)
FNDA:5,(anonymous_14)
FNDA:5,(anonymous_15)
FNDA:5,(anonymous_17)
FNDA:0,(anonymous_19)
FNDA:1,(anonymous_21)
DA:2,1
DA:9,1
DA:11,1
DA:12,6
DA:15,5
DA:16,5
DA:17,5
DA:18,5
DA:22,5
DA:33,5
DA:34,5
DA:35,1
DA:37,4
DA:38,4
DA:39,4
DA:40,4
DA:44,5
DA:49,5
DA:50,5
DA:54,5
DA:55,4
DA:59,5
DA:64,5
DA:66,5
DA:68,5
DA:70,5
DA:71,1
DA:72,4
DA:76,4
DA:77,1
DA:79,3
DA:81,5
DA:95,3
DA:99,5
DA:104,5
DA:105,5
DA:108,5
DA:109,1
DA:113,5
DA:118,5
DA:119,5
DA:122,5
DA:123,3
DA:127,0
DA:131,0
DA:132,0
DA:133,0
DA:134,0
DA:135,0
DA:139,1
DA:144,1
DA:145,1
DA:146,1
DA:147,1
DA:148,1
LF:55
LH:49
BRDA:34,0,0,1
BRDA:39,1,0,0
BRDA:54,2,0,1
BRDA:70,3,0,1
BRDA:70,4,0,5
BRDA:70,4,1,4
BRDA:76,5,0,1
BRDA:108,6,0,4
BRDA:122,7,0,2
BRDA:134,8,0,0
BRDA:147,9,0,0
BRF:11
BRH:8
end_of_record
TN:
SF:src/messages/messagesService.ts
FN:4,(anonymous_7)
FN:6,(anonymous_8)
FN:15,(anonymous_10)
FN:23,(anonymous_12)
FN:31,(anonymous_14)
FNF:5
FNH:4
FNDA:6,(anonymous_7)
FNDA:5,(anonymous_8)
FNDA:5,(anonymous_10)
FNDA:0,(anonymous_12)
FNDA:1,(anonymous_14)
DA:3,1
DA:4,6
DA:7,5
DA:12,4
DA:16,5
DA:20,3
DA:24,0
DA:28,0
DA:32,1
DA:33,1
LF:10
LH:8
BRF:0
BRH:0
end_of_record
TN:
SF:src/messages/entities/allMessagesEntity.ts
FN:13,(anonymous_0)
FNF:1
FNH:1
FNDA:5,(anonymous_0)
DA:1,1
DA:25,5
DA:26,5
DA:27,5
DA:28,5
DA:29,5
DA:30,5
DA:31,5
DA:32,5
DA:33,5
DA:34,5
LF:11
LH:11
BRF:0
BRH:0
end_of_record
TN:
SF:src/photos/photosRepository.ts
FN:19,(anonymous_7)
FN:21,(anonymous_8)
FN:47,(anonymous_10)
FN:61,(anonymous_12)
FN:77,(anonymous_14)
FN:96,(anonymous_15)
FN:113,(anonymous_17)
FN:128,(anonymous_19)
FN:143,(anonymous_21)
FN:157,(anonymous_23)
FN:179,(anonymous_25)
FN:192,(anonymous_27)
FN:207,(anonymous_29)
FN:232,(anonymous_31)
FN:244,(anonymous_33)
FN:260,(anonymous_35)
FN:266,(anonymous_36)
FN:285,(anonymous_38)
FN:300,(anonymous_40)
FN:314,(anonymous_42)
FN:331,(anonymous_44)
FN:343,(anonymous_46)
FN:359,(anonymous_48)
FN:364,(anonymous_49)
FN:390,(anonymous_51)
FN:402,(anonymous_53)
FN:417,(anonymous_55)
FN:422,(anonymous_56)
FN:437,(anonymous_58)
FN:454,(anonymous_60)
FN:467,(anonymous_62)
FN:480,(anonymous_64)
FN:493,(anonymous_66)
FN:503,(anonymous_68)
FN:521,(anonymous_69)
FN:535,(anonymous_71)
FN:553,(anonymous_72)
FN:567,(anonymous_74)
FN:585,(anonymous_75)
FN:603,(anonymous_77)
FN:617,(anonymous_79)
FNF:41
FNH:41
FNDA:22,(anonymous_7)
FNDA:37,(anonymous_8)
FNDA:37,(anonymous_10)
FNDA:17,(anonymous_12)
FNDA:26,(anonymous_14)
FNDA:1,(anonymous_15)
FNDA:7,(anonymous_17)
FNDA:1,(anonymous_19)
FNDA:8,(anonymous_21)
FNDA:8,(anonymous_23)
FNDA:8,(anonymous_25)
FNDA:9,(anonymous_27)
FNDA:1,(anonymous_29)
FNDA:1,(anonymous_31)
FNDA:3,(anonymous_33)
FNDA:4,(anonymous_35)
FNDA:4,(anonymous_36)
FNDA:4,(anonymous_38)
FNDA:4,(anonymous_40)
FNDA:1,(anonymous_42)
FNDA:1,(anonymous_44)
FNDA:3,(anonymous_46)
FNDA:3,(anonymous_48)
FNDA:6,(anonymous_49)
FNDA:6,(anonymous_51)
FNDA:3,(anonymous_53)
FNDA:3,(anonymous_55)
FNDA:9,(anonymous_56)
FNDA:3,(anonymous_58)
FNDA:3,(anonymous_60)
FNDA:1,(anonymous_62)
FNDA:1,(anonymous_64)
FNDA:1,(anonymous_66)
FNDA:2,(anonymous_68)
FNDA:1,(anonymous_69)
FNDA:2,(anonymous_71)
FNDA:1,(anonymous_72)
FNDA:2,(anonymous_74)
FNDA:1,(anonymous_75)
FNDA:2,(anonymous_77)
FNDA:1,(anonymous_79)
DA:2,1
DA:3,1
DA:4,1
DA:5,1
DA:16,1
DA:18,1
DA:19,22
DA:22,37
DA:23,37
DA:28,37
DA:41,37
DA:42,37
DA:43,37
DA:44,37
DA:48,37
DA:53,37
DA:54,37
DA:55,37
DA:56,37
DA:57,28
DA:62,17
DA:67,17
DA:68,17
DA:72,17
DA:73,1
DA:76,16
DA:78,26
DA:93,16
DA:101,1
DA:106,1
DA:107,1
DA:108,1
DA:109,1
DA:110,1
DA:114,7
DA:119,7
DA:120,7
DA:121,7
DA:122,7
DA:123,7
DA:124,7
DA:125,7
DA:129,1
DA:134,1
DA:135,1
DA:136,1
DA:137,1
DA:138,1
DA:139,1
DA:140,1
DA:144,8
DA:148,8
DA:149,8
DA:153,8
DA:154,8
DA:158,8
DA:163,8
DA:165,8
DA:169,8
DA:170,8
DA:171,8
DA:173,8
DA:174,8
DA:175,8
DA:176,8
DA:180,8
DA:181,8
DA:185,8
DA:186,8
DA:187,8
DA:188,8
DA:189,8
DA:193,9
DA:198,9
DA:199,9
DA:203,9
DA:204,1
DA:208,1
DA:213,1
DA:215,1
DA:219,1
DA:220,1
DA:224,1
DA:226,1
DA:227,1
DA:228,1
DA:229,1
DA:233,1
DA:237,1
DA:238,1
DA:239,1
DA:240,1
DA:241,1
DA:245,3
DA:250,3
DA:251,3
DA:255,3
DA:256,1
DA:259,2
DA:261,4
DA:263,2
DA:267,4
DA:272,4
DA:274,4
DA:275,4
DA:276,4
DA:277,4
DA:279,4
DA:280,4
DA:281,4
DA:282,4
DA:286,4
DA:287,4
DA:289,4
DA:293,4
DA:294,4
DA:295,4
DA:296,4
DA:297,4
DA:301,4
DA:305,4
DA:306,4
DA:310,4
DA:311,4
DA:315,1
DA:320,1
DA:322,1
DA:323,1
DA:325,1
DA:326,1
DA:327,1
DA:328,1
DA:332,1
DA:336,1
DA:337,1
DA:338,1
DA:339,1
DA:340,1
DA:344,3
DA:349,3
DA:350,3
DA:354,3
DA:355,1
DA:358,2
DA:359,3
DA:361,2
DA:369,6
DA:374,6
DA:376,6
DA:380,6
DA:381,6
DA:382,6
DA:384,6
DA:385,6
DA:386,6
DA:387,6
DA:391,6
DA:395,6
DA:396,6
DA:397,6
DA:398,6
DA:399,6
DA:403,3
DA:407,3
DA:408,3
DA:412,3
DA:413,1
DA:416,2
DA:417,3
DA:419,2
DA:423,9
DA:428,9
DA:429,9
DA:433,9
DA:434,3
DA:438,3
DA:442,3
DA:443,3
DA:447,3
DA:448,3
DA:449,3
DA:450,3
DA:451,3
DA:455,3
DA:459,3
DA:460,3
DA:464,3
DA:468,1
DA:473,1
DA:474,1
DA:475,1
DA:476,1
DA:477,1
DA:481,1
DA:485,1
DA:486,1
DA:487,1
DA:488,1
DA:489,1
DA:494,1
DA:499,1
DA:500,1
DA:502,1
DA:504,2
DA:518,1
DA:522,1
DA:527,1
DA:528,1
DA:532,1
DA:534,1
DA:536,2
DA:550,1
DA:554,1
DA:559,1
DA:560,1
DA:564,1
DA:566,1
DA:568,2
DA:582,1
DA:586,1
DA:591,1
DA:593,1
DA:597,1
DA:599,1
DA:600,1
DA:604,2
DA:609,2
DA:611,2
DA:612,2
DA:613,2
DA:614,2
DA:618,1
DA:623,1
DA:625,1
DA:629,1
DA:631,1
DA:632,1
LF:237
LH:237
BRDA:43,0,0,0
BRDA:56,1,0,9
BRDA:72,2,0,1
BRDA:109,3,0,0
BRDA:121,4,0,0
BRDA:124,5,0,0
BRDA:136,6,0,0
BRDA:139,7,0,0
BRDA:153,8,0,0
BRDA:154,9,0,0
BRDA:154,9,1,8
BRDA:154,10,0,8
BRDA:154,10,1,8
BRDA:169,11,0,0
BRDA:171,12,0,0
BRDA:175,13,0,0
BRDA:188,14,0,0
BRDA:203,15,0,8
BRDA:219,16,0,0
BRDA:224,17,0,0
BRDA:228,18,0,0
BRDA:240,19,0,0
BRDA:255,20,0,1
BRDA:275,21,0,0
BRDA:277,22,0,0
BRDA:281,23,0,0
BRDA:296,24,0,0
BRDA:310,25,0,0
BRDA:323,26,0,0
BRDA:327,27,0,0
BRDA:339,28,0,0
BRDA:354,29,0,1
BRDA:380,30,0,0
BRDA:382,31,0,0
BRDA:386,32,0,0
BRDA:398,33,0,0
BRDA:412,34,0,1
BRDA:433,35,0,6
BRDA:447,36,0,0
BRDA:450,37,0,0
BRDA:476,38,0,0
BRDA:488,39,0,0
BRDA:500,40,0,0
BRDA:532,41,0,0
BRDA:564,42,0,0
BRDA:597,43,0,0
BRDA:599,44,0,0
BRDA:599,44,1,1
BRDA:599,45,0,1
BRDA:599,45,1,1
BRDA:613,46,0,0
BRDA:629,47,0,0
BRDA:631,48,0,0
BRDA:631,48,1,1
BRDA:631,49,0,1
BRDA:631,49,1,1
BRF:56
BRH:16
end_of_record
TN:
SF:src/photos/photosService.ts
FN:4,(anonymous_7)
FN:6,(anonymous_8)
FN:19,(anonymous_10)
FN:24,(anonymous_12)
FN:38,(anonymous_14)
FN:46,(anonymous_16)
FN:54,(anonymous_18)
FN:62,(anonymous_20)
FN:70,(anonymous_22)
FN:77,(anonymous_24)
FN:82,(anonymous_26)
FN:87,(anonymous_28)
FN:95,(anonymous_30)
FN:108,(anonymous_32)
FN:115,(anonymous_34)
FN:134,(anonymous_36)
FN:139,(anonymous_38)
FN:144,(anonymous_40)
FN:149,(anonymous_42)
FN:156,(anonymous_44)
FN:164,(anonymous_46)
FN:169,(anonymous_48)
FNF:22
FNH:22
FNDA:22,(anonymous_7)
FNDA:37,(anonymous_8)
FNDA:17,(anonymous_10)
FNDA:1,(anonymous_12)
FNDA:7,(anonymous_14)
FNDA:1,(anonymous_16)
FNDA:8,(anonymous_18)
FNDA:1,(anonymous_20)
FNDA:3,(anonymous_22)
FNDA:4,(anonymous_24)
FNDA:3,(anonymous_26)
FNDA:1,(anonymous_28)
FNDA:6,(anonymous_30)
FNDA:3,(anonymous_32)
FNDA:3,(anonymous_34)
FNDA:1,(anonymous_36)
FNDA:1,(anonymous_38)
FNDA:1,(anonymous_40)
FNDA:1,(anonymous_42)
FNDA:1,(anonymous_44)
FNDA:2,(anonymous_46)
FNDA:1,(anonymous_48)
DA:3,1
DA:4,22
DA:7,37
DA:12,37
DA:15,37
DA:16,28
DA:20,17
DA:21,16
DA:30,1
DA:35,1
DA:39,7
DA:43,7
DA:47,1
DA:51,1
DA:55,8
DA:59,8
DA:63,1
DA:67,1
DA:71,3
DA:74,2
DA:78,4
DA:79,4
DA:83,3
DA:84,2
DA:88,1
DA:92,1
DA:100,6
DA:105,6
DA:109,3
DA:112,2
DA:121,3
DA:126,3
DA:127,3
DA:128,1
DA:131,3
DA:135,1
DA:136,1
DA:140,1
DA:141,1
DA:145,1
DA:146,1
DA:150,1
DA:153,1
DA:157,1
DA:161,1
DA:165,2
DA:166,2
DA:170,1
DA:174,1
LF:49
LH:49
BRDA:15,0,0,9
BRDA:127,1,0,1
BRF:2
BRH:2
end_of_record
TN:
SF:src/photos/entity/markedUsersEntity.ts
FN:4,(anonymous_0)
FNF:1
FNH:1
FNDA:3,(anonymous_0)
DA:1,1
DA:5,3
LF:2
LH:2
BRF:0
BRH:0
end_of_record
TN:
SF:src/photos/entity/photoLikeEntity.ts
FN:6,(anonymous_0)
FNF:1
FNH:1
FNDA:3,(anonymous_0)
DA:1,1
DA:7,3
LF:2
LH:2
BRF:0
BRH:0
end_of_record
TN:
SF:src/photos/entity/savedContentEntity.ts
FN:6,(anonymous_0)
FNF:1
FNH:1
FNDA:4,(anonymous_0)
DA:1,1
DA:7,4
DA:8,4
DA:9,4
LF:4
LH:4
BRF:0
BRH:0
end_of_record
TN:
SF:src/photos/entity/userPhotoEntity.ts
FN:14,(anonymous_0)
FNF:1
FNH:1
FNDA:32,(anonymous_0)
DA:1,1
DA:27,32
DA:28,32
DA:29,32
DA:30,32
DA:31,32
DA:32,32
DA:33,32
DA:34,32
DA:35,32
DA:36,32
LF:11
LH:11
BRF:0
BRH:0
end_of_record
TN:
SF:src/users/usersRepository.ts
FN:11,(anonymous_7)
FN:13,(anonymous_8)
FN:28,(anonymous_10)
FN:43,(anonymous_12)
FN:60,(anonymous_14)
FN:75,(anonymous_16)
FN:89,(anonymous_18)
FN:103,(anonymous_20)
FN:116,(anonymous_22)
FN:130,(anonymous_24)
FN:142,(anonymous_26)
FN:158,(anonymous_28)
FN:173,(anonymous_30)
FN:186,(anonymous_32)
FN:197,(anonymous_34)
FN:211,(anonymous_36)
FN:224,(anonymous_38)
FN:237,(anonymous_40)
FN:249,(anonymous_42)
FN:276,(anonymous_44)
FN:287,(anonymous_46)
FN:304,(anonymous_47)
FN:316,(anonymous_49)
FN:325,(anonymous_50)
FN:337,(anonymous_52)
FNF:25
FNH:22
FNDA:30,(anonymous_7)
FNDA:3,(anonymous_8)
FNDA:3,(anonymous_10)
FNDA:2,(anonymous_12)
FNDA:5,(anonymous_14)
FNDA:4,(anonymous_16)
FNDA:1,(anonymous_18)
FNDA:4,(anonymous_20)
FNDA:1,(anonymous_22)
FNDA:8,(anonymous_24)
FNDA:8,(anonymous_26)
FNDA:8,(anonymous_28)
FNDA:9,(anonymous_30)
FNDA:7,(anonymous_32)
FNDA:1,(anonymous_34)
FNDA:0,(anonymous_36)
FNDA:0,(anonymous_38)
FNDA:0,(anonymous_40)
FNDA:22,(anonymous_42)
FNDA:2,(anonymous_44)
FNDA:2,(anonymous_46)
FNDA:2,(anonymous_47)
FNDA:2,(anonymous_49)
FNDA:2,(anonymous_50)
FNDA:3,(anonymous_52)
DA:5,3
DA:6,3
DA:7,3
DA:10,3
DA:11,30
DA:14,3
DA:19,3
DA:20,3
DA:22,2
DA:23,2
DA:24,2
DA:25,1
DA:29,3
DA:34,3
DA:35,3
DA:37,2
DA:38,2
DA:39,2
DA:40,1
DA:44,2
DA:49,2
DA:51,2
DA:52,2
DA:54,1
DA:55,1
DA:56,1
DA:57,1
DA:61,5
DA:62,5
DA:63,5
DA:65,5
DA:69,1
DA:72,5
DA:76,4
DA:81,4
DA:83,4
DA:84,4
DA:85,4
DA:86,4
DA:90,1
DA:95,1
DA:97,1
DA:98,1
DA:99,1
DA:100,1
DA:104,4
DA:109,4
DA:110,4
DA:111,4
DA:112,4
DA:113,4
DA:117,1
DA:122,1
DA:123,1
DA:124,1
DA:125,1
DA:126,1
DA:131,8
DA:132,8
DA:133,0
DA:135,8
DA:136,8
DA:137,8
DA:138,7
DA:139,7
DA:143,8
DA:145,8
DA:150,8
DA:152,8
DA:153,8
DA:154,8
DA:155,5
DA:159,8
DA:161,8
DA:166,8
DA:167,8
DA:168,8
DA:169,8
DA:170,1
DA:174,9
DA:179,9
DA:180,9
DA:181,9
DA:182,9
DA:183,9
DA:187,7
DA:189,7
DA:193,7
DA:194,7
DA:198,1
DA:199,1
DA:200,1
DA:203,0
DA:204,0
DA:205,0
DA:206,0
DA:207,0
DA:212,0
DA:217,0
DA:218,0
DA:219,0
DA:220,0
DA:221,0
DA:225,0
DA:230,0
DA:231,0
DA:232,0
DA:233,0
DA:234,0
DA:238,0
DA:242,0
DA:243,0
DA:244,0
DA:245,0
DA:246,0
DA:250,22
DA:255,22
DA:256,22
DA:257,21
DA:258,21
DA:259,3
DA:262,18
DA:273,18
DA:277,2
DA:281,2
DA:283,2
DA:284,1
DA:287,1
DA:288,2
DA:301,1
DA:305,2
DA:310,2
DA:311,2
DA:312,2
DA:313,1
DA:316,1
DA:317,2
DA:322,1
DA:326,2
DA:331,2
DA:332,2
DA:333,2
DA:334,1
DA:337,1
DA:338,3
DA:343,1
LF:146
LH:122
BRDA:20,0,0,1
BRDA:24,1,0,1
BRDA:35,2,0,1
BRDA:39,3,0,1
BRDA:52,4,0,1
BRDA:56,5,0,0
BRDA:65,6,0,1
BRDA:66,7,0,5
BRDA:66,7,1,5
BRDA:66,7,2,1
BRDA:85,8,0,0
BRDA:99,9,0,0
BRDA:112,10,0,0
BRDA:125,11,0,0
BRDA:132,12,0,0
BRDA:137,13,0,1
BRDA:137,14,0,8
BRDA:137,14,1,1
BRDA:143,15,0,0
BRDA:154,16,0,3
BRDA:159,17,0,0
BRDA:169,18,0,7
BRDA:182,19,0,0
BRDA:199,20,0,1
BRDA:205,21,0,0
BRDA:205,22,0,0
BRDA:205,22,1,0
BRDA:220,23,0,0
BRDA:233,24,0,0
BRDA:245,25,0,0
BRDA:258,26,0,3
BRDA:283,27,0,1
BRDA:312,28,0,1
BRDA:333,29,0,1
BRF:34
BRH:19
end_of_record
TN:
SF:src/users/usersService.ts
FN:4,(anonymous_7)
FN:6,(anonymous_8)
FN:11,(anonymous_10)
FN:16,(anonymous_12)
FN:21,(anonymous_14)
FN:26,(anonymous_16)
FN:31,(anonymous_18)
FN:36,(anonymous_20)
FN:41,(anonymous_22)
FN:46,(anonymous_24)
FN:51,(anonymous_26)
FN:56,(anonymous_28)
FN:61,(anonymous_30)
FN:66,(anonymous_32)
FNF:14
FNH:14
FNDA:29,(anonymous_7)
FNDA:22,(anonymous_8)
FNDA:3,(anonymous_10)
FNDA:3,(anonymous_12)
FNDA:2,(anonymous_14)
FNDA:4,(anonymous_16)
FNDA:1,(anonymous_18)
FNDA:4,(anonymous_20)
FNDA:1,(anonymous_22)
FNDA:8,(anonymous_24)
FNDA:1,(anonymous_26)
FNDA:2,(anonymous_28)
FNDA:2,(anonymous_30)
FNDA:2,(anonymous_32)
DA:3,3
DA:4,29
DA:7,22
DA:8,18
DA:12,3
DA:13,2
DA:17,3
DA:18,2
DA:22,2
DA:23,1
DA:27,4
DA:28,4
DA:32,1
DA:33,1
DA:37,4
DA:38,4
DA:42,1
DA:43,1
DA:47,8
DA:48,8
DA:52,1
DA:53,0
DA:57,2
DA:58,1
DA:62,2
DA:63,1
DA:67,2
DA:68,1
LF:28
LH:27
BRF:0
BRH:0
end_of_record
TN:
SF:src/users/entities/followersEntity.ts
FN:4,(anonymous_0)
FNF:1
FNH:1
FNDA:2,(anonymous_0)
DA:1,3
DA:5,2
LF:2
LH:2
BRF:0
BRH:0
end_of_record
TN:
SF:src/users/entities/followingsEntity.ts
FN:4,(anonymous_0)
FNF:1
FNH:1
FNDA:3,(anonymous_0)
DA:1,3
DA:5,3
LF:2
LH:2
BRF:0
BRH:0
end_of_record
TN:
SF:src/users/entities/userEntity.ts
FN:12,(anonymous_0)
FNF:1
FNH:1
FNDA:20,(anonymous_0)
DA:1,3
DA:13,20
DA:14,20
DA:15,20
DA:16,20
DA:17,20
DA:18,20
DA:19,20
DA:20,20
DA:21,20
LF:10
LH:10
BRF:0
BRH:0
end_of_record
